*******************************************************************
* Genome-wide Complex Trait Analysis (GCTA)
* version v1.94.1 Linux
* Built at Nov 15 2022 21:14:25, by GCC 8.5
* (C) 2010-present, Yang Lab, Westlake University
* Please report bugs to Jian Yang <jian.yang@westlake.edu.cn>
*******************************************************************
Analysis started at 14:07:07 CET on Tue Dec 20 2022.
Hostname: CGF-C9X299-PG300F

Accepted options:
--grm ../meala.penicilin
--pheno simu.pheno.4
--thread-num 5
--reml
--extract ../mela.penicillin.snplist
--out CauOUT.simu.pheno.4

Note: the program will be running on 5 threads.

Reading IDs of the GRM from [../meala.penicilin.grm.id].
3051 IDs are read from [../meala.penicilin.grm.id].
Reading the GRM from [../meala.penicilin.grm.bin].
GRM for 3051 individuals are included from [../meala.penicilin.grm.bin].
Reading phenotypes from [simu.pheno.4].
Non-missing phenotypes of 3051 individuals are included from [simu.pheno.4].

3051 individuals are in common in these files.

Performing  REML analysis ... (Note: may take hours depending on sample size).
3051 observations, 1 fixed effect(s), and 2 variance component(s)(including residual variance).
Calculating prior values of variance components by EM-REML ...
Updated prior values: 2.37696 1.11963
logL: -2263.51
Running AI-REML algorithm ...
Iter.	logL	V(G)	V(e)	
1	-1826.46	1.34560	1.08457	
2	-1793.44	1.13035	1.06015	
3	-1786.90	1.02762	1.04408	
4	-1784.41	0.96990	1.03341	
5	-1783.37	0.93484	1.02627	
6	-1782.92	0.91260	1.02146	
7	-1782.71	0.86670	1.01117	
8	-1782.54	0.86834	1.01128	
9	-1782.54	0.86836	1.01127	
10	-1782.54	0.86836	1.01127	
Log-likelihood ratio converged.

Calculating the logLikelihood for the reduced model ...
(variance component 1 is dropped from the model)
Calculating prior values of variance components by EM-REML ...
Updated prior values: 4.99117
logL: -3980.71012
Running AI-REML algorithm ...
Iter.	logL	V(e)	
1	-3980.71	4.99117	
Log-likelihood ratio converged.

Summary result of REML analysis:
Source	Variance	SE
V(G)	0.868358	0.103991
V(e)	1.011275	0.027447
Vp	1.879633	0.104265
V(G)/Vp	0.461983	0.031313

Sampling variance/covariance of the estimates of variance components:
1.081420e-02	-3.482086e-04	
-3.482086e-04	7.533480e-04	

Summary result of REML analysis has been saved in the file [CauOUT.simu.pheno.4.hsq].

Analysis finished at 14:07:10 CET on Tue Dec 20 2022
Overall computational time: 3.43 sec.
