*******************************************************************
* Genome-wide Complex Trait Analysis (GCTA)
* version v1.94.1 Linux
* Built at Nov 15 2022 21:14:25, by GCC 8.5
* (C) 2010-present, Yang Lab, Westlake University
* Please report bugs to Jian Yang <jian.yang@westlake.edu.cn>
*******************************************************************
Analysis started at 14:06:07 CET on Tue Dec 20 2022.
Hostname: CGF-C9X299-PG300F

Accepted options:
--grm ../meala.penicilin
--pheno simu.pheno.21
--thread-num 5
--reml
--extract ../mela.penicillin.snplist
--out CauOUT.simu.pheno.21

Note: the program will be running on 5 threads.

Reading IDs of the GRM from [../meala.penicilin.grm.id].
3051 IDs are read from [../meala.penicilin.grm.id].
Reading the GRM from [../meala.penicilin.grm.bin].
GRM for 3051 individuals are included from [../meala.penicilin.grm.bin].
Reading phenotypes from [simu.pheno.21].
Non-missing phenotypes of 3051 individuals are included from [simu.pheno.21].

3051 individuals are in common in these files.

Performing  REML analysis ... (Note: may take hours depending on sample size).
3051 observations, 1 fixed effect(s), and 2 variance component(s)(including residual variance).
Calculating prior values of variance components by EM-REML ...
Updated prior values: 2.35998 1.11627
logL: -2266.54
Running AI-REML algorithm ...
Iter.	logL	V(G)	V(e)	
1	-1849.24	2.04724	1.07218	
2	-1839.61	1.89284	1.04470	
3	-1835.77	1.80478	1.02701	
4	-1834.12	1.75090	1.01539	
5	-1833.40	1.71659	1.00765	
6	-1833.07	1.64580	0.99119	
7	-1832.79	1.64873	0.99143	
8	-1832.79	1.64872	0.99143	
9	-1832.79	1.64872	0.99143	
Log-likelihood ratio converged.

Calculating the logLikelihood for the reduced model ...
(variance component 1 is dropped from the model)
Calculating prior values of variance components by EM-REML ...
Updated prior values: 4.86946
logL: -3943.06057
Running AI-REML algorithm ...
Iter.	logL	V(e)	
1	-3943.06	4.86946	
Log-likelihood ratio converged.

Summary result of REML analysis:
Source	Variance	SE
V(G)	1.648720	0.170818
V(e)	0.991431	0.027167
Vp	2.640151	0.169882
V(G)/Vp	0.624479	0.025829

Sampling variance/covariance of the estimates of variance components:
2.917891e-02	-5.285322e-04	
-5.285322e-04	7.380375e-04	

Summary result of REML analysis has been saved in the file [CauOUT.simu.pheno.21.hsq].

Analysis finished at 14:06:10 CET on Tue Dec 20 2022
Overall computational time: 2.97 sec.
