*******************************************************************
* Genome-wide Complex Trait Analysis (GCTA)
* version v1.94.1 Linux
* Built at Nov 15 2022 21:14:25, by GCC 8.5
* (C) 2010-present, Yang Lab, Westlake University
* Please report bugs to Jian Yang <jian.yang@westlake.edu.cn>
*******************************************************************
Analysis started at 14:06:10 CET on Tue Dec 20 2022.
Hostname: CGF-C9X299-PG300F

Accepted options:
--grm ../meala.penicilin
--pheno simu.pheno.22
--thread-num 5
--reml
--extract ../mela.penicillin.snplist
--out CauOUT.simu.pheno.22

Note: the program will be running on 5 threads.

Reading IDs of the GRM from [../meala.penicilin.grm.id].
3051 IDs are read from [../meala.penicilin.grm.id].
Reading the GRM from [../meala.penicilin.grm.bin].
GRM for 3051 individuals are included from [../meala.penicilin.grm.bin].
Reading phenotypes from [simu.pheno.22].
Non-missing phenotypes of 3051 individuals are included from [simu.pheno.22].

3051 individuals are in common in these files.

Performing  REML analysis ... (Note: may take hours depending on sample size).
3051 observations, 1 fixed effect(s), and 2 variance component(s)(including residual variance).
Calculating prior values of variance components by EM-REML ...
Updated prior values: 2.34465 1.06629
logL: -2222.3
Running AI-REML algorithm ...
Iter.	logL	V(G)	V(e)	
1	-1754.14	1.67615	1.02507	
2	-1733.59	1.44719	0.99877	
3	-1727.24	1.33135	0.98178	
4	-1724.71	1.26444	0.97061	
5	-1723.63	1.22312	0.96318	
6	-1723.15	1.19659	0.95820	
7	-1722.93	1.14137	0.94757	
8	-1722.74	1.14262	0.94774	
9	-1722.74	1.14265	0.94774	
Log-likelihood ratio converged.

Calculating the logLikelihood for the reduced model ...
(variance component 1 is dropped from the model)
Calculating prior values of variance components by EM-REML ...
Updated prior values: 4.89619
logL: -3951.40761
Running AI-REML algorithm ...
Iter.	logL	V(e)	
1	-3951.41	4.89619	
Log-likelihood ratio converged.

Summary result of REML analysis:
Source	Variance	SE
V(G)	1.142648	0.128225
V(e)	0.947739	0.025886
Vp	2.090387	0.127607
V(G)/Vp	0.546620	0.029431

Sampling variance/covariance of the estimates of variance components:
1.644157e-02	-4.140029e-04	
-4.140029e-04	6.700685e-04	

Summary result of REML analysis has been saved in the file [CauOUT.simu.pheno.22.hsq].

Analysis finished at 14:06:13 CET on Tue Dec 20 2022
Overall computational time: 2.95 sec.
