*******************************************************************
* Genome-wide Complex Trait Analysis (GCTA)
* version v1.94.1 Linux
* Built at Nov 15 2022 21:14:25, by GCC 8.5
* (C) 2010-present, Yang Lab, Westlake University
* Please report bugs to Jian Yang <jian.yang@westlake.edu.cn>
*******************************************************************
Analysis started at 14:07:52 CET on Tue Dec 20 2022.
Hostname: CGF-C9X299-PG300F

Accepted options:
--grm ../meala.penicilin
--pheno simu.pheno.8
--thread-num 5
--reml
--extract ../mela.penicillin.snplist
--out CauOUT.simu.pheno.8

Note: the program will be running on 5 threads.

Reading IDs of the GRM from [../meala.penicilin.grm.id].
3051 IDs are read from [../meala.penicilin.grm.id].
Reading the GRM from [../meala.penicilin.grm.bin].
GRM for 3051 individuals are included from [../meala.penicilin.grm.bin].
Reading phenotypes from [simu.pheno.8].
Non-missing phenotypes of 3051 individuals are included from [simu.pheno.8].

3051 individuals are in common in these files.

Performing  REML analysis ... (Note: may take hours depending on sample size).
3051 observations, 1 fixed effect(s), and 2 variance component(s)(including residual variance).
Calculating prior values of variance components by EM-REML ...
Updated prior values: 2.37754 1.09511
logL: -2251.77
Running AI-REML algorithm ...
Iter.	logL	V(G)	V(e)	
1	-1795.11	1.70943	1.05321	
2	-1775.08	1.47028	1.02677	
3	-1768.70	1.34735	1.00978	
4	-1766.14	1.27550	0.99867	
5	-1765.03	1.23064	0.99131	
6	-1764.53	1.20151	0.98641	
7	-1764.31	1.14018	0.97599	
8	-1764.11	1.13994	0.97628	
9	-1764.11	1.13991	0.97629	
Log-likelihood ratio converged.

Calculating the logLikelihood for the reduced model ...
(variance component 1 is dropped from the model)
Calculating prior values of variance components by EM-REML ...
Updated prior values: 4.96728
logL: -3973.39153
Running AI-REML algorithm ...
Iter.	logL	V(e)	
1	-3973.39	4.96728	
Log-likelihood ratio converged.

Summary result of REML analysis:
Source	Variance	SE
V(G)	1.139907	0.131175
V(e)	0.976287	0.026715
Vp	2.116193	0.130275
V(G)/Vp	0.538659	0.030276

Sampling variance/covariance of the estimates of variance components:
1.720679e-02	-4.744216e-04	
-4.744216e-04	7.136687e-04	

Summary result of REML analysis has been saved in the file [CauOUT.simu.pheno.8.hsq].

Analysis finished at 14:07:55 CET on Tue Dec 20 2022
Overall computational time: 3.07 sec.
