*******************************************************************
* Genome-wide Complex Trait Analysis (GCTA)
* version v1.94.1 Linux
* Built at Nov 15 2022 21:14:25, by GCC 8.5
* (C) 2010-present, Yang Lab, Westlake University
* Please report bugs to Jian Yang <jian.yang@westlake.edu.cn>
*******************************************************************
Analysis started at 14:05:31 CET on Tue Dec 20 2022.
Hostname: CGF-C9X299-PG300F

Accepted options:
--grm ../meala.penicilin
--pheno simu.pheno.10
--thread-num 5
--reml
--extract ../mela.penicillin.snplist
--out CauOUT.simu.pheno.10

Note: the program will be running on 5 threads.

Reading IDs of the GRM from [../meala.penicilin.grm.id].
3051 IDs are read from [../meala.penicilin.grm.id].
Reading the GRM from [../meala.penicilin.grm.bin].
GRM for 3051 individuals are included from [../meala.penicilin.grm.bin].
Reading phenotypes from [simu.pheno.10].
Non-missing phenotypes of 3051 individuals are included from [simu.pheno.10].

3051 individuals are in common in these files.

Performing  REML analysis ... (Note: may take hours depending on sample size).
3051 observations, 1 fixed effect(s), and 2 variance component(s)(including residual variance).
Calculating prior values of variance components by EM-REML ...
Updated prior values: 2.40637 1.16046
logL: -2316.88
Running AI-REML algorithm ...
Iter.	logL	V(G)	V(e)	
1	-1926.62	2.30880	1.11218	
2	-1920.34	2.24856	1.08245	
3	-1917.66	2.20995	1.06344	
4	-1916.47	2.18465	1.05099	
5	-1915.93	2.16782	1.04272	
6	-1915.68	2.13208	1.02516	
7	-1915.47	2.13265	1.02545	
8	-1915.47	2.13265	1.02545	
Log-likelihood ratio converged.

Calculating the logLikelihood for the reduced model ...
(variance component 1 is dropped from the model)
Calculating prior values of variance components by EM-REML ...
Updated prior values: 4.91432
logL: -3957.04625
Running AI-REML algorithm ...
Iter.	logL	V(e)	
1	-3957.05	4.91432	
Log-likelihood ratio converged.

Summary result of REML analysis:
Source	Variance	SE
V(G)	2.132653	0.211257
V(e)	1.025448	0.028193
Vp	3.158101	0.210010
V(G)/Vp	0.675296	0.023176

Sampling variance/covariance of the estimates of variance components:
4.462938e-02	-6.600533e-04	
-6.600533e-04	7.948323e-04	

Summary result of REML analysis has been saved in the file [CauOUT.simu.pheno.10.hsq].

Analysis finished at 14:05:33 CET on Tue Dec 20 2022
Overall computational time: 2.71 sec.
