*******************************************************************
* Genome-wide Complex Trait Analysis (GCTA)
* version v1.94.1 Linux
* Built at Nov 15 2022 21:14:25, by GCC 8.5
* (C) 2010-present, Yang Lab, Westlake University
* Please report bugs to Jian Yang <jian.yang@westlake.edu.cn>
*******************************************************************
Analysis started at 14:07:34 CET on Tue Dec 20 2022.
Hostname: CGF-C9X299-PG300F

Accepted options:
--grm ../meala.penicilin
--pheno simu.pheno.48
--thread-num 5
--reml
--extract ../mela.penicillin.snplist
--out CauOUT.simu.pheno.48

Note: the program will be running on 5 threads.

Reading IDs of the GRM from [../meala.penicilin.grm.id].
3051 IDs are read from [../meala.penicilin.grm.id].
Reading the GRM from [../meala.penicilin.grm.bin].
GRM for 3051 individuals are included from [../meala.penicilin.grm.bin].
Reading phenotypes from [simu.pheno.48].
Non-missing phenotypes of 3051 individuals are included from [simu.pheno.48].

3051 individuals are in common in these files.

Performing  REML analysis ... (Note: may take hours depending on sample size).
3051 observations, 1 fixed effect(s), and 2 variance component(s)(including residual variance).
Calculating prior values of variance components by EM-REML ...
Updated prior values: 2.46787 1.14225
logL: -2333.4
Running AI-REML algorithm ...
Iter.	logL	V(G)	V(e)	
1	-1906.33	2.62282	1.07804	
2	-1896.26	2.73734	1.03947	
3	-1891.94	2.82115	1.01511	
4	-1890.01	2.88188	0.99925	
5	-1889.12	2.92552	0.98874	
6	-1888.71	3.02413	0.96643	
7	-1888.35	3.03144	0.96667	
8	-1888.35	3.03167	0.96666	
9	-1888.35	3.03168	0.96666	
Log-likelihood ratio converged.

Calculating the logLikelihood for the reduced model ...
(variance component 1 is dropped from the model)
Calculating prior values of variance components by EM-REML ...
Updated prior values: 4.98759
logL: -3979.61511
Running AI-REML algorithm ...
Iter.	logL	V(e)	
1	-3979.62	4.98759	
Log-likelihood ratio converged.

Summary result of REML analysis:
Source	Variance	SE
V(G)	3.031683	0.284980
V(e)	0.966659	0.026847
Vp	3.998343	0.282981
V(G)/Vp	0.758235	0.018551

Sampling variance/covariance of the estimates of variance components:
8.121360e-02	-9.279432e-04	
-9.279432e-04	7.207459e-04	

Summary result of REML analysis has been saved in the file [CauOUT.simu.pheno.48.hsq].

Analysis finished at 14:07:37 CET on Tue Dec 20 2022
Overall computational time: 3.04 sec.
