*******************************************************************
* Genome-wide Complex Trait Analysis (GCTA)
* version v1.94.1 Linux
* Built at Nov 15 2022 21:14:25, by GCC 8.5
* (C) 2010-present, Yang Lab, Westlake University
* Please report bugs to Jian Yang <jian.yang@westlake.edu.cn>
*******************************************************************
Analysis started at 14:07:10 CET on Tue Dec 20 2022.
Hostname: CGF-C9X299-PG300F

Accepted options:
--grm ../meala.penicilin
--pheno simu.pheno.40
--thread-num 5
--reml
--extract ../mela.penicillin.snplist
--out CauOUT.simu.pheno.40

Note: the program will be running on 5 threads.

Reading IDs of the GRM from [../meala.penicilin.grm.id].
3051 IDs are read from [../meala.penicilin.grm.id].
Reading the GRM from [../meala.penicilin.grm.bin].
GRM for 3051 individuals are included from [../meala.penicilin.grm.bin].
Reading phenotypes from [simu.pheno.40].
Non-missing phenotypes of 3051 individuals are included from [simu.pheno.40].

3051 individuals are in common in these files.

Performing  REML analysis ... (Note: may take hours depending on sample size).
3051 observations, 1 fixed effect(s), and 2 variance component(s)(including residual variance).
Calculating prior values of variance components by EM-REML ...
Updated prior values: 2.45543 1.14203
logL: -2309.76
Running AI-REML algorithm ...
Iter.	logL	V(G)	V(e)	
1	-1867.79	1.85844	1.09911	
2	-1851.07	1.63412	1.07172	
3	-1845.57	1.51794	1.05396	
4	-1843.35	1.45023	1.04226	
5	-1842.39	1.40827	1.03445	
6	-1841.97	1.32305	1.01785	
7	-1841.61	1.32726	1.01810	
8	-1841.61	1.32728	1.01810	
9	-1841.61	1.32728	1.01810	
Log-likelihood ratio converged.

Calculating the logLikelihood for the reduced model ...
(variance component 1 is dropped from the model)
Calculating prior values of variance components by EM-REML ...
Updated prior values: 5.11123
logL: -4016.95804
Running AI-REML algorithm ...
Iter.	logL	V(e)	
1	-4016.96	5.11123	
Log-likelihood ratio converged.

Summary result of REML analysis:
Source	Variance	SE
V(G)	1.327283	0.145140
V(e)	1.018097	0.027808
Vp	2.345380	0.144503
V(G)/Vp	0.565914	0.028450

Sampling variance/covariance of the estimates of variance components:
2.106555e-02	-4.788865e-04	
-4.788865e-04	7.732652e-04	

Summary result of REML analysis has been saved in the file [CauOUT.simu.pheno.40.hsq].

Analysis finished at 14:07:13 CET on Tue Dec 20 2022
Overall computational time: 3.04 sec.
