*******************************************************************
* Genome-wide Complex Trait Analysis (GCTA)
* version v1.94.1 Linux
* Built at Nov 15 2022 21:14:25, by GCC 8.5
* (C) 2010-present, Yang Lab, Westlake University
* Please report bugs to Jian Yang <jian.yang@westlake.edu.cn>
*******************************************************************
Analysis started at 14:06:01 CET on Tue Dec 20 2022.
Hostname: CGF-C9X299-PG300F

Accepted options:
--grm ../meala.penicilin
--pheno simu.pheno.2
--thread-num 5
--reml
--extract ../mela.penicillin.snplist
--out CauOUT.simu.pheno.2

Note: the program will be running on 5 threads.

Reading IDs of the GRM from [../meala.penicilin.grm.id].
3051 IDs are read from [../meala.penicilin.grm.id].
Reading the GRM from [../meala.penicilin.grm.bin].
GRM for 3051 individuals are included from [../meala.penicilin.grm.bin].
Reading phenotypes from [simu.pheno.2].
Non-missing phenotypes of 3051 individuals are included from [simu.pheno.2].

3051 individuals are in common in these files.

Performing  REML analysis ... (Note: may take hours depending on sample size).
3051 observations, 1 fixed effect(s), and 2 variance component(s)(including residual variance).
Calculating prior values of variance components by EM-REML ...
Updated prior values: 2.42448 1.16429
logL: -2321.54
Running AI-REML algorithm ...
Iter.	logL	V(G)	V(e)	
1	-1919.42	2.30384	1.11255	
2	-1912.12	2.23085	1.08094	
3	-1909.01	2.18461	1.06081	
4	-1907.64	2.15448	1.04767	
5	-1907.03	2.13450	1.03896	
6	-1906.75	2.09214	1.02049	
7	-1906.51	2.09271	1.02082	
8	-1906.51	2.09270	1.02082	
Log-likelihood ratio converged.

Calculating the logLikelihood for the reduced model ...
(variance component 1 is dropped from the model)
Calculating prior values of variance components by EM-REML ...
Updated prior values: 4.97868
logL: -3976.88772
Running AI-REML algorithm ...
Iter.	logL	V(e)	
1	-3976.89	4.97868	
Log-likelihood ratio converged.

Summary result of REML analysis:
Source	Variance	SE
V(G)	2.092705	0.214990
V(e)	1.020824	0.028197
Vp	3.113529	0.213109
V(G)/Vp	0.672133	0.024207

Sampling variance/covariance of the estimates of variance components:
4.622073e-02	-8.001438e-04	
-8.001438e-04	7.950845e-04	

Summary result of REML analysis has been saved in the file [CauOUT.simu.pheno.2.hsq].

Analysis finished at 14:06:04 CET on Tue Dec 20 2022
Overall computational time: 2.73 sec.
