*******************************************************************
* Genome-wide Complex Trait Analysis (GCTA)
* version v1.94.1 Linux
* Built at Nov 15 2022 21:14:25, by GCC 8.5
* (C) 2010-present, Yang Lab, Westlake University
* Please report bugs to Jian Yang <jian.yang@westlake.edu.cn>
*******************************************************************
Analysis started at 14:05:28 CET on Tue Dec 20 2022.
Hostname: CGF-C9X299-PG300F

Accepted options:
--grm ../meala.penicilin
--pheno simu.pheno.1
--thread-num 5
--reml
--extract ../mela.penicillin.snplist
--out CauOUT.simu.pheno.1

Note: the program will be running on 5 threads.

Reading IDs of the GRM from [../meala.penicilin.grm.id].
3051 IDs are read from [../meala.penicilin.grm.id].
Reading the GRM from [../meala.penicilin.grm.bin].
GRM for 3051 individuals are included from [../meala.penicilin.grm.bin].
Reading phenotypes from [simu.pheno.1].
Non-missing phenotypes of 3051 individuals are included from [simu.pheno.1].

3051 individuals are in common in these files.

Performing  REML analysis ... (Note: may take hours depending on sample size).
3051 observations, 1 fixed effect(s), and 2 variance component(s)(including residual variance).
Calculating prior values of variance components by EM-REML ...
Updated prior values: 2.39452 1.11572
logL: -2285.51
Running AI-REML algorithm ...
Iter.	logL	V(G)	V(e)	
1	-1861.59	2.33037	1.06428	
2	-1854.43	2.28892	1.03298	
3	-1851.39	2.26162	1.01310	
4	-1850.05	2.24339	1.00014	
5	-1849.45	2.23112	0.99155	
6	-1849.18	2.20482	0.97336	
7	-1848.94	2.20495	0.97370	
8	-1848.94	2.20496	0.97369	
Log-likelihood ratio converged.

Calculating the logLikelihood for the reduced model ...
(variance component 1 is dropped from the model)
Calculating prior values of variance components by EM-REML ...
Updated prior values: 4.88638
logL: -3948.35032
Running AI-REML algorithm ...
Iter.	logL	V(e)	
1	-3948.35	4.88638	
Log-likelihood ratio converged.

Summary result of REML analysis:
Source	Variance	SE
V(G)	2.204958	0.214974
V(e)	0.973695	0.026807
Vp	3.178653	0.213692
V(G)/Vp	0.693677	0.022138

Sampling variance/covariance of the estimates of variance components:
4.621366e-02	-6.340830e-04	
-6.340830e-04	7.185990e-04	

Summary result of REML analysis has been saved in the file [CauOUT.simu.pheno.1.hsq].

Analysis finished at 14:05:31 CET on Tue Dec 20 2022
Overall computational time: 2.83 sec.
