*******************************************************************
* Genome-wide Complex Trait Analysis (GCTA)
* version v1.94.1 Linux
* Built at Nov 15 2022 21:14:25, by GCC 8.5
* (C) 2010-present, Yang Lab, Westlake University
* Please report bugs to Jian Yang <jian.yang@westlake.edu.cn>
*******************************************************************
Analysis started at 14:06:13 CET on Tue Dec 20 2022.
Hostname: CGF-C9X299-PG300F

Accepted options:
--grm ../meala.penicilin
--pheno simu.pheno.23
--thread-num 5
--reml
--extract ../mela.penicillin.snplist
--out CauOUT.simu.pheno.23

Note: the program will be running on 5 threads.

Reading IDs of the GRM from [../meala.penicilin.grm.id].
3051 IDs are read from [../meala.penicilin.grm.id].
Reading the GRM from [../meala.penicilin.grm.bin].
GRM for 3051 individuals are included from [../meala.penicilin.grm.bin].
Reading phenotypes from [simu.pheno.23].
Non-missing phenotypes of 3051 individuals are included from [simu.pheno.23].

3051 individuals are in common in these files.

Performing  REML analysis ... (Note: may take hours depending on sample size).
3051 observations, 1 fixed effect(s), and 2 variance component(s)(including residual variance).
Calculating prior values of variance components by EM-REML ...
Updated prior values: 2.44118 1.13647
logL: -2292.42
Running AI-REML algorithm ...
Iter.	logL	V(G)	V(e)	
1	-1838.06	0.83038	1.10569	
2	-1778.62	0.73270	1.08047	
3	-1774.41	0.68149	1.06402	
4	-1772.68	0.65151	1.05313	
5	-1771.93	0.63291	1.04586	
6	-1771.60	0.59510	1.03034	
7	-1771.32	0.59705	1.03054	
8	-1771.32	0.59705	1.03054	
9	-1771.32	0.59705	1.03054	
Log-likelihood ratio converged.

Calculating the logLikelihood for the reduced model ...
(variance component 1 is dropped from the model)
Calculating prior values of variance components by EM-REML ...
Updated prior values: 5.15838
logL: -4030.96229
Running AI-REML algorithm ...
Iter.	logL	V(e)	
1	-4030.96	5.15838	
Log-likelihood ratio converged.

Summary result of REML analysis:
Source	Variance	SE
V(G)	0.597049	0.077735
V(e)	1.030540	0.027787
Vp	1.627589	0.079344
V(G)/Vp	0.366831	0.031611

Sampling variance/covariance of the estimates of variance components:
6.042799e-03	-2.597195e-04	
-2.597195e-04	7.721129e-04	

Summary result of REML analysis has been saved in the file [CauOUT.simu.pheno.23.hsq].

Analysis finished at 14:06:16 CET on Tue Dec 20 2022
Overall computational time: 3.05 sec.
