*******************************************************************
* Genome-wide Complex Trait Analysis (GCTA)
* version v1.94.1 Linux
* Built at Nov 15 2022 21:14:25, by GCC 8.5
* (C) 2010-present, Yang Lab, Westlake University
* Please report bugs to Jian Yang <jian.yang@westlake.edu.cn>
*******************************************************************
Analysis started at 14:06:38 CET on Tue Dec 20 2022.
Hostname: CGF-C9X299-PG300F

Accepted options:
--grm ../meala.penicilin
--pheno simu.pheno.30
--thread-num 5
--reml
--extract ../mela.penicillin.snplist
--out CauOUT.simu.pheno.30

Note: the program will be running on 5 threads.

Reading IDs of the GRM from [../meala.penicilin.grm.id].
3051 IDs are read from [../meala.penicilin.grm.id].
Reading the GRM from [../meala.penicilin.grm.bin].
GRM for 3051 individuals are included from [../meala.penicilin.grm.bin].
Reading phenotypes from [simu.pheno.30].
Non-missing phenotypes of 3051 individuals are included from [simu.pheno.30].

3051 individuals are in common in these files.

Performing  REML analysis ... (Note: may take hours depending on sample size).
3051 observations, 1 fixed effect(s), and 2 variance component(s)(including residual variance).
Calculating prior values of variance components by EM-REML ...
Updated prior values: 2.43684 1.14684
logL: -2325.52
Running AI-REML algorithm ...
Iter.	logL	V(G)	V(e)	
1	-1915.95	2.56719	1.08634	
2	-1907.13	2.66293	1.04968	
3	-1903.34	2.73278	1.02640	
4	-1901.64	2.78339	1.01121	
5	-1900.86	2.81983	1.00111	
6	-1900.50	2.90247	0.97963	
7	-1900.18	2.90969	0.97981	
8	-1900.18	2.90999	0.97980	
9	-1900.18	2.91000	0.97980	
Log-likelihood ratio converged.

Calculating the logLikelihood for the reduced model ...
(variance component 1 is dropped from the model)
Calculating prior values of variance components by EM-REML ...
Updated prior values: 4.92721
logL: -3961.04091
Running AI-REML algorithm ...
Iter.	logL	V(e)	
1	-3961.04	4.92721	
Log-likelihood ratio converged.

Summary result of REML analysis:
Source	Variance	SE
V(G)	2.910002	0.277357
V(e)	0.979797	0.027206
Vp	3.889799	0.275293
V(G)/Vp	0.748111	0.019323

Sampling variance/covariance of the estimates of variance components:
7.692704e-02	-9.403575e-04	
-9.403575e-04	7.401400e-04	

Summary result of REML analysis has been saved in the file [CauOUT.simu.pheno.30.hsq].

Analysis finished at 14:06:41 CET on Tue Dec 20 2022
Overall computational time: 3.03 sec.
