*******************************************************************
* Genome-wide Complex Trait Analysis (GCTA)
* version v1.94.1 Linux
* Built at Nov 15 2022 21:14:25, by GCC 8.5
* (C) 2010-present, Yang Lab, Westlake University
* Please report bugs to Jian Yang <jian.yang@westlake.edu.cn>
*******************************************************************
Analysis started at 14:07:37 CET on Tue Dec 20 2022.
Hostname: CGF-C9X299-PG300F

Accepted options:
--grm ../meala.penicilin
--pheno simu.pheno.49
--thread-num 5
--reml
--extract ../mela.penicillin.snplist
--out CauOUT.simu.pheno.49

Note: the program will be running on 5 threads.

Reading IDs of the GRM from [../meala.penicilin.grm.id].
3051 IDs are read from [../meala.penicilin.grm.id].
Reading the GRM from [../meala.penicilin.grm.bin].
GRM for 3051 individuals are included from [../meala.penicilin.grm.bin].
Reading phenotypes from [simu.pheno.49].
Non-missing phenotypes of 3051 individuals are included from [simu.pheno.49].

3051 individuals are in common in these files.

Performing  REML analysis ... (Note: may take hours depending on sample size).
3051 observations, 1 fixed effect(s), and 2 variance component(s)(including residual variance).
Calculating prior values of variance components by EM-REML ...
Updated prior values: 2.37959 1.11839
logL: -2267.24
Running AI-REML algorithm ...
Iter.	logL	V(G)	V(e)	
1	-1832.94	1.67624	1.07899	
2	-1812.47	1.44600	1.05336	
3	-1806.48	1.33050	1.03666	
4	-1804.12	1.26412	1.02563	
5	-1803.12	1.22329	1.01826	
6	-1802.68	1.19717	1.01331	
7	-1802.48	1.14301	1.00271	
8	-1802.30	1.14469	1.00284	
9	-1802.30	1.14471	1.00284	
10	-1802.30	1.14471	1.00284	
Log-likelihood ratio converged.

Calculating the logLikelihood for the reduced model ...
(variance component 1 is dropped from the model)
Calculating prior values of variance components by EM-REML ...
Updated prior values: 4.96800
logL: -3973.61267
Running AI-REML algorithm ...
Iter.	logL	V(e)	
1	-3973.61	4.96800	
Log-likelihood ratio converged.

Summary result of REML analysis:
Source	Variance	SE
V(G)	1.144706	0.129132
V(e)	1.002838	0.027345
Vp	2.147544	0.128705
V(G)/Vp	0.533030	0.029678

Sampling variance/covariance of the estimates of variance components:
1.667506e-02	-4.289151e-04	
-4.289151e-04	7.477525e-04	

Summary result of REML analysis has been saved in the file [CauOUT.simu.pheno.49.hsq].

Analysis finished at 14:07:40 CET on Tue Dec 20 2022
Overall computational time: 3.29 sec.
