*******************************************************************
* Genome-wide Complex Trait Analysis (GCTA)
* version v1.94.1 Linux
* Built at Nov 15 2022 21:14:25, by GCC 8.5
* (C) 2010-present, Yang Lab, Westlake University
* Please report bugs to Jian Yang <jian.yang@westlake.edu.cn>
*******************************************************************
Analysis started at 14:05:36 CET on Tue Dec 20 2022.
Hostname: CGF-C9X299-PG300F

Accepted options:
--grm ../meala.penicilin
--pheno simu.pheno.12
--thread-num 5
--reml
--extract ../mela.penicillin.snplist
--out CauOUT.simu.pheno.12

Note: the program will be running on 5 threads.

Reading IDs of the GRM from [../meala.penicilin.grm.id].
3051 IDs are read from [../meala.penicilin.grm.id].
Reading the GRM from [../meala.penicilin.grm.bin].
GRM for 3051 individuals are included from [../meala.penicilin.grm.bin].
Reading phenotypes from [simu.pheno.12].
Non-missing phenotypes of 3051 individuals are included from [simu.pheno.12].

3051 individuals are in common in these files.

Performing  REML analysis ... (Note: may take hours depending on sample size).
3051 observations, 1 fixed effect(s), and 2 variance component(s)(including residual variance).
Calculating prior values of variance components by EM-REML ...
Updated prior values: 2.45124 1.14795
logL: -2330.19
Running AI-REML algorithm ...
Iter.	logL	V(G)	V(e)	
1	-1915.12	2.55622	1.08820	
2	-1906.66	2.63072	1.05209	
3	-1903.05	2.68361	1.02921	
4	-1901.46	2.72108	1.01430	
5	-1900.74	2.74755	1.00442	
6	-1900.40	2.80663	0.98346	
7	-1900.12	2.81014	0.98374	
8	-1900.12	2.81022	0.98373	
9	-1900.12	2.81022	0.98373	
Log-likelihood ratio converged.

Calculating the logLikelihood for the reduced model ...
(variance component 1 is dropped from the model)
Calculating prior values of variance components by EM-REML ...
Updated prior values: 4.96222
logL: -3971.83697
Running AI-REML algorithm ...
Iter.	logL	V(e)	
1	-3971.84	4.96222	
Log-likelihood ratio converged.

Summary result of REML analysis:
Source	Variance	SE
V(G)	2.810222	0.267628
V(e)	0.983733	0.027263
Vp	3.793955	0.265741
V(G)/Vp	0.740710	0.019652

Sampling variance/covariance of the estimates of variance components:
7.162481e-02	-8.749141e-04	
-8.749141e-04	7.432941e-04	

Summary result of REML analysis has been saved in the file [CauOUT.simu.pheno.12.hsq].

Analysis finished at 14:05:39 CET on Tue Dec 20 2022
Overall computational time: 3.12 sec.
