*******************************************************************
* Genome-wide Complex Trait Analysis (GCTA)
* version v1.94.1 Linux
* Built at Nov 15 2022 21:14:25, by GCC 8.5
* (C) 2010-present, Yang Lab, Westlake University
* Please report bugs to Jian Yang <jian.yang@westlake.edu.cn>
*******************************************************************
Analysis started at 14:06:44 CET on Tue Dec 20 2022.
Hostname: CGF-C9X299-PG300F

Accepted options:
--grm ../meala.penicilin
--pheno simu.pheno.32
--thread-num 5
--reml
--extract ../mela.penicillin.snplist
--out CauOUT.simu.pheno.32

Note: the program will be running on 5 threads.

Reading IDs of the GRM from [../meala.penicilin.grm.id].
3051 IDs are read from [../meala.penicilin.grm.id].
Reading the GRM from [../meala.penicilin.grm.bin].
GRM for 3051 individuals are included from [../meala.penicilin.grm.bin].
Reading phenotypes from [simu.pheno.32].
Non-missing phenotypes of 3051 individuals are included from [simu.pheno.32].

3051 individuals are in common in these files.

Performing  REML analysis ... (Note: may take hours depending on sample size).
3051 observations, 1 fixed effect(s), and 2 variance component(s)(including residual variance).
Calculating prior values of variance components by EM-REML ...
Updated prior values: 2.42784 1.15892
logL: -2326.26
Running AI-REML algorithm ...
Iter.	logL	V(G)	V(e)	
1	-1927.55	2.45538	1.10412	
2	-1920.58	2.47321	1.07075	
3	-1917.62	2.48522	1.04952	
4	-1916.31	2.49351	1.03567	
5	-1915.72	2.49931	1.02648	
6	-1915.45	2.51225	1.00699	
7	-1915.22	2.51342	1.00728	
8	-1915.22	2.51343	1.00728	
Log-likelihood ratio converged.

Calculating the logLikelihood for the reduced model ...
(variance component 1 is dropped from the model)
Calculating prior values of variance components by EM-REML ...
Updated prior values: 4.93544
logL: -3963.58584
Running AI-REML algorithm ...
Iter.	logL	V(e)	
1	-3963.59	4.93544	
Log-likelihood ratio converged.

Summary result of REML analysis:
Source	Variance	SE
V(G)	2.513435	0.244813
V(e)	1.007282	0.027845
Vp	3.520717	0.243051
V(G)/Vp	0.713899	0.021321

Sampling variance/covariance of the estimates of variance components:
5.993349e-02	-8.175501e-04	
-8.175501e-04	7.753590e-04	

Summary result of REML analysis has been saved in the file [CauOUT.simu.pheno.32.hsq].

Analysis finished at 14:06:46 CET on Tue Dec 20 2022
Overall computational time: 2.80 sec.
