*******************************************************************
* Genome-wide Complex Trait Analysis (GCTA)
* version v1.94.1 Linux
* Built at Nov 15 2022 21:14:25, by GCC 8.5
* (C) 2010-present, Yang Lab, Westlake University
* Please report bugs to Jian Yang <jian.yang@westlake.edu.cn>
*******************************************************************
Analysis started at 14:07:55 CET on Tue Dec 20 2022.
Hostname: CGF-C9X299-PG300F

Accepted options:
--grm ../meala.penicilin
--pheno simu.pheno.9
--thread-num 5
--reml
--extract ../mela.penicillin.snplist
--out CauOUT.simu.pheno.9

Note: the program will be running on 5 threads.

Reading IDs of the GRM from [../meala.penicilin.grm.id].
3051 IDs are read from [../meala.penicilin.grm.id].
Reading the GRM from [../meala.penicilin.grm.bin].
GRM for 3051 individuals are included from [../meala.penicilin.grm.bin].
Reading phenotypes from [simu.pheno.9].
Non-missing phenotypes of 3051 individuals are included from [simu.pheno.9].

3051 individuals are in common in these files.

Performing  REML analysis ... (Note: may take hours depending on sample size).
3051 observations, 1 fixed effect(s), and 2 variance component(s)(including residual variance).
Calculating prior values of variance components by EM-REML ...
Updated prior values:  2.4265 1.14212
logL: -2301.9
Running AI-REML algorithm ...
Iter.	logL	V(G)	V(e)	
1	-1874.80	1.94259	1.09898	
2	-1861.34	1.73955	1.07169	
3	-1856.54	1.63083	1.05403	
4	-1854.56	1.56647	1.04239	
5	-1853.70	1.52626	1.03462	
6	-1853.31	1.44423	1.01809	
7	-1852.99	1.44823	1.01832	
8	-1852.99	1.44823	1.01833	
9	-1852.99	1.44823	1.01833	
Log-likelihood ratio converged.

Calculating the logLikelihood for the reduced model ...
(variance component 1 is dropped from the model)
Calculating prior values of variance components by EM-REML ...
Updated prior values: 5.03487
logL: -3994.00307
Running AI-REML algorithm ...
Iter.	logL	V(e)	
1	-3994.00	5.03487	
Log-likelihood ratio converged.

Summary result of REML analysis:
Source	Variance	SE
V(G)	1.448229	0.155102
V(e)	1.018326	0.027841
Vp	2.466555	0.154362
V(G)/Vp	0.587147	0.027530

Sampling variance/covariance of the estimates of variance components:
2.405661e-02	-5.019909e-04	
-5.019909e-04	7.751414e-04	

Summary result of REML analysis has been saved in the file [CauOUT.simu.pheno.9.hsq].

Analysis finished at 14:07:58 CET on Tue Dec 20 2022
Overall computational time: 2.98 sec.
