*******************************************************************
* Genome-wide Complex Trait Analysis (GCTA)
* version v1.94.1 Linux
* Built at Nov 15 2022 21:14:25, by GCC 8.5
* (C) 2010-present, Yang Lab, Westlake University
* Please report bugs to Jian Yang <jian.yang@westlake.edu.cn>
*******************************************************************
Analysis started at 14:05:42 CET on Tue Dec 20 2022.
Hostname: CGF-C9X299-PG300F

Accepted options:
--grm ../meala.penicilin
--pheno simu.pheno.14
--thread-num 5
--reml
--extract ../mela.penicillin.snplist
--out CauOUT.simu.pheno.14

Note: the program will be running on 5 threads.

Reading IDs of the GRM from [../meala.penicilin.grm.id].
3051 IDs are read from [../meala.penicilin.grm.id].
Reading the GRM from [../meala.penicilin.grm.bin].
GRM for 3051 individuals are included from [../meala.penicilin.grm.bin].
Reading phenotypes from [simu.pheno.14].
Non-missing phenotypes of 3051 individuals are included from [simu.pheno.14].

3051 individuals are in common in these files.

Performing  REML analysis ... (Note: may take hours depending on sample size).
3051 observations, 1 fixed effect(s), and 2 variance component(s)(including residual variance).
Calculating prior values of variance components by EM-REML ...
Updated prior values: 2.39484 1.09682
logL: -2257.42
Running AI-REML algorithm ...
Iter.	logL	V(G)	V(e)	
1	-1795.97	1.45233	1.05948	
2	-1766.29	1.24920	1.03346	
3	-1760.14	1.15202	1.01633	
4	-1757.80	1.09765	1.00493	
5	-1756.82	1.06490	0.99729	
6	-1756.39	0.99985	0.98092	
7	-1756.04	1.00552	0.98098	
8	-1756.04	1.00528	0.98100	
9	-1756.04	1.00529	0.98100	
Log-likelihood ratio converged.

Calculating the logLikelihood for the reduced model ...
(variance component 1 is dropped from the model)
Calculating prior values of variance components by EM-REML ...
Updated prior values: 5.01665
logL: -3988.47444
Running AI-REML algorithm ...
Iter.	logL	V(e)	
1	-3988.47	5.01665	
Log-likelihood ratio converged.

Summary result of REML analysis:
Source	Variance	SE
V(G)	1.005289	0.112491
V(e)	0.981003	0.026607
Vp	1.986292	0.112851
V(G)/Vp	0.506113	0.029462

Sampling variance/covariance of the estimates of variance components:
1.265432e-02	-3.134008e-04	
-3.134008e-04	7.079269e-04	

Summary result of REML analysis has been saved in the file [CauOUT.simu.pheno.14.hsq].

Analysis finished at 14:05:45 CET on Tue Dec 20 2022
Overall computational time: 3.13 sec.
