*******************************************************************
* Genome-wide Complex Trait Analysis (GCTA)
* version v1.94.1 Linux
* Built at Nov 15 2022 21:14:25, by GCC 8.5
* (C) 2010-present, Yang Lab, Westlake University
* Please report bugs to Jian Yang <jian.yang@westlake.edu.cn>
*******************************************************************
Analysis started at 14:07:46 CET on Tue Dec 20 2022.
Hostname: CGF-C9X299-PG300F

Accepted options:
--grm ../meala.penicilin
--pheno simu.pheno.6
--thread-num 5
--reml
--extract ../mela.penicillin.snplist
--out CauOUT.simu.pheno.6

Note: the program will be running on 5 threads.

Reading IDs of the GRM from [../meala.penicilin.grm.id].
3051 IDs are read from [../meala.penicilin.grm.id].
Reading the GRM from [../meala.penicilin.grm.bin].
GRM for 3051 individuals are included from [../meala.penicilin.grm.bin].
Reading phenotypes from [simu.pheno.6].
Non-missing phenotypes of 3051 individuals are included from [simu.pheno.6].

3051 individuals are in common in these files.

Performing  REML analysis ... (Note: may take hours depending on sample size).
3051 observations, 1 fixed effect(s), and 2 variance component(s)(including residual variance).
Calculating prior values of variance components by EM-REML ...
Updated prior values: 2.49608 1.16458
logL: -2352.76
Running AI-REML algorithm ...
Iter.	logL	V(G)	V(e)	
1	-1932.88	2.52399	1.10758	
2	-1925.44	2.54169	1.07303	
3	-1922.29	2.55341	1.05112	
4	-1920.90	2.56137	1.03685	
5	-1920.28	2.56686	1.02740	
6	-1920.00	2.57898	1.00736	
7	-1919.75	2.57980	1.00769	
8	-1919.75	2.57980	1.00769	
Log-likelihood ratio converged.

Calculating the logLikelihood for the reduced model ...
(variance component 1 is dropped from the model)
Calculating prior values of variance components by EM-REML ...
Updated prior values: 5.07113
logL: -4004.94552
Running AI-REML algorithm ...
Iter.	logL	V(e)	
1	-4004.95	5.07113	
Log-likelihood ratio converged.

Summary result of REML analysis:
Source	Variance	SE
V(G)	2.579803	0.249351
V(e)	1.007688	0.027855
Vp	3.587491	0.247621
V(G)/Vp	0.719111	0.020929

Sampling variance/covariance of the estimates of variance components:
6.217605e-02	-8.178532e-04	
-8.178532e-04	7.759257e-04	

Summary result of REML analysis has been saved in the file [CauOUT.simu.pheno.6.hsq].

Analysis finished at 14:07:49 CET on Tue Dec 20 2022
Overall computational time: 2.73 sec.
