*******************************************************************
* Genome-wide Complex Trait Analysis (GCTA)
* version v1.94.1 Linux
* Built at Nov 15 2022 21:14:25, by GCC 8.5
* (C) 2010-present, Yang Lab, Westlake University
* Please report bugs to Jian Yang <jian.yang@westlake.edu.cn>
*******************************************************************
Analysis started at 14:07:20 CET on Tue Dec 20 2022.
Hostname: CGF-C9X299-PG300F

Accepted options:
--grm ../meala.penicilin
--pheno simu.pheno.43
--thread-num 5
--reml
--extract ../mela.penicillin.snplist
--out CauOUT.simu.pheno.43

Note: the program will be running on 5 threads.

Reading IDs of the GRM from [../meala.penicilin.grm.id].
3051 IDs are read from [../meala.penicilin.grm.id].
Reading the GRM from [../meala.penicilin.grm.bin].
GRM for 3051 individuals are included from [../meala.penicilin.grm.bin].
Reading phenotypes from [simu.pheno.43].
Non-missing phenotypes of 3051 individuals are included from [simu.pheno.43].

3051 individuals are in common in these files.

Performing  REML analysis ... (Note: may take hours depending on sample size).
3051 observations, 1 fixed effect(s), and 2 variance component(s)(including residual variance).
Calculating prior values of variance components by EM-REML ...
Updated prior values: 2.38623 1.12849
logL: -2285.79
Running AI-REML algorithm ...
Iter.	logL	V(G)	V(e)	
1	-1870.79	2.18113	1.08119	
2	-1862.83	2.06747	1.05207	
3	-1859.49	1.99886	1.03344	
4	-1858.03	1.95546	1.02125	
5	-1857.38	1.92725	1.01315	
6	-1857.08	1.86815	0.99596	
7	-1856.82	1.86967	0.99626	
8	-1856.82	1.86968	0.99626	
9	-1856.82	1.86968	0.99626	
Log-likelihood ratio converged.

Calculating the logLikelihood for the reduced model ...
(variance component 1 is dropped from the model)
Calculating prior values of variance components by EM-REML ...
Updated prior values: 4.90492
logL: -3954.12695
Running AI-REML algorithm ...
Iter.	logL	V(e)	
1	-3954.13	4.90492	
Log-likelihood ratio converged.

Summary result of REML analysis:
Source	Variance	SE
V(G)	1.869680	0.190576
V(e)	0.996258	0.027380
Vp	2.865938	0.189326
V(G)/Vp	0.652380	0.024637

Sampling variance/covariance of the estimates of variance components:
3.631910e-02	-6.121332e-04	
-6.121332e-04	7.496425e-04	

Summary result of REML analysis has been saved in the file [CauOUT.simu.pheno.43.hsq].

Analysis finished at 14:07:22 CET on Tue Dec 20 2022
Overall computational time: 2.92 sec.
