*******************************************************************
* Genome-wide Complex Trait Analysis (GCTA)
* version v1.94.1 Linux
* Built at Nov 15 2022 21:14:25, by GCC 8.5
* (C) 2010-present, Yang Lab, Westlake University
* Please report bugs to Jian Yang <jian.yang@westlake.edu.cn>
*******************************************************************
Analysis started at 14:06:55 CET on Tue Dec 20 2022.
Hostname: CGF-C9X299-PG300F

Accepted options:
--grm ../meala.penicilin
--pheno simu.pheno.36
--thread-num 5
--reml
--extract ../mela.penicillin.snplist
--out CauOUT.simu.pheno.36

Note: the program will be running on 5 threads.

Reading IDs of the GRM from [../meala.penicilin.grm.id].
3051 IDs are read from [../meala.penicilin.grm.id].
Reading the GRM from [../meala.penicilin.grm.bin].
GRM for 3051 individuals are included from [../meala.penicilin.grm.bin].
Reading phenotypes from [simu.pheno.36].
Non-missing phenotypes of 3051 individuals are included from [simu.pheno.36].

3051 individuals are in common in these files.

Performing  REML analysis ... (Note: may take hours depending on sample size).
3051 observations, 1 fixed effect(s), and 2 variance component(s)(including residual variance).
Calculating prior values of variance components by EM-REML ...
Updated prior values: 2.48701 1.17795
logL: -2358.08
Running AI-REML algorithm ...
Iter.	logL	V(G)	V(e)	
1	-1952.56	2.52766	1.12110	
2	-1945.33	2.55410	1.08657	
3	-1942.26	2.57177	1.06465	
4	-1940.91	2.58378	1.05036	
5	-1940.30	2.59201	1.04089	
6	-1940.02	2.61003	1.02082	
7	-1939.79	2.61072	1.02115	
8	-1939.79	2.61071	1.02115	
Log-likelihood ratio converged.

Calculating the logLikelihood for the reduced model ...
(variance component 1 is dropped from the model)
Calculating prior values of variance components by EM-REML ...
Updated prior values: 5.05094
logL: -3998.86231
Running AI-REML algorithm ...
Iter.	logL	V(e)	
1	-3998.86	5.05094	
Log-likelihood ratio converged.

Summary result of REML analysis:
Source	Variance	SE
V(G)	2.610714	0.251925
V(e)	1.021154	0.028219
Vp	3.631868	0.250211
V(G)/Vp	0.718835	0.020903

Sampling variance/covariance of the estimates of variance components:
6.346600e-02	-8.284839e-04	
-8.284839e-04	7.963076e-04	

Summary result of REML analysis has been saved in the file [CauOUT.simu.pheno.36.hsq].

Analysis finished at 14:06:58 CET on Tue Dec 20 2022
Overall computational time: 2.72 sec.
