*******************************************************************
* Genome-wide Complex Trait Analysis (GCTA)
* version v1.94.1 Linux
* Built at Nov 15 2022 21:14:25, by GCC 8.5
* (C) 2010-present, Yang Lab, Westlake University
* Please report bugs to Jian Yang <jian.yang@westlake.edu.cn>
*******************************************************************
Analysis started at 14:07:04 CET on Tue Dec 20 2022.
Hostname: CGF-C9X299-PG300F

Accepted options:
--grm ../meala.penicilin
--pheno simu.pheno.39
--thread-num 5
--reml
--extract ../mela.penicillin.snplist
--out CauOUT.simu.pheno.39

Note: the program will be running on 5 threads.

Reading IDs of the GRM from [../meala.penicilin.grm.id].
3051 IDs are read from [../meala.penicilin.grm.id].
Reading the GRM from [../meala.penicilin.grm.bin].
GRM for 3051 individuals are included from [../meala.penicilin.grm.bin].
Reading phenotypes from [simu.pheno.39].
Non-missing phenotypes of 3051 individuals are included from [simu.pheno.39].

3051 individuals are in common in these files.

Performing  REML analysis ... (Note: may take hours depending on sample size).
3051 observations, 1 fixed effect(s), and 2 variance component(s)(including residual variance).
Calculating prior values of variance components by EM-REML ...
Updated prior values: 2.40641 1.13879
logL: -2291.06
Running AI-REML algorithm ...
Iter.	logL	V(G)	V(e)	
1	-1866.13	1.83154	1.09744	
2	-1850.18	1.61029	1.07102	
3	-1844.85	1.49495	1.05388	
4	-1842.69	1.42746	1.04258	
5	-1841.76	1.38552	1.03504	
6	-1841.35	1.30008	1.01900	
7	-1841.00	1.30380	1.01927	
8	-1841.00	1.30385	1.01927	
9	-1841.00	1.30385	1.01927	
Log-likelihood ratio converged.

Calculating the logLikelihood for the reduced model ...
(variance component 1 is dropped from the model)
Calculating prior values of variance components by EM-REML ...
Updated prior values: 5.00816
logL: -3985.89224
Running AI-REML algorithm ...
Iter.	logL	V(e)	
1	-3985.89	5.00816	
Log-likelihood ratio converged.

Summary result of REML analysis:
Source	Variance	SE
V(G)	1.303851	0.143770
V(e)	1.019271	0.027847
Vp	2.323122	0.143086
V(G)/Vp	0.561249	0.028755

Sampling variance/covariance of the estimates of variance components:
2.066985e-02	-4.858098e-04	
-4.858098e-04	7.754595e-04	

Summary result of REML analysis has been saved in the file [CauOUT.simu.pheno.39.hsq].

Analysis finished at 14:07:07 CET on Tue Dec 20 2022
Overall computational time: 2.98 sec.
