*******************************************************************
* Genome-wide Complex Trait Analysis (GCTA)
* version v1.94.1 Linux
* Built at Nov 15 2022 21:14:25, by GCC 8.5
* (C) 2010-present, Yang Lab, Westlake University
* Please report bugs to Jian Yang <jian.yang@westlake.edu.cn>
*******************************************************************
Analysis started at 14:07:43 CET on Tue Dec 20 2022.
Hostname: CGF-C9X299-PG300F

Accepted options:
--grm ../meala.penicilin
--pheno simu.pheno.50
--thread-num 5
--reml
--extract ../mela.penicillin.snplist
--out CauOUT.simu.pheno.50

Note: the program will be running on 5 threads.

Reading IDs of the GRM from [../meala.penicilin.grm.id].
3051 IDs are read from [../meala.penicilin.grm.id].
Reading the GRM from [../meala.penicilin.grm.bin].
GRM for 3051 individuals are included from [../meala.penicilin.grm.bin].
Reading phenotypes from [simu.pheno.50].
Non-missing phenotypes of 3051 individuals are included from [simu.pheno.50].

3051 individuals are in common in these files.

Performing  REML analysis ... (Note: may take hours depending on sample size).
3051 observations, 1 fixed effect(s), and 2 variance component(s)(including residual variance).
Calculating prior values of variance components by EM-REML ...
Updated prior values: 2.36012 1.17147
logL: -2291.84
Running AI-REML algorithm ...
Iter.	logL	V(G)	V(e)	
1	-1908.43	1.51671	1.13766	
2	-1884.27	1.28526	1.11449	
3	-1878.33	1.17314	1.09912	
4	-1876.07	1.10984	1.08886	
5	-1875.13	1.07133	1.08197	
6	-1874.72	0.99402	1.06723	
7	-1874.37	0.99859	1.06739	
8	-1874.37	0.99860	1.06739	
9	-1874.37	0.99860	1.06739	
Log-likelihood ratio converged.

Calculating the logLikelihood for the reduced model ...
(variance component 1 is dropped from the model)
Calculating prior values of variance components by EM-REML ...
Updated prior values: 4.93783
logL: -3964.32287
Running AI-REML algorithm ...
Iter.	logL	V(e)	
1	-3964.32	4.93783	
Log-likelihood ratio converged.

Summary result of REML analysis:
Source	Variance	SE
V(G)	0.998604	0.116893
V(e)	1.067391	0.028995
Vp	2.065995	0.117027
V(G)/Vp	0.483353	0.030787

Sampling variance/covariance of the estimates of variance components:
1.366394e-02	-4.046768e-04	
-4.046768e-04	8.407175e-04	

Summary result of REML analysis has been saved in the file [CauOUT.simu.pheno.50.hsq].

Analysis finished at 14:07:46 CET on Tue Dec 20 2022
Overall computational time: 3.04 sec.
