*******************************************************************
* Genome-wide Complex Trait Analysis (GCTA)
* version v1.94.1 Linux
* Built at Nov 15 2022 21:14:25, by GCC 8.5
* (C) 2010-present, Yang Lab, Westlake University
* Please report bugs to Jian Yang <jian.yang@westlake.edu.cn>
*******************************************************************
Analysis started at 14:06:35 CET on Tue Dec 20 2022.
Hostname: CGF-C9X299-PG300F

Accepted options:
--grm ../meala.penicilin
--pheno simu.pheno.3
--thread-num 5
--reml
--extract ../mela.penicillin.snplist
--out CauOUT.simu.pheno.3

Note: the program will be running on 5 threads.

Reading IDs of the GRM from [../meala.penicilin.grm.id].
3051 IDs are read from [../meala.penicilin.grm.id].
Reading the GRM from [../meala.penicilin.grm.bin].
GRM for 3051 individuals are included from [../meala.penicilin.grm.bin].
Reading phenotypes from [simu.pheno.3].
Non-missing phenotypes of 3051 individuals are included from [simu.pheno.3].

3051 individuals are in common in these files.

Performing  REML analysis ... (Note: may take hours depending on sample size).
3051 observations, 1 fixed effect(s), and 2 variance component(s)(including residual variance).
Calculating prior values of variance components by EM-REML ...
Updated prior values: 2.42082 1.15052
logL: -2307.13
Running AI-REML algorithm ...
Iter.	logL	V(G)	V(e)	
1	-1889.15	2.12748	1.10223	
2	-1879.51	1.97323	1.07262	
3	-1875.56	1.88204	1.05376	
4	-1873.85	1.82474	1.04146	
5	-1873.08	1.78742	1.03333	
6	-1872.74	1.70871	1.01613	
7	-1872.44	1.70848	1.01659	
8	-1872.44	1.70841	1.01660	
9	-1872.44	1.70841	1.01660	
Log-likelihood ratio converged.

Calculating the logLikelihood for the reduced model ...
(variance component 1 is dropped from the model)
Calculating prior values of variance components by EM-REML ...
Updated prior values: 5.00705
logL: -3985.55332
Running AI-REML algorithm ...
Iter.	logL	V(e)	
1	-3985.55	5.00705	
Log-likelihood ratio converged.

Summary result of REML analysis:
Source	Variance	SE
V(G)	1.708410	0.183418
V(e)	1.016598	0.028008
Vp	2.725008	0.181723
V(G)/Vp	0.626938	0.026763

Sampling variance/covariance of the estimates of variance components:
3.364216e-02	-7.016869e-04	
-7.016869e-04	7.844566e-04	

Summary result of REML analysis has been saved in the file [CauOUT.simu.pheno.3.hsq].

Analysis finished at 14:06:38 CET on Tue Dec 20 2022
Overall computational time: 2.96 sec.
