*******************************************************************
* Genome-wide Complex Trait Analysis (GCTA)
* version v1.94.1 Linux
* Built at Nov 15 2022 21:14:25, by GCC 8.5
* (C) 2010-present, Yang Lab, Westlake University
* Please report bugs to Jian Yang <jian.yang@westlake.edu.cn>
*******************************************************************
Analysis started at 15:21:32 CET on Tue Dec 20 2022.
Hostname: CGF-C9X299-PG300F

Accepted options:
--grm ../meala.gcta
--pheno SUBpheno.sim.6
--thread-num 5
--reml
--out out.SUBpheno.sim.6

Note: the program will be running on 5 threads.

Reading IDs of the GRM from [../meala.gcta.grm.id].
3051 IDs are read from [../meala.gcta.grm.id].
Reading the GRM from [../meala.gcta.grm.bin].
GRM for 3051 individuals are included from [../meala.gcta.grm.bin].
Reading phenotypes from [SUBpheno.sim.6].
Non-missing phenotypes of 1500 individuals are included from [SUBpheno.sim.6].

1500 individuals are in common in these files.

Performing  REML analysis ... (Note: may take hours depending on sample size).
1500 observations, 1 fixed effect(s), and 2 variance component(s)(including residual variance).
Calculating prior values of variance components by EM-REML ...
Updated prior values: 2.23933 1.44797
logL: -1345.87
Running AI-REML algorithm ...
Iter.	logL	V(G)	V(e)	
1	-1235.08	2.16014	1.31190	
2	-1224.25	2.10957	1.23840	
3	-1220.05	2.07687	1.19455	
4	-1218.29	2.05543	1.16699	
5	-1217.51	2.04125	1.14913	
6	-1217.17	2.01136	1.11180	
7	-1216.88	2.01257	1.11278	
8	-1216.88	2.01255	1.11278	
9	-1216.88	2.01255	1.11278	
Log-likelihood ratio converged.

Calculating the logLikelihood for the reduced model ...
(variance component 1 is dropped from the model)
Calculating prior values of variance components by EM-REML ...
Updated prior values: 4.79376
logL: -1927.85983
Running AI-REML algorithm ...
Iter.	logL	V(e)	
1	-1927.86	4.79376	
Log-likelihood ratio converged.

Summary result of REML analysis:
Source	Variance	SE
V(G)	2.012554	0.203040
V(e)	1.112780	0.053973
Vp	3.125334	0.191501
V(G)/Vp	0.643949	0.028878

Sampling variance/covariance of the estimates of variance components:
4.122527e-02	-3.732848e-03	
-3.732848e-03	2.913131e-03	

Summary result of REML analysis has been saved in the file [out.SUBpheno.sim.6.hsq].

Analysis finished at 15:21:33 CET on Tue Dec 20 2022
Overall computational time: 0.65 sec.
