*******************************************************************
* Genome-wide Complex Trait Analysis (GCTA)
* version v1.94.1 Linux
* Built at Nov 15 2022 21:14:25, by GCC 8.5
* (C) 2010-present, Yang Lab, Westlake University
* Please report bugs to Jian Yang <jian.yang@westlake.edu.cn>
*******************************************************************
Analysis started at 15:24:27 CET on Tue Dec 20 2022.
Hostname: CGF-C9X299-PG300F

Accepted options:
--grm ../meala.gcta
--pheno SUB500pheno..22
--thread-num 3
--reml
--out out.SUB500pheno..22

Note: the program will be running on 3 threads.

Reading IDs of the GRM from [../meala.gcta.grm.id].
3051 IDs are read from [../meala.gcta.grm.id].
Reading the GRM from [../meala.gcta.grm.bin].
GRM for 3051 individuals are included from [../meala.gcta.grm.bin].
Reading phenotypes from [SUB500pheno..22].
Non-missing phenotypes of 500 individuals are included from [SUB500pheno..22].

500 individuals are in common in these files.

Performing  REML analysis ... (Note: may take hours depending on sample size).
500 observations, 1 fixed effect(s), and 2 variance component(s)(including residual variance).
Calculating prior values of variance components by EM-REML ...
Updated prior values: 2.55256 1.89342
logL: -545.161
Running AI-REML algorithm ...
Iter.	logL	V(G)	V(e)	
1	-524.37	2.62475	1.66436	
2	-520.47	2.66180	1.54526	
3	-519.02	2.68323	1.47552	
4	-518.42	2.69653	1.43213	
5	-518.16	2.72387	1.34368	
6	-517.95	2.72414	1.34749	
7	-517.95	2.72405	1.34752	
8	-517.95	2.72405	1.34752	
Log-likelihood ratio converged.

Calculating the logLikelihood for the reduced model ...
(variance component 1 is dropped from the model)
Calculating prior values of variance components by EM-REML ...
Updated prior values: 5.40057
logL: -673.39001
Running AI-REML algorithm ...
Iter.	logL	V(e)	
1	-673.39	5.40057	
Log-likelihood ratio converged.

Summary result of REML analysis:
Source	Variance	SE
V(G)	2.724052	0.374724
V(e)	1.347522	0.129556
Vp	4.071574	0.348930
V(G)/Vp	0.669042	0.043064

Sampling variance/covariance of the estimates of variance components:
1.404179e-01	-1.772525e-02	
-1.772525e-02	1.678475e-02	

Summary result of REML analysis has been saved in the file [out.SUB500pheno..22.hsq].

Analysis finished at 15:24:28 CET on Tue Dec 20 2022
Overall computational time: 0.16 sec.
