*******************************************************************
* Genome-wide Complex Trait Analysis (GCTA)
* version v1.94.1 Linux
* Built at Nov 15 2022 21:14:25, by GCC 8.5
* (C) 2010-present, Yang Lab, Westlake University
* Please report bugs to Jian Yang <jian.yang@westlake.edu.cn>
*******************************************************************
Analysis started at 12:48:53 CET on Tue Dec 20 2022.
Hostname: CGF-C9X299-PG300F

Accepted options:
--grm ../meala.gcta
--pheno simu.pheno.28
--thread-num 5
--reml
--out OUT.simu.pheno.28

Note: the program will be running on 5 threads.

Reading IDs of the GRM from [../meala.gcta.grm.id].
3051 IDs are read from [../meala.gcta.grm.id].
Reading the GRM from [../meala.gcta.grm.bin].
GRM for 3051 individuals are included from [../meala.gcta.grm.bin].
Reading phenotypes from [simu.pheno.28].
Non-missing phenotypes of 3051 individuals are included from [simu.pheno.28].

3051 individuals are in common in these files.

Performing  REML analysis ... (Note: may take hours depending on sample size).
3051 observations, 1 fixed effect(s), and 2 variance component(s)(including residual variance).
Calculating prior values of variance components by EM-REML ...
Updated prior values: 2.34466 1.31663
logL: -2545.52
Running AI-REML algorithm ...
Iter.	logL	V(G)	V(e)	
1	-2217.70	2.30922	1.18592	
2	-2193.84	2.28674	1.11529	
3	-2184.62	2.27328	1.07302	
4	-2180.75	2.26556	1.04634	
5	-2179.05	2.26136	1.02895	
6	-2178.29	2.25927	1.01739	
7	-2177.94	2.25659	0.99276	
8	-2177.63	2.26095	0.99274	
9	-2177.63	2.26135	0.99270	
10	-2177.63	2.26139	0.99269	
Log-likelihood ratio converged.

Calculating the logLikelihood for the reduced model ...
(variance component 1 is dropped from the model)
Calculating prior values of variance components by EM-REML ...
Updated prior values: 4.97144
logL: -3974.66821
Running AI-REML algorithm ...
Iter.	logL	V(e)	
1	-3974.67	4.97144	
Log-likelihood ratio converged.

Summary result of REML analysis:
Source	Variance	SE
V(G)	2.261392	0.186528
V(e)	0.992690	0.033384
Vp	3.254081	0.176571
V(G)/Vp	0.694940	0.021244

Sampling variance/covariance of the estimates of variance components:
3.479272e-02	-2.365011e-03	
-2.365011e-03	1.114483e-03	

Summary result of REML analysis has been saved in the file [OUT.simu.pheno.28.hsq].

Analysis finished at 12:48:56 CET on Tue Dec 20 2022
Overall computational time: 3.21 sec.
