*******************************************************************
* Genome-wide Complex Trait Analysis (GCTA)
* version v1.94.1 Linux
* Built at Nov 15 2022 21:14:25, by GCC 8.5
* (C) 2010-present, Yang Lab, Westlake University
* Please report bugs to Jian Yang <jian.yang@westlake.edu.cn>
*******************************************************************
Analysis started at 15:21:16 CET on Tue Dec 20 2022.
Hostname: CGF-C9X299-PG300F

Accepted options:
--grm ../meala.gcta
--pheno SUBpheno.sim.29
--thread-num 5
--reml
--out out.SUBpheno.sim.29

Note: the program will be running on 5 threads.

Reading IDs of the GRM from [../meala.gcta.grm.id].
3051 IDs are read from [../meala.gcta.grm.id].
Reading the GRM from [../meala.gcta.grm.bin].
GRM for 3051 individuals are included from [../meala.gcta.grm.bin].
Reading phenotypes from [SUBpheno.sim.29].
Non-missing phenotypes of 1500 individuals are included from [SUBpheno.sim.29].

1500 individuals are in common in these files.

Performing  REML analysis ... (Note: may take hours depending on sample size).
1500 observations, 1 fixed effect(s), and 2 variance component(s)(including residual variance).
Calculating prior values of variance components by EM-REML ...
Updated prior values: 2.44407  1.6254
logL: -1413.05
Running AI-REML algorithm ...
Iter.	logL	V(G)	V(e)	
1	-1310.18	2.29087	1.49272	
2	-1300.30	2.20322	1.41890	
3	-1296.41	2.14967	1.37415	
4	-1294.76	2.11575	1.34575	
5	-1294.04	2.09380	1.32723	
6	-1293.71	2.04828	1.28831	
7	-1293.43	2.05099	1.28907	
8	-1293.43	2.05115	1.28904	
9	-1293.43	2.05118	1.28903	
Log-likelihood ratio converged.

Calculating the logLikelihood for the reduced model ...
(variance component 1 is dropped from the model)
Calculating prior values of variance components by EM-REML ...
Updated prior values: 5.27088
logL: -1998.97392
Running AI-REML algorithm ...
Iter.	logL	V(e)	
1	-1998.97	5.27088	
Log-likelihood ratio converged.

Summary result of REML analysis:
Source	Variance	SE
V(G)	2.051177	0.226820
V(e)	1.289034	0.062747
Vp	3.340211	0.211378
V(G)/Vp	0.614086	0.032360

Sampling variance/covariance of the estimates of variance components:
5.144721e-02	-5.351801e-03	
-5.351801e-03	3.937222e-03	

Summary result of REML analysis has been saved in the file [out.SUBpheno.sim.29.hsq].

Analysis finished at 15:21:16 CET on Tue Dec 20 2022
Overall computational time: 0.67 sec.
