*******************************************************************
* Genome-wide Complex Trait Analysis (GCTA)
* version v1.94.1 Linux
* Built at Nov 15 2022 21:14:25, by GCC 8.5
* (C) 2010-present, Yang Lab, Westlake University
* Please report bugs to Jian Yang <jian.yang@westlake.edu.cn>
*******************************************************************
Analysis started at 15:24:31 CET on Tue Dec 20 2022.
Hostname: CGF-C9X299-PG300F

Accepted options:
--grm ../meala.gcta
--pheno SUB500pheno..44
--thread-num 3
--reml
--out out.SUB500pheno..44

Note: the program will be running on 3 threads.

Reading IDs of the GRM from [../meala.gcta.grm.id].
3051 IDs are read from [../meala.gcta.grm.id].
Reading the GRM from [../meala.gcta.grm.bin].
GRM for 3051 individuals are included from [../meala.gcta.grm.bin].
Reading phenotypes from [SUB500pheno..44].
Non-missing phenotypes of 500 individuals are included from [SUB500pheno..44].

500 individuals are in common in these files.

Performing  REML analysis ... (Note: may take hours depending on sample size).
500 observations, 1 fixed effect(s), and 2 variance component(s)(including residual variance).
Calculating prior values of variance components by EM-REML ...
Updated prior values: 2.43419 1.75633
logL: -523.092
Running AI-REML algorithm ...
Iter.	logL	V(G)	V(e)	
1	-488.08	2.23089	1.51359	
2	-480.76	2.11684	1.39893	
3	-478.19	2.04785	1.33439	
4	-477.15	2.00420	1.29511	
5	-476.71	1.97581	1.27016	
6	-476.52	1.91638	1.21868	
7	-476.35	1.91794	1.22072	
8	-476.35	1.91795	1.22072	
9	-476.35	1.91795	1.22072	
Log-likelihood ratio converged.

Calculating the logLikelihood for the reduced model ...
(variance component 1 is dropped from the model)
Calculating prior values of variance components by EM-REML ...
Updated prior values: 5.52069
logL: -678.87893
Running AI-REML algorithm ...
Iter.	logL	V(e)	
1	-678.88	5.52069	
Log-likelihood ratio converged.

Summary result of REML analysis:
Source	Variance	SE
V(G)	1.917949	0.272713
V(e)	1.220720	0.113883
Vp	3.138670	0.255457
V(G)/Vp	0.611071	0.046544

Sampling variance/covariance of the estimates of variance components:
7.437213e-02	-1.104161e-02	
-1.104161e-02	1.296925e-02	

Summary result of REML analysis has been saved in the file [out.SUB500pheno..44.hsq].

Analysis finished at 15:24:32 CET on Tue Dec 20 2022
Overall computational time: 0.16 sec.
