*******************************************************************
* Genome-wide Complex Trait Analysis (GCTA)
* version v1.94.1 Linux
* Built at Nov 15 2022 21:14:25, by GCC 8.5
* (C) 2010-present, Yang Lab, Westlake University
* Please report bugs to Jian Yang <jian.yang@westlake.edu.cn>
*******************************************************************
Analysis started at 15:21:08 CET on Tue Dec 20 2022.
Hostname: CGF-C9X299-PG300F

Accepted options:
--grm ../meala.gcta
--pheno SUBpheno.sim.19
--thread-num 5
--reml
--out out.SUBpheno.sim.19

Note: the program will be running on 5 threads.

Reading IDs of the GRM from [../meala.gcta.grm.id].
3051 IDs are read from [../meala.gcta.grm.id].
Reading the GRM from [../meala.gcta.grm.bin].
GRM for 3051 individuals are included from [../meala.gcta.grm.bin].
Reading phenotypes from [SUBpheno.sim.19].
Non-missing phenotypes of 1500 individuals are included from [SUBpheno.sim.19].

1500 individuals are in common in these files.

Performing  REML analysis ... (Note: may take hours depending on sample size).
1500 observations, 1 fixed effect(s), and 2 variance component(s)(including residual variance).
Calculating prior values of variance components by EM-REML ...
Updated prior values: 2.33601 1.38861
logL: -1324.46
Running AI-REML algorithm ...
Iter.	logL	V(G)	V(e)	
1	-1164.18	2.08303	1.23259	
2	-1145.13	1.95338	1.15337	
3	-1138.22	1.87787	1.10742	
4	-1135.40	1.83108	1.07899	
5	-1134.19	1.80104	1.06075	
6	-1133.66	1.78133	1.04878	
7	-1133.41	1.73985	1.02358	
8	-1133.21	1.74087	1.02416	
9	-1133.21	1.74088	1.02416	
10	-1133.21	1.74088	1.02416	
Log-likelihood ratio converged.

Calculating the logLikelihood for the reduced model ...
(variance component 1 is dropped from the model)
Calculating prior values of variance components by EM-REML ...
Updated prior values: 5.12654
logL: -1978.16241
Running AI-REML algorithm ...
Iter.	logL	V(e)	
1	-1978.16	5.12654	
Log-likelihood ratio converged.

Summary result of REML analysis:
Source	Variance	SE
V(G)	1.740878	0.185126
V(e)	1.024157	0.049613
Vp	2.765035	0.173663
V(G)/Vp	0.629604	0.030710

Sampling variance/covariance of the estimates of variance components:
3.427148e-02	-3.286991e-03	
-3.286991e-03	2.461446e-03	

Summary result of REML analysis has been saved in the file [out.SUBpheno.sim.19.hsq].

Analysis finished at 15:21:09 CET on Tue Dec 20 2022
Overall computational time: 0.76 sec.
