*******************************************************************
* Genome-wide Complex Trait Analysis (GCTA)
* version v1.94.1 Linux
* Built at Nov 15 2022 21:14:25, by GCC 8.5
* (C) 2010-present, Yang Lab, Westlake University
* Please report bugs to Jian Yang <jian.yang@westlake.edu.cn>
*******************************************************************
Analysis started at 15:21:04 CET on Tue Dec 20 2022.
Hostname: CGF-C9X299-PG300F

Accepted options:
--grm ../meala.gcta
--pheno SUBpheno.sim.12
--thread-num 5
--reml
--out out.SUBpheno.sim.12

Note: the program will be running on 5 threads.

Reading IDs of the GRM from [../meala.gcta.grm.id].
3051 IDs are read from [../meala.gcta.grm.id].
Reading the GRM from [../meala.gcta.grm.bin].
GRM for 3051 individuals are included from [../meala.gcta.grm.bin].
Reading phenotypes from [SUBpheno.sim.12].
Non-missing phenotypes of 1500 individuals are included from [SUBpheno.sim.12].

1500 individuals are in common in these files.

Performing  REML analysis ... (Note: may take hours depending on sample size).
1500 observations, 1 fixed effect(s), and 2 variance component(s)(including residual variance).
Calculating prior values of variance components by EM-REML ...
Updated prior values: 2.53262  1.6244
logL: -1440.21
Running AI-REML algorithm ...
Iter.	logL	V(G)	V(e)	
1	-1338.86	2.62082	1.46163	
2	-1328.82	2.67411	1.37268	
3	-1324.94	2.70815	1.31931	
4	-1323.31	2.73057	1.28567	
5	-1322.60	2.74562	1.26382	
6	-1322.28	2.77803	1.21810	
7	-1322.01	2.77866	1.21925	
8	-1322.01	2.77864	1.21925	
9	-1322.01	2.77864	1.21925	
Log-likelihood ratio converged.

Calculating the logLikelihood for the reduced model ...
(variance component 1 is dropped from the model)
Calculating prior values of variance components by EM-REML ...
Updated prior values: 5.27364
logL: -1999.36533
Running AI-REML algorithm ...
Iter.	logL	V(e)	
1	-1999.37	5.27364	
Log-likelihood ratio converged.

Summary result of REML analysis:
Source	Variance	SE
V(G)	2.778643	0.269024
V(e)	1.219253	0.060338
Vp	3.997896	0.254499
V(G)/Vp	0.695026	0.026083

Sampling variance/covariance of the estimates of variance components:
7.237381e-02	-5.622323e-03	
-5.622323e-03	3.640684e-03	

Summary result of REML analysis has been saved in the file [out.SUBpheno.sim.12.hsq].

Analysis finished at 15:21:04 CET on Tue Dec 20 2022
Overall computational time: 0.62 sec.
