*******************************************************************
* Genome-wide Complex Trait Analysis (GCTA)
* version v1.94.1 Linux
* Built at Nov 15 2022 21:14:25, by GCC 8.5
* (C) 2010-present, Yang Lab, Westlake University
* Please report bugs to Jian Yang <jian.yang@westlake.edu.cn>
*******************************************************************
Analysis started at 15:21:10 CET on Tue Dec 20 2022.
Hostname: CGF-C9X299-PG300F

Accepted options:
--grm ../meala.gcta
--pheno SUBpheno.sim.20
--thread-num 5
--reml
--out out.SUBpheno.sim.20

Note: the program will be running on 5 threads.

Reading IDs of the GRM from [../meala.gcta.grm.id].
3051 IDs are read from [../meala.gcta.grm.id].
Reading the GRM from [../meala.gcta.grm.bin].
GRM for 3051 individuals are included from [../meala.gcta.grm.bin].
Reading phenotypes from [SUBpheno.sim.20].
Non-missing phenotypes of 1500 individuals are included from [SUBpheno.sim.20].

1500 individuals are in common in these files.

Performing  REML analysis ... (Note: may take hours depending on sample size).
1500 observations, 1 fixed effect(s), and 2 variance component(s)(including residual variance).
Calculating prior values of variance components by EM-REML ...
Updated prior values: 2.37826 1.58225
logL: -1409.45
Running AI-REML algorithm ...
Iter.	logL	V(G)	V(e)	
1	-1318.84	2.47245	1.42626	
2	-1309.34	2.53774	1.33848	
3	-1305.52	2.58505	1.28462	
4	-1303.86	2.62002	1.24997	
5	-1303.11	2.64611	1.22702	
6	-1302.76	2.70791	1.17805	
7	-1302.44	2.72115	1.17721	
8	-1302.44	2.72242	1.17701	
9	-1302.44	2.72256	1.17698	
Log-likelihood ratio converged.

Calculating the logLikelihood for the reduced model ...
(variance component 1 is dropped from the model)
Calculating prior values of variance components by EM-REML ...
Updated prior values: 4.98052
logL: -1956.50451
Running AI-REML algorithm ...
Iter.	logL	V(e)	
1	-1956.50	4.98052	
Log-likelihood ratio converged.

Summary result of REML analysis:
Source	Variance	SE
V(G)	2.722563	0.271802
V(e)	1.176983	0.060046
Vp	3.899546	0.254607
V(G)/Vp	0.698174	0.027084

Sampling variance/covariance of the estimates of variance components:
7.387617e-02	-6.328484e-03	
-6.328484e-03	3.605568e-03	

Summary result of REML analysis has been saved in the file [out.SUBpheno.sim.20.hsq].

Analysis finished at 15:21:10 CET on Tue Dec 20 2022
Overall computational time: 0.62 sec.
