*******************************************************************
* Genome-wide Complex Trait Analysis (GCTA)
* version v1.94.1 Linux
* Built at Nov 15 2022 21:14:25, by GCC 8.5
* (C) 2010-present, Yang Lab, Westlake University
* Please report bugs to Jian Yang <jian.yang@westlake.edu.cn>
*******************************************************************
Analysis started at 15:24:26 CET on Tue Dec 20 2022.
Hostname: CGF-C9X299-PG300F

Accepted options:
--grm ../meala.gcta
--pheno SUB500pheno..13
--thread-num 3
--reml
--out out.SUB500pheno..13

Note: the program will be running on 3 threads.

Reading IDs of the GRM from [../meala.gcta.grm.id].
3051 IDs are read from [../meala.gcta.grm.id].
Reading the GRM from [../meala.gcta.grm.bin].
GRM for 3051 individuals are included from [../meala.gcta.grm.bin].
Reading phenotypes from [SUB500pheno..13].
Non-missing phenotypes of 500 individuals are included from [SUB500pheno..13].

500 individuals are in common in these files.

Performing  REML analysis ... (Note: may take hours depending on sample size).
500 observations, 1 fixed effect(s), and 2 variance component(s)(including residual variance).
Calculating prior values of variance components by EM-REML ...
Updated prior values: 2.29685 1.68776
logL: -510.093
Running AI-REML algorithm ...
Iter.	logL	V(G)	V(e)	
1	-482.67	2.25100	1.47106	
2	-477.62	2.21813	1.36173	
3	-475.76	2.19653	1.29840	
4	-475.00	2.18265	1.25914	
5	-474.66	2.15473	1.17906	
6	-474.39	2.16005	1.18174	
7	-474.39	2.16009	1.18174	
8	-474.39	2.16009	1.18174	
Log-likelihood ratio converged.

Calculating the logLikelihood for the reduced model ...
(variance component 1 is dropped from the model)
Calculating prior values of variance components by EM-REML ...
Updated prior values: 5.05318
logL: -656.80158
Running AI-REML algorithm ...
Iter.	logL	V(e)	
1	-656.80	5.05318	
Log-likelihood ratio converged.

Summary result of REML analysis:
Source	Variance	SE
V(G)	2.160089	0.315976
V(e)	1.181736	0.114317
Vp	3.341825	0.290049
V(G)/Vp	0.646380	0.046860

Sampling variance/covariance of the estimates of variance components:
9.984080e-02	-1.439034e-02	
-1.439034e-02	1.306845e-02	

Summary result of REML analysis has been saved in the file [out.SUB500pheno..13.hsq].

Analysis finished at 15:24:26 CET on Tue Dec 20 2022
Overall computational time: 0.16 sec.
