*******************************************************************
* Genome-wide Complex Trait Analysis (GCTA)
* version v1.94.1 Linux
* Built at Nov 15 2022 21:14:25, by GCC 8.5
* (C) 2010-present, Yang Lab, Westlake University
* Please report bugs to Jian Yang <jian.yang@westlake.edu.cn>
*******************************************************************
Analysis started at 15:21:14 CET on Tue Dec 20 2022.
Hostname: CGF-C9X299-PG300F

Accepted options:
--grm ../meala.gcta
--pheno SUBpheno.sim.27
--thread-num 5
--reml
--out out.SUBpheno.sim.27

Note: the program will be running on 5 threads.

Reading IDs of the GRM from [../meala.gcta.grm.id].
3051 IDs are read from [../meala.gcta.grm.id].
Reading the GRM from [../meala.gcta.grm.bin].
GRM for 3051 individuals are included from [../meala.gcta.grm.bin].
Reading phenotypes from [SUBpheno.sim.27].
Non-missing phenotypes of 1500 individuals are included from [SUBpheno.sim.27].

1500 individuals are in common in these files.

Performing  REML analysis ... (Note: may take hours depending on sample size).
1500 observations, 1 fixed effect(s), and 2 variance component(s)(including residual variance).
Calculating prior values of variance components by EM-REML ...
Updated prior values: 2.60002 1.77972
logL: -1505.81
Running AI-REML algorithm ...
Iter.	logL	V(G)	V(e)	
1	-1437.47	2.93136	1.58506	
2	-1425.26	3.19628	1.46940	
3	-1419.63	3.40413	1.39563	
4	-1416.91	3.56409	1.34672	
5	-1415.57	3.68518	1.31353	
6	-1414.89	3.77561	1.29069	
7	-1414.55	3.98714	1.24048	
8	-1414.21	4.01691	1.23771	
9	-1414.21	4.01951	1.23735	
10	-1414.21	4.01975	1.23731	
Log-likelihood ratio converged.

Calculating the logLikelihood for the reduced model ...
(variance component 1 is dropped from the model)
Calculating prior values of variance components by EM-REML ...
Updated prior values: 5.25055
logL: -1996.07750
Running AI-REML algorithm ...
Iter.	logL	V(e)	
1	-1996.08	5.25055	
Log-likelihood ratio converged.

Summary result of REML analysis:
Source	Variance	SE
V(G)	4.019748	0.374554
V(e)	1.237314	0.067029
Vp	5.257063	0.352054
V(G)/Vp	0.764638	0.022627

Sampling variance/covariance of the estimates of variance components:
1.402906e-01	-1.042059e-02	
-1.042059e-02	4.492917e-03	

Summary result of REML analysis has been saved in the file [out.SUBpheno.sim.27.hsq].

Analysis finished at 15:21:15 CET on Tue Dec 20 2022
Overall computational time: 0.67 sec.
