*******************************************************************
* Genome-wide Complex Trait Analysis (GCTA)
* version v1.94.1 Linux
* Built at Nov 15 2022 21:14:25, by GCC 8.5
* (C) 2010-present, Yang Lab, Westlake University
* Please report bugs to Jian Yang <jian.yang@westlake.edu.cn>
*******************************************************************
Analysis started at 12:50:21 CET on Tue Dec 20 2022.
Hostname: CGF-C9X299-PG300F

Accepted options:
--grm ../meala.gcta
--pheno simu.pheno.7
--thread-num 5
--reml
--out OUT.simu.pheno.7

Note: the program will be running on 5 threads.

Reading IDs of the GRM from [../meala.gcta.grm.id].
3051 IDs are read from [../meala.gcta.grm.id].
Reading the GRM from [../meala.gcta.grm.bin].
GRM for 3051 individuals are included from [../meala.gcta.grm.bin].
Reading phenotypes from [simu.pheno.7].
Non-missing phenotypes of 3051 individuals are included from [simu.pheno.7].

3051 individuals are in common in these files.

Performing  REML analysis ... (Note: may take hours depending on sample size).
3051 observations, 1 fixed effect(s), and 2 variance component(s)(including residual variance).
Calculating prior values of variance components by EM-REML ...
Updated prior values: 2.27544 1.25341
logL: -2462.78
Running AI-REML algorithm ...
Iter.	logL	V(G)	V(e)	
1	-2085.33	1.57142	1.17506	
2	-2039.93	1.34835	1.12468	
3	-2026.03	1.23715	1.09329	
4	-2020.54	1.17319	1.07321	
5	-2018.20	1.13369	1.06010	
6	-2017.17	1.10827	1.05143	
7	-2016.70	1.09149	1.04565	
8	-2016.49	1.05586	1.03336	
9	-2016.30	1.05580	1.03367	
10	-2016.30	1.05578	1.03368	
Log-likelihood ratio converged.

Calculating the logLikelihood for the reduced model ...
(variance component 1 is dropped from the model)
Calculating prior values of variance components by EM-REML ...
Updated prior values: 4.98279
logL: -3978.14762
Running AI-REML algorithm ...
Iter.	logL	V(e)	
1	-3978.15	4.98279	
Log-likelihood ratio converged.

Summary result of REML analysis:
Source	Variance	SE
V(G)	1.055778	0.101643
V(e)	1.033677	0.031477
Vp	2.089455	0.097033
V(G)/Vp	0.505289	0.027318

Sampling variance/covariance of the estimates of variance components:
1.033128e-02	-9.533273e-04	
-9.533273e-04	9.907840e-04	

Summary result of REML analysis has been saved in the file [OUT.simu.pheno.7.hsq].

Analysis finished at 12:50:24 CET on Tue Dec 20 2022
Overall computational time: 3.23 sec.
