*******************************************************************
* Genome-wide Complex Trait Analysis (GCTA)
* version v1.94.1 Linux
* Built at Nov 15 2022 21:14:25, by GCC 8.5
* (C) 2010-present, Yang Lab, Westlake University
* Please report bugs to Jian Yang <jian.yang@westlake.edu.cn>
*******************************************************************
Analysis started at 12:49:03 CET on Tue Dec 20 2022.
Hostname: CGF-C9X299-PG300F

Accepted options:
--grm ../meala.gcta
--pheno simu.pheno.30
--thread-num 5
--reml
--out OUT.simu.pheno.30

Note: the program will be running on 5 threads.

Reading IDs of the GRM from [../meala.gcta.grm.id].
3051 IDs are read from [../meala.gcta.grm.id].
Reading the GRM from [../meala.gcta.grm.bin].
GRM for 3051 individuals are included from [../meala.gcta.grm.bin].
Reading phenotypes from [simu.pheno.30].
Non-missing phenotypes of 3051 individuals are included from [simu.pheno.30].

3051 individuals are in common in these files.

Performing  REML analysis ... (Note: may take hours depending on sample size).
3051 observations, 1 fixed effect(s), and 2 variance component(s)(including residual variance).
Calculating prior values of variance components by EM-REML ...
Updated prior values: 2.35266 1.48127
logL: -2658.96
Running AI-REML algorithm ...
Iter.	logL	V(G)	V(e)	
1	-2442.80	2.36971	1.37233	
2	-2429.66	2.38351	1.30869	
3	-2424.24	2.39541	1.26895	
4	-2421.87	2.40568	1.24315	
5	-2420.81	2.41439	1.22601	
6	-2420.32	2.42166	1.21443	
7	-2420.09	2.44048	1.18943	
8	-2419.89	2.44804	1.18887	
9	-2419.89	2.44904	1.18874	
10	-2419.89	2.44919	1.18872	
Log-likelihood ratio converged.

Calculating the logLikelihood for the reduced model ...
(variance component 1 is dropped from the model)
Calculating prior values of variance components by EM-REML ...
Updated prior values: 4.92721
logL: -3961.04091
Running AI-REML algorithm ...
Iter.	logL	V(e)	
1	-3961.04	4.92721	
Log-likelihood ratio converged.

Summary result of REML analysis:
Source	Variance	SE
V(G)	2.449188	0.208988
V(e)	1.188724	0.039647
Vp	3.637911	0.197327
V(G)/Vp	0.673240	0.022607

Sampling variance/covariance of the estimates of variance components:
4.367610e-02	-3.155004e-03	
-3.155004e-03	1.571885e-03	

Summary result of REML analysis has been saved in the file [OUT.simu.pheno.30.hsq].

Analysis finished at 12:49:06 CET on Tue Dec 20 2022
Overall computational time: 3.26 sec.
