*******************************************************************
* Genome-wide Complex Trait Analysis (GCTA)
* version v1.94.1 Linux
* Built at Nov 15 2022 21:14:25, by GCC 8.5
* (C) 2010-present, Yang Lab, Westlake University
* Please report bugs to Jian Yang <jian.yang@westlake.edu.cn>
*******************************************************************
Analysis started at 15:21:15 CET on Tue Dec 20 2022.
Hostname: CGF-C9X299-PG300F

Accepted options:
--grm ../meala.gcta
--pheno SUBpheno.sim.28
--thread-num 5
--reml
--out out.SUBpheno.sim.28

Note: the program will be running on 5 threads.

Reading IDs of the GRM from [../meala.gcta.grm.id].
3051 IDs are read from [../meala.gcta.grm.id].
Reading the GRM from [../meala.gcta.grm.bin].
GRM for 3051 individuals are included from [../meala.gcta.grm.bin].
Reading phenotypes from [SUBpheno.sim.28].
Non-missing phenotypes of 1500 individuals are included from [SUBpheno.sim.28].

1500 individuals are in common in these files.

Performing  REML analysis ... (Note: may take hours depending on sample size).
1500 observations, 1 fixed effect(s), and 2 variance component(s)(including residual variance).
Calculating prior values of variance components by EM-REML ...
Updated prior values:  2.5254 1.70527
logL: -1455.76
Running AI-REML algorithm ...
Iter.	logL	V(G)	V(e)	
1	-1368.81	2.58884	1.54876	
2	-1360.30	2.63284	1.45987	
3	-1356.85	2.66530	1.40511	
4	-1355.36	2.68990	1.36980	
5	-1354.68	2.70875	1.34640	
6	-1354.37	2.75458	1.29640	
7	-1354.09	2.76731	1.29553	
8	-1354.09	2.76867	1.29531	
9	-1354.09	2.76884	1.29528	
Log-likelihood ratio converged.

Calculating the logLikelihood for the reduced model ...
(variance component 1 is dropped from the model)
Calculating prior values of variance components by EM-REML ...
Updated prior values: 5.31458
logL: -2005.16239
Running AI-REML algorithm ...
Iter.	logL	V(e)	
1	-2005.16	5.31458	
Log-likelihood ratio converged.

Summary result of REML analysis:
Source	Variance	SE
V(G)	2.768841	0.285116
V(e)	1.295277	0.065831
Vp	4.064118	0.266065
V(G)/Vp	0.681289	0.028578

Sampling variance/covariance of the estimates of variance components:
8.129110e-02	-7.417248e-03	
-7.417248e-03	4.333780e-03	

Summary result of REML analysis has been saved in the file [out.SUBpheno.sim.28.hsq].

Analysis finished at 15:21:16 CET on Tue Dec 20 2022
Overall computational time: 0.66 sec.
