*******************************************************************
* Genome-wide Complex Trait Analysis (GCTA)
* version v1.94.1 Linux
* Built at Nov 15 2022 21:14:25, by GCC 8.5
* (C) 2010-present, Yang Lab, Westlake University
* Please report bugs to Jian Yang <jian.yang@westlake.edu.cn>
*******************************************************************
Analysis started at 15:21:06 CET on Tue Dec 20 2022.
Hostname: CGF-C9X299-PG300F

Accepted options:
--grm ../meala.gcta
--pheno SUBpheno.sim.15
--thread-num 5
--reml
--out out.SUBpheno.sim.15

Note: the program will be running on 5 threads.

Reading IDs of the GRM from [../meala.gcta.grm.id].
3051 IDs are read from [../meala.gcta.grm.id].
Reading the GRM from [../meala.gcta.grm.bin].
GRM for 3051 individuals are included from [../meala.gcta.grm.bin].
Reading phenotypes from [SUBpheno.sim.15].
Non-missing phenotypes of 1500 individuals are included from [SUBpheno.sim.15].

1500 individuals are in common in these files.

Performing  REML analysis ... (Note: may take hours depending on sample size).
1500 observations, 1 fixed effect(s), and 2 variance component(s)(including residual variance).
Calculating prior values of variance components by EM-REML ...
Updated prior values: 2.43762 1.76525
logL: -1479.35
Running AI-REML algorithm ...
Iter.	logL	V(G)	V(e)	
1	-1425.99	2.65471	1.61893	
2	-1418.93	2.82436	1.52884	
3	-1415.67	2.95610	1.47018	
4	-1414.09	3.05748	1.43071	
5	-1413.30	3.13483	1.40360	
6	-1412.90	3.32016	1.34385	
7	-1412.49	3.35825	1.33958	
8	-1412.48	3.36345	1.33878	
9	-1412.48	3.36418	1.33867	
10	-1412.48	3.36428	1.33865	
Log-likelihood ratio converged.

Calculating the logLikelihood for the reduced model ...
(variance component 1 is dropped from the model)
Calculating prior values of variance components by EM-REML ...
Updated prior values: 4.97539
logL: -1955.73222
Running AI-REML algorithm ...
Iter.	logL	V(e)	
1	-1955.73	4.97539	
Log-likelihood ratio converged.

Summary result of REML analysis:
Source	Variance	SE
V(G)	3.364280	0.336394
V(e)	1.338651	0.069969
Vp	4.702931	0.314214
V(G)/Vp	0.715358	0.026566

Sampling variance/covariance of the estimates of variance components:
1.131611e-01	-9.663216e-03	
-9.663216e-03	4.895625e-03	

Summary result of REML analysis has been saved in the file [out.SUBpheno.sim.15.hsq].

Analysis finished at 15:21:06 CET on Tue Dec 20 2022
Overall computational time: 0.69 sec.
