*******************************************************************
* Genome-wide Complex Trait Analysis (GCTA)
* version v1.94.1 Linux
* Built at Nov 15 2022 21:14:25, by GCC 8.5
* (C) 2010-present, Yang Lab, Westlake University
* Please report bugs to Jian Yang <jian.yang@westlake.edu.cn>
*******************************************************************
Analysis started at 15:21:28 CET on Tue Dec 20 2022.
Hostname: CGF-C9X299-PG300F

Accepted options:
--grm ../meala.gcta
--pheno SUBpheno.sim.46
--thread-num 5
--reml
--out out.SUBpheno.sim.46

Note: the program will be running on 5 threads.

Reading IDs of the GRM from [../meala.gcta.grm.id].
3051 IDs are read from [../meala.gcta.grm.id].
Reading the GRM from [../meala.gcta.grm.bin].
GRM for 3051 individuals are included from [../meala.gcta.grm.bin].
Reading phenotypes from [SUBpheno.sim.46].
Non-missing phenotypes of 1500 individuals are included from [SUBpheno.sim.46].

1500 individuals are in common in these files.

Performing  REML analysis ... (Note: may take hours depending on sample size).
1500 observations, 1 fixed effect(s), and 2 variance component(s)(including residual variance).
Calculating prior values of variance components by EM-REML ...
Updated prior values: 2.29535  1.4481
logL: -1338.12
Running AI-REML algorithm ...
Iter.	logL	V(G)	V(e)	
1	-1205.01	1.95356	1.32612	
2	-1189.07	1.79482	1.25866	
3	-1183.21	1.70615	1.21804	
4	-1180.80	1.65238	1.19241	
5	-1179.76	1.61828	1.17577	
6	-1179.29	1.59606	1.16479	
7	-1179.08	1.54947	1.14155	
8	-1178.91	1.55060	1.14204	
9	-1178.91	1.55061	1.14204	
Log-likelihood ratio converged.

Calculating the logLikelihood for the reduced model ...
(variance component 1 is dropped from the model)
Calculating prior values of variance components by EM-REML ...
Updated prior values: 5.04106
logL: -1965.56025
Running AI-REML algorithm ...
Iter.	logL	V(e)	
1	-1965.56	5.04106	
Log-likelihood ratio converged.

Summary result of REML analysis:
Source	Variance	SE
V(G)	1.550607	0.166893
V(e)	1.142036	0.053349
Vp	2.692643	0.158062
V(G)/Vp	0.575868	0.031840

Sampling variance/covariance of the estimates of variance components:
2.785340e-02	-2.857985e-03	
-2.857985e-03	2.846065e-03	

Summary result of REML analysis has been saved in the file [out.SUBpheno.sim.46.hsq].

Analysis finished at 15:21:29 CET on Tue Dec 20 2022
Overall computational time: 0.67 sec.
