*******************************************************************
* Genome-wide Complex Trait Analysis (GCTA)
* version v1.94.1 Linux
* Built at Nov 15 2022 21:14:25, by GCC 8.5
* (C) 2010-present, Yang Lab, Westlake University
* Please report bugs to Jian Yang <jian.yang@westlake.edu.cn>
*******************************************************************
Analysis started at 15:21:27 CET on Tue Dec 20 2022.
Hostname: CGF-C9X299-PG300F

Accepted options:
--grm ../meala.gcta
--pheno SUBpheno.sim.44
--thread-num 5
--reml
--out out.SUBpheno.sim.44

Note: the program will be running on 5 threads.

Reading IDs of the GRM from [../meala.gcta.grm.id].
3051 IDs are read from [../meala.gcta.grm.id].
Reading the GRM from [../meala.gcta.grm.bin].
GRM for 3051 individuals are included from [../meala.gcta.grm.bin].
Reading phenotypes from [SUBpheno.sim.44].
Non-missing phenotypes of 1500 individuals are included from [SUBpheno.sim.44].

1500 individuals are in common in these files.

Performing  REML analysis ... (Note: may take hours depending on sample size).
1500 observations, 1 fixed effect(s), and 2 variance component(s)(including residual variance).
Calculating prior values of variance components by EM-REML ...
Updated prior values: 2.40026 1.72562
logL: -1460.29
Running AI-REML algorithm ...
Iter.	logL	V(G)	V(e)	
1	-1403.08	2.58267	1.58478	
2	-1396.38	2.72773	1.49772	
3	-1393.30	2.84274	1.44068	
4	-1391.79	2.93339	1.40200	
5	-1391.04	3.00435	1.37517	
6	-1390.65	3.17896	1.31540	
7	-1390.22	3.22706	1.30945	
8	-1390.21	3.23628	1.30803	
9	-1390.20	3.23807	1.30774	
10	-1390.20	3.23841	1.30769	
11	-1390.20	3.23848	1.30768	
Log-likelihood ratio converged.

Calculating the logLikelihood for the reduced model ...
(variance component 1 is dropped from the model)
Calculating prior values of variance components by EM-REML ...
Updated prior values: 4.92955
logL: -1948.79464
Running AI-REML algorithm ...
Iter.	logL	V(e)	
1	-1948.79	4.92955	
Log-likelihood ratio converged.

Summary result of REML analysis:
Source	Variance	SE
V(G)	3.238481	0.332685
V(e)	1.307679	0.068828
Vp	4.546159	0.309676
V(G)/Vp	0.712355	0.027439

Sampling variance/covariance of the estimates of variance components:
1.106793e-01	-9.758617e-03	
-9.758617e-03	4.737272e-03	

Summary result of REML analysis has been saved in the file [out.SUBpheno.sim.44.hsq].

Analysis finished at 15:21:27 CET on Tue Dec 20 2022
Overall computational time: 0.72 sec.
