*******************************************************************
* Genome-wide Complex Trait Analysis (GCTA)
* version v1.94.1 Linux
* Built at Nov 15 2022 21:14:25, by GCC 8.5
* (C) 2010-present, Yang Lab, Westlake University
* Please report bugs to Jian Yang <jian.yang@westlake.edu.cn>
*******************************************************************
Analysis started at 12:48:30 CET on Tue Dec 20 2022.
Hostname: CGF-C9X299-PG300F

Accepted options:
--grm ../meala.gcta
--pheno simu.pheno.21
--thread-num 5
--reml
--out OUT.simu.pheno.21

Note: the program will be running on 5 threads.

Reading IDs of the GRM from [../meala.gcta.grm.id].
3051 IDs are read from [../meala.gcta.grm.id].
Reading the GRM from [../meala.gcta.grm.bin].
GRM for 3051 individuals are included from [../meala.gcta.grm.bin].
Reading phenotypes from [simu.pheno.21].
Non-missing phenotypes of 3051 individuals are included from [simu.pheno.21].

3051 individuals are in common in these files.

Performing  REML analysis ... (Note: may take hours depending on sample size).
3051 observations, 1 fixed effect(s), and 2 variance component(s)(including residual variance).
Calculating prior values of variance components by EM-REML ...
Updated prior values: 2.35076 1.40852
logL: -2622.36
Running AI-REML algorithm ...
Iter.	logL	V(G)	V(e)	
1	-2373.00	2.53904	1.26806	
2	-2352.13	2.68071	1.18723	
3	-2343.38	2.78789	1.13684	
4	-2339.46	2.86889	1.10399	
5	-2337.63	2.92986	1.08199	
6	-2336.75	2.97556	1.06701	
7	-2336.32	3.08352	1.03433	
8	-2335.91	3.10346	1.03286	
9	-2335.91	3.10577	1.03262	
10	-2335.91	3.10604	1.03259	
Log-likelihood ratio converged.

Calculating the logLikelihood for the reduced model ...
(variance component 1 is dropped from the model)
Calculating prior values of variance components by EM-REML ...
Updated prior values: 4.86946
logL: -3943.06057
Running AI-REML algorithm ...
Iter.	logL	V(e)	
1	-3943.06	4.86946	
Log-likelihood ratio converged.

Summary result of REML analysis:
Source	Variance	SE
V(G)	3.106044	0.242246
V(e)	1.032589	0.036284
Vp	4.138633	0.229859
V(G)/Vp	0.750500	0.018300

Sampling variance/covariance of the estimates of variance components:
5.868309e-02	-3.582309e-03	
-3.582309e-03	1.316555e-03	

Summary result of REML analysis has been saved in the file [OUT.simu.pheno.21.hsq].

Analysis finished at 12:48:33 CET on Tue Dec 20 2022
Overall computational time: 3.18 sec.
