*******************************************************************
* Genome-wide Complex Trait Analysis (GCTA)
* version v1.94.1 Linux
* Built at Nov 15 2022 21:14:25, by GCC 8.5
* (C) 2010-present, Yang Lab, Westlake University
* Please report bugs to Jian Yang <jian.yang@westlake.edu.cn>
*******************************************************************
Analysis started at 12:50:24 CET on Tue Dec 20 2022.
Hostname: CGF-C9X299-PG300F

Accepted options:
--grm ../meala.gcta
--pheno simu.pheno.8
--thread-num 5
--reml
--out OUT.simu.pheno.8

Note: the program will be running on 5 threads.

Reading IDs of the GRM from [../meala.gcta.grm.id].
3051 IDs are read from [../meala.gcta.grm.id].
Reading the GRM from [../meala.gcta.grm.bin].
GRM for 3051 individuals are included from [../meala.gcta.grm.bin].
Reading phenotypes from [simu.pheno.8].
Non-missing phenotypes of 3051 individuals are included from [simu.pheno.8].

3051 individuals are in common in these files.

Performing  REML analysis ... (Note: may take hours depending on sample size).
3051 observations, 1 fixed effect(s), and 2 variance component(s)(including residual variance).
Calculating prior values of variance components by EM-REML ...
Updated prior values: 2.27465  1.2642
logL: -2470.91
Running AI-REML algorithm ...
Iter.	logL	V(G)	V(e)	
1	-2105.69	1.62390	1.18524	
2	-2064.31	1.40749	1.13484	
3	-2051.22	1.29872	1.10333	
4	-2046.02	1.23605	1.08311	
5	-2043.80	1.19739	1.06987	
6	-2042.82	1.17259	1.06109	
7	-2042.38	1.12098	1.04249	
8	-2042.00	1.12219	1.04292	
9	-2042.00	1.12221	1.04291	
10	-2042.00	1.12221	1.04291	
Log-likelihood ratio converged.

Calculating the logLikelihood for the reduced model ...
(variance component 1 is dropped from the model)
Calculating prior values of variance components by EM-REML ...
Updated prior values: 4.96728
logL: -3973.39153
Running AI-REML algorithm ...
Iter.	logL	V(e)	
1	-3973.39	4.96728	
Log-likelihood ratio converged.

Summary result of REML analysis:
Source	Variance	SE
V(G)	1.122212	0.105534
V(e)	1.042914	0.031789
Vp	2.165126	0.100902
V(G)/Vp	0.518313	0.026719

Sampling variance/covariance of the estimates of variance components:
1.113752e-02	-9.834199e-04	
-9.834199e-04	1.010516e-03	

Summary result of REML analysis has been saved in the file [OUT.simu.pheno.8.hsq].

Analysis finished at 12:50:27 CET on Tue Dec 20 2022
Overall computational time: 3.24 sec.
