*******************************************************************
* Genome-wide Complex Trait Analysis (GCTA)
* version v1.94.1 Linux
* Built at Nov 15 2022 21:14:25, by GCC 8.5
* (C) 2010-present, Yang Lab, Westlake University
* Please report bugs to Jian Yang <jian.yang@westlake.edu.cn>
*******************************************************************
Analysis started at 15:24:30 CET on Tue Dec 20 2022.
Hostname: CGF-C9X299-PG300F

Accepted options:
--grm ../meala.gcta
--pheno SUB500pheno..35
--thread-num 3
--reml
--out out.SUB500pheno..35

Note: the program will be running on 3 threads.

Reading IDs of the GRM from [../meala.gcta.grm.id].
3051 IDs are read from [../meala.gcta.grm.id].
Reading the GRM from [../meala.gcta.grm.bin].
GRM for 3051 individuals are included from [../meala.gcta.grm.bin].
Reading phenotypes from [SUB500pheno..35].
Non-missing phenotypes of 500 individuals are included from [SUB500pheno..35].

500 individuals are in common in these files.

Performing  REML analysis ... (Note: may take hours depending on sample size).
500 observations, 1 fixed effect(s), and 2 variance component(s)(including residual variance).
Calculating prior values of variance components by EM-REML ...
Updated prior values: 1.83446 1.61791
logL: -487.708
Running AI-REML algorithm ...
Iter.	logL	V(G)	V(e)	
1	-476.31	1.53687	1.58111	
2	-473.25	1.38844	1.55617	
3	-472.08	1.30286	1.53985	
4	-471.59	1.24974	1.52924	
5	-471.37	1.14078	1.50747	
6	-471.19	1.14169	1.51022	
7	-471.19	1.14161	1.51027	
8	-471.19	1.14160	1.51027	
Log-likelihood ratio converged.

Calculating the logLikelihood for the reduced model ...
(variance component 1 is dropped from the model)
Calculating prior values of variance components by EM-REML ...
Updated prior values: 4.09704
logL: -604.46841
Running AI-REML algorithm ...
Iter.	logL	V(e)	
1	-604.47	4.09704	
Log-likelihood ratio converged.

Summary result of REML analysis:
Source	Variance	SE
V(G)	1.141601	0.206255
V(e)	1.510271	0.130783
Vp	2.651871	0.197461
V(G)/Vp	0.430489	0.055972

Sampling variance/covariance of the estimates of variance components:
4.254111e-02	-1.032720e-02	
-1.032720e-02	1.710420e-02	

Summary result of REML analysis has been saved in the file [out.SUB500pheno..35.hsq].

Analysis finished at 15:24:30 CET on Tue Dec 20 2022
Overall computational time: 0.16 sec.
