*******************************************************************
* Genome-wide Complex Trait Analysis (GCTA)
* version v1.94.1 Linux
* Built at Nov 15 2022 21:14:25, by GCC 8.5
* (C) 2010-present, Yang Lab, Westlake University
* Please report bugs to Jian Yang <jian.yang@westlake.edu.cn>
*******************************************************************
Analysis started at 12:49:12 CET on Tue Dec 20 2022.
Hostname: CGF-C9X299-PG300F

Accepted options:
--grm ../meala.gcta
--pheno simu.pheno.33
--thread-num 5
--reml
--out OUT.simu.pheno.33

Note: the program will be running on 5 threads.

Reading IDs of the GRM from [../meala.gcta.grm.id].
3051 IDs are read from [../meala.gcta.grm.id].
Reading the GRM from [../meala.gcta.grm.bin].
GRM for 3051 individuals are included from [../meala.gcta.grm.bin].
Reading phenotypes from [simu.pheno.33].
Non-missing phenotypes of 3051 individuals are included from [simu.pheno.33].

3051 individuals are in common in these files.

Performing  REML analysis ... (Note: may take hours depending on sample size).
3051 observations, 1 fixed effect(s), and 2 variance component(s)(including residual variance).
Calculating prior values of variance components by EM-REML ...
Updated prior values: 2.42002 1.33921
logL: -2592.61
Running AI-REML algorithm ...
Iter.	logL	V(G)	V(e)	
1	-2267.12	2.47591	1.20056	
2	-2243.53	2.50736	1.12587	
3	-2234.49	2.52691	1.08135	
4	-2230.72	2.53983	1.05335	
5	-2229.07	2.54870	1.03520	
6	-2228.33	2.55492	1.02318	
7	-2227.99	2.56895	0.99772	
8	-2227.70	2.57072	0.99803	
9	-2227.70	2.57074	0.99802	
10	-2227.70	2.57074	0.99802	
Log-likelihood ratio converged.

Calculating the logLikelihood for the reduced model ...
(variance component 1 is dropped from the model)
Calculating prior values of variance components by EM-REML ...
Updated prior values: 5.05698
logL: -4000.68421
Running AI-REML algorithm ...
Iter.	logL	V(e)	
1	-4000.68	5.05698	
Log-likelihood ratio converged.

Summary result of REML analysis:
Source	Variance	SE
V(G)	2.570744	0.200021
V(e)	0.998023	0.033644
Vp	3.568767	0.190366
V(G)/Vp	0.720345	0.019217

Sampling variance/covariance of the estimates of variance components:
4.000824e-02	-2.450419e-03	
-2.450419e-03	1.131924e-03	

Summary result of REML analysis has been saved in the file [OUT.simu.pheno.33.hsq].

Analysis finished at 12:49:16 CET on Tue Dec 20 2022
Overall computational time: 3.40 sec.
