*******************************************************************
* Genome-wide Complex Trait Analysis (GCTA)
* version v1.94.1 Linux
* Built at Nov 15 2022 21:14:25, by GCC 8.5
* (C) 2010-present, Yang Lab, Westlake University
* Please report bugs to Jian Yang <jian.yang@westlake.edu.cn>
*******************************************************************
Analysis started at 15:21:32 CET on Tue Dec 20 2022.
Hostname: CGF-C9X299-PG300F

Accepted options:
--grm ../meala.gcta
--pheno SUBpheno.sim.50
--thread-num 5
--reml
--out out.SUBpheno.sim.50

Note: the program will be running on 5 threads.

Reading IDs of the GRM from [../meala.gcta.grm.id].
3051 IDs are read from [../meala.gcta.grm.id].
Reading the GRM from [../meala.gcta.grm.bin].
GRM for 3051 individuals are included from [../meala.gcta.grm.bin].
Reading phenotypes from [SUBpheno.sim.50].
Non-missing phenotypes of 1500 individuals are included from [SUBpheno.sim.50].

1500 individuals are in common in these files.

Performing  REML analysis ... (Note: may take hours depending on sample size).
1500 observations, 1 fixed effect(s), and 2 variance component(s)(including residual variance).
Calculating prior values of variance components by EM-REML ...
Updated prior values: 2.23992   1.391
logL: -1312.58
Running AI-REML algorithm ...
Iter.	logL	V(G)	V(e)	
1	-1176.76	2.03307	1.25512	
2	-1162.05	1.92214	1.18320	
3	-1156.50	1.85620	1.14069	
4	-1154.21	1.81487	1.11412	
5	-1153.21	1.78815	1.09698	
6	-1152.77	1.73244	1.06124	
7	-1152.40	1.73422	1.06235	
8	-1152.39	1.73422	1.06235	
9	-1152.39	1.73422	1.06235	
Log-likelihood ratio converged.

Calculating the logLikelihood for the reduced model ...
(variance component 1 is dropped from the model)
Calculating prior values of variance components by EM-REML ...
Updated prior values: 4.87727
logL: -1940.80340
Running AI-REML algorithm ...
Iter.	logL	V(e)	
1	-1940.80	4.87727	
Log-likelihood ratio converged.

Summary result of REML analysis:
Source	Variance	SE
V(G)	1.734219	0.183645
V(e)	1.062351	0.051050
Vp	2.796569	0.172662
V(G)/Vp	0.620124	0.030770

Sampling variance/covariance of the estimates of variance components:
3.372546e-02	-3.259626e-03	
-3.259626e-03	2.606071e-03	

Summary result of REML analysis has been saved in the file [out.SUBpheno.sim.50.hsq].

Analysis finished at 15:21:32 CET on Tue Dec 20 2022
Overall computational time: 0.61 sec.
