*******************************************************************
* Genome-wide Complex Trait Analysis (GCTA)
* version v1.94.1 Linux
* Built at Nov 15 2022 21:14:25, by GCC 8.5
* (C) 2010-present, Yang Lab, Westlake University
* Please report bugs to Jian Yang <jian.yang@westlake.edu.cn>
*******************************************************************
Analysis started at 15:21:22 CET on Tue Dec 20 2022.
Hostname: CGF-C9X299-PG300F

Accepted options:
--grm ../meala.gcta
--pheno SUBpheno.sim.37
--thread-num 5
--reml
--out out.SUBpheno.sim.37

Note: the program will be running on 5 threads.

Reading IDs of the GRM from [../meala.gcta.grm.id].
3051 IDs are read from [../meala.gcta.grm.id].
Reading the GRM from [../meala.gcta.grm.bin].
GRM for 3051 individuals are included from [../meala.gcta.grm.bin].
Reading phenotypes from [SUBpheno.sim.37].
Non-missing phenotypes of 1500 individuals are included from [SUBpheno.sim.37].

1500 individuals are in common in these files.

Performing  REML analysis ... (Note: may take hours depending on sample size).
1500 observations, 1 fixed effect(s), and 2 variance component(s)(including residual variance).
Calculating prior values of variance components by EM-REML ...
Updated prior values: 2.33123 1.54654
logL: -1375.63
Running AI-REML algorithm ...
Iter.	logL	V(G)	V(e)	
1	-1269.59	2.11572	1.42728	
2	-1258.92	1.99874	1.36067	
3	-1254.75	1.92867	1.32030	
4	-1252.99	1.88447	1.29472	
5	-1252.22	1.85572	1.27809	
6	-1251.87	1.79539	1.24329	
7	-1251.58	1.79644	1.24438	
8	-1251.58	1.79640	1.24439	
9	-1251.58	1.79640	1.24439	
Log-likelihood ratio converged.

Calculating the logLikelihood for the reduced model ...
(variance component 1 is dropped from the model)
Calculating prior values of variance components by EM-REML ...
Updated prior values: 5.05379
logL: -1967.45070
Running AI-REML algorithm ...
Iter.	logL	V(e)	
1	-1967.45	5.05379	
Log-likelihood ratio converged.

Summary result of REML analysis:
Source	Variance	SE
V(G)	1.796396	0.199424
V(e)	1.244392	0.059407
Vp	3.040788	0.186701
V(G)/Vp	0.590767	0.032776

Sampling variance/covariance of the estimates of variance components:
3.976976e-02	-4.220940e-03	
-4.220940e-03	3.529235e-03	

Summary result of REML analysis has been saved in the file [out.SUBpheno.sim.37.hsq].

Analysis finished at 15:21:22 CET on Tue Dec 20 2022
Overall computational time: 0.66 sec.
