*******************************************************************
* Genome-wide Complex Trait Analysis (GCTA)
* version v1.94.1 Linux
* Built at Nov 15 2022 21:14:25, by GCC 8.5
* (C) 2010-present, Yang Lab, Westlake University
* Please report bugs to Jian Yang <jian.yang@westlake.edu.cn>
*******************************************************************
Analysis started at 15:24:31 CET on Tue Dec 20 2022.
Hostname: CGF-C9X299-PG300F

Accepted options:
--grm ../meala.gcta
--pheno SUB500pheno..42
--thread-num 3
--reml
--out out.SUB500pheno..42

Note: the program will be running on 3 threads.

Reading IDs of the GRM from [../meala.gcta.grm.id].
3051 IDs are read from [../meala.gcta.grm.id].
Reading the GRM from [../meala.gcta.grm.bin].
GRM for 3051 individuals are included from [../meala.gcta.grm.bin].
Reading phenotypes from [SUB500pheno..42].
Non-missing phenotypes of 500 individuals are included from [SUB500pheno..42].

500 individuals are in common in these files.

Performing  REML analysis ... (Note: may take hours depending on sample size).
500 observations, 1 fixed effect(s), and 2 variance component(s)(including residual variance).
Calculating prior values of variance components by EM-REML ...
Updated prior values: 1.88039  1.4491
logL: -470.273
Running AI-REML algorithm ...
Iter.	logL	V(G)	V(e)	
1	-447.37	1.75465	1.31403	
2	-443.46	1.68186	1.24155	
3	-441.96	1.63693	1.19846	
4	-441.32	1.60814	1.17145	
5	-441.05	1.54846	1.11616	
6	-440.82	1.55055	1.11865	
7	-440.82	1.55055	1.11865	
8	-440.82	1.55055	1.11865	
Log-likelihood ratio converged.

Calculating the logLikelihood for the reduced model ...
(variance component 1 is dropped from the model)
Calculating prior values of variance components by EM-REML ...
Updated prior values: 4.16698
logL: -608.69154
Running AI-REML algorithm ...
Iter.	logL	V(e)	
1	-608.69	4.16698	
Log-likelihood ratio converged.

Summary result of REML analysis:
Source	Variance	SE
V(G)	1.550555	0.228797
V(e)	1.118653	0.101729
Vp	2.669207	0.215442
V(G)/Vp	0.580905	0.048343

Sampling variance/covariance of the estimates of variance components:
5.234787e-02	-8.140707e-03	
-8.140707e-03	1.034878e-02	

Summary result of REML analysis has been saved in the file [out.SUB500pheno..42.hsq].

Analysis finished at 15:24:31 CET on Tue Dec 20 2022
Overall computational time: 0.16 sec.
