*******************************************************************
* Genome-wide Complex Trait Analysis (GCTA)
* version v1.94.1 Linux
* Built at Nov 15 2022 21:14:25, by GCC 8.5
* (C) 2010-present, Yang Lab, Westlake University
* Please report bugs to Jian Yang <jian.yang@westlake.edu.cn>
*******************************************************************
Analysis started at 12:47:50 CET on Tue Dec 20 2022.
Hostname: CGF-C9X299-PG300F

Accepted options:
--grm ../meala.gcta
--pheno simu.pheno.10
--thread-num 5
--reml
--out OUT.simu.pheno.10

Note: the program will be running on 5 threads.

Reading IDs of the GRM from [../meala.gcta.grm.id].
3051 IDs are read from [../meala.gcta.grm.id].
Reading the GRM from [../meala.gcta.grm.bin].
GRM for 3051 individuals are included from [../meala.gcta.grm.bin].
Reading phenotypes from [simu.pheno.10].
Non-missing phenotypes of 3051 individuals are included from [simu.pheno.10].

3051 individuals are in common in these files.

Performing  REML analysis ... (Note: may take hours depending on sample size).
3051 observations, 1 fixed effect(s), and 2 variance component(s)(including residual variance).
Calculating prior values of variance components by EM-REML ...
Updated prior values: 2.31388 1.38411
logL: -2576.79
Running AI-REML algorithm ...
Iter.	logL	V(G)	V(e)	
1	-2306.66	2.16920	1.28186	
2	-2289.17	2.08563	1.22395	
3	-2282.18	2.03417	1.18856	
4	-2279.20	2.00133	1.16601	
5	-2277.89	1.97991	1.15127	
6	-2277.30	1.96575	1.14149	
7	-2277.02	1.93587	1.12072	
8	-2276.79	1.93683	1.12102	
9	-2276.79	1.93687	1.12101	
Log-likelihood ratio converged.

Calculating the logLikelihood for the reduced model ...
(variance component 1 is dropped from the model)
Calculating prior values of variance components by EM-REML ...
Updated prior values: 4.91432
logL: -3957.04625
Running AI-REML algorithm ...
Iter.	logL	V(e)	
1	-3957.05	4.91432	
Log-likelihood ratio converged.

Summary result of REML analysis:
Source	Variance	SE
V(G)	1.936867	0.169431
V(e)	1.121014	0.036339
Vp	3.057881	0.160172
V(G)/Vp	0.633402	0.024038

Sampling variance/covariance of the estimates of variance components:
2.870671e-02	-2.186025e-03	
-2.186025e-03	1.320515e-03	

Summary result of REML analysis has been saved in the file [OUT.simu.pheno.10.hsq].

Analysis finished at 12:47:53 CET on Tue Dec 20 2022
Overall computational time: 3.02 sec.
