*******************************************************************
* Genome-wide Complex Trait Analysis (GCTA)
* version v1.94.1 Linux
* Built at Nov 15 2022 21:14:25, by GCC 8.5
* (C) 2010-present, Yang Lab, Westlake University
* Please report bugs to Jian Yang <jian.yang@westlake.edu.cn>
*******************************************************************
Analysis started at 15:24:25 CET on Tue Dec 20 2022.
Hostname: CGF-C9X299-PG300F

Accepted options:
--grm ../meala.gcta
--pheno SUB500pheno..11
--thread-num 3
--reml
--out out.SUB500pheno..11

Note: the program will be running on 3 threads.

Reading IDs of the GRM from [../meala.gcta.grm.id].
3051 IDs are read from [../meala.gcta.grm.id].
Reading the GRM from [../meala.gcta.grm.bin].
GRM for 3051 individuals are included from [../meala.gcta.grm.bin].
Reading phenotypes from [SUB500pheno..11].
Non-missing phenotypes of 500 individuals are included from [SUB500pheno..11].

500 individuals are in common in these files.

Performing  REML analysis ... (Note: may take hours depending on sample size).
500 observations, 1 fixed effect(s), and 2 variance component(s)(including residual variance).
Calculating prior values of variance components by EM-REML ...
Updated prior values: 2.13169 1.80088
logL: -515.095
Running AI-REML algorithm ...
Iter.	logL	V(G)	V(e)	
1	-502.46	1.92835	1.72115	
2	-500.34	1.81411	1.67328	
3	-499.47	1.74406	1.64333	
4	-499.10	1.60133	1.58262	
5	-498.79	1.60312	1.58775	
6	-498.79	1.60275	1.58790	
7	-498.79	1.60270	1.58793	
Log-likelihood ratio converged.

Calculating the logLikelihood for the reduced model ...
(variance component 1 is dropped from the model)
Calculating prior values of variance components by EM-REML ...
Updated prior values: 4.67804
logL: -637.55542
Running AI-REML algorithm ...
Iter.	logL	V(e)	
1	-637.56	4.67804	
Log-likelihood ratio converged.

Summary result of REML analysis:
Source	Variance	SE
V(G)	1.602696	0.278928
V(e)	1.587927	0.142034
Vp	3.190623	0.257365
V(G)/Vp	0.502314	0.056324

Sampling variance/covariance of the estimates of variance components:
7.780101e-02	-1.586890e-02	
-1.586890e-02	2.017355e-02	

Summary result of REML analysis has been saved in the file [out.SUB500pheno..11.hsq].

Analysis finished at 15:24:26 CET on Tue Dec 20 2022
Overall computational time: 0.17 sec.
