*******************************************************************
* Genome-wide Complex Trait Analysis (GCTA)
* version v1.94.1 Linux
* Built at Nov 15 2022 21:14:25, by GCC 8.5
* (C) 2010-present, Yang Lab, Westlake University
* Please report bugs to Jian Yang <jian.yang@westlake.edu.cn>
*******************************************************************
Analysis started at 15:21:18 CET on Tue Dec 20 2022.
Hostname: CGF-C9X299-PG300F

Accepted options:
--grm ../meala.gcta
--pheno SUBpheno.sim.32
--thread-num 5
--reml
--out out.SUBpheno.sim.32

Note: the program will be running on 5 threads.

Reading IDs of the GRM from [../meala.gcta.grm.id].
3051 IDs are read from [../meala.gcta.grm.id].
Reading the GRM from [../meala.gcta.grm.bin].
GRM for 3051 individuals are included from [../meala.gcta.grm.bin].
Reading phenotypes from [SUBpheno.sim.32].
Non-missing phenotypes of 1500 individuals are included from [SUBpheno.sim.32].

1500 individuals are in common in these files.

Performing  REML analysis ... (Note: may take hours depending on sample size).
1500 observations, 1 fixed effect(s), and 2 variance component(s)(including residual variance).
Calculating prior values of variance components by EM-REML ...
Updated prior values: 2.27883 1.38646
logL: -1313.57
Running AI-REML algorithm ...
Iter.	logL	V(G)	V(e)	
1	-1155.62	1.75020	1.26749	
2	-1132.10	1.55420	1.20000	
3	-1124.33	1.45248	1.15938	
4	-1121.24	1.39300	1.13379	
5	-1119.93	1.35604	1.11720	
6	-1119.35	1.33226	1.10627	
7	-1119.09	1.28276	1.08317	
8	-1118.87	1.28420	1.08368	
9	-1118.87	1.28421	1.08368	
10	-1118.87	1.28421	1.08368	
Log-likelihood ratio converged.

Calculating the logLikelihood for the reduced model ...
(variance component 1 is dropped from the model)
Calculating prior values of variance components by EM-REML ...
Updated prior values: 5.08299
logL: -1971.76824
Running AI-REML algorithm ...
Iter.	logL	V(e)	
1	-1971.77	5.08299	
Log-likelihood ratio converged.

Summary result of REML analysis:
Source	Variance	SE
V(G)	1.284213	0.141924
V(e)	1.083680	0.049701
Vp	2.367893	0.135184
V(G)/Vp	0.542344	0.032773

Sampling variance/covariance of the estimates of variance components:
2.014242e-02	-2.168993e-03	
-2.168993e-03	2.470164e-03	

Summary result of REML analysis has been saved in the file [out.SUBpheno.sim.32.hsq].

Analysis finished at 15:21:19 CET on Tue Dec 20 2022
Overall computational time: 0.67 sec.
