*******************************************************************
* Genome-wide Complex Trait Analysis (GCTA)
* version v1.94.1 Linux
* Built at Nov 15 2022 21:14:25, by GCC 8.5
* (C) 2010-present, Yang Lab, Westlake University
* Please report bugs to Jian Yang <jian.yang@westlake.edu.cn>
*******************************************************************
Analysis started at 15:21:29 CET on Tue Dec 20 2022.
Hostname: CGF-C9X299-PG300F

Accepted options:
--grm ../meala.gcta
--pheno SUBpheno.sim.47
--thread-num 5
--reml
--out out.SUBpheno.sim.47

Note: the program will be running on 5 threads.

Reading IDs of the GRM from [../meala.gcta.grm.id].
3051 IDs are read from [../meala.gcta.grm.id].
Reading the GRM from [../meala.gcta.grm.bin].
GRM for 3051 individuals are included from [../meala.gcta.grm.bin].
Reading phenotypes from [SUBpheno.sim.47].
Non-missing phenotypes of 1500 individuals are included from [SUBpheno.sim.47].

1500 individuals are in common in these files.

Performing  REML analysis ... (Note: may take hours depending on sample size).
1500 observations, 1 fixed effect(s), and 2 variance component(s)(including residual variance).
Calculating prior values of variance components by EM-REML ...
Updated prior values:  2.3218 1.50546
logL: -1369.82
Running AI-REML algorithm ...
Iter.	logL	V(G)	V(e)	
1	-1261.06	2.21452	1.37299	
2	-1250.85	2.14821	1.30070	
3	-1246.86	2.10584	1.25737	
4	-1245.17	2.07816	1.23009	
5	-1244.44	2.05980	1.21239	
6	-1244.10	2.02088	1.17542	
7	-1243.82	2.02160	1.17650	
8	-1243.82	2.02160	1.17650	
9	-1243.82	2.02160	1.17650	
Log-likelihood ratio converged.

Calculating the logLikelihood for the reduced model ...
(variance component 1 is dropped from the model)
Calculating prior values of variance components by EM-REML ...
Updated prior values: 4.96725
logL: -1954.50488
Running AI-REML algorithm ...
Iter.	logL	V(e)	
1	-1954.50	4.96725	
Log-likelihood ratio converged.

Summary result of REML analysis:
Source	Variance	SE
V(G)	2.021600	0.205361
V(e)	1.176496	0.056459
Vp	3.198097	0.194097
V(G)/Vp	0.632126	0.029280

Sampling variance/covariance of the estimates of variance components:
4.217315e-02	-3.843475e-03	
-3.843475e-03	3.187579e-03	

Summary result of REML analysis has been saved in the file [out.SUBpheno.sim.47.hsq].

Analysis finished at 15:21:29 CET on Tue Dec 20 2022
Overall computational time: 0.61 sec.
