*******************************************************************
* Genome-wide Complex Trait Analysis (GCTA)
* version v1.94.1 Linux
* Built at Nov 15 2022 21:14:25, by GCC 8.5
* (C) 2010-present, Yang Lab, Westlake University
* Please report bugs to Jian Yang <jian.yang@westlake.edu.cn>
*******************************************************************
Analysis started at 15:21:19 CET on Tue Dec 20 2022.
Hostname: CGF-C9X299-PG300F

Accepted options:
--grm ../meala.gcta
--pheno SUBpheno.sim.33
--thread-num 5
--reml
--out out.SUBpheno.sim.33

Note: the program will be running on 5 threads.

Reading IDs of the GRM from [../meala.gcta.grm.id].
3051 IDs are read from [../meala.gcta.grm.id].
Reading the GRM from [../meala.gcta.grm.bin].
GRM for 3051 individuals are included from [../meala.gcta.grm.bin].
Reading phenotypes from [SUBpheno.sim.33].
Non-missing phenotypes of 1500 individuals are included from [SUBpheno.sim.33].

1500 individuals are in common in these files.

Performing  REML analysis ... (Note: may take hours depending on sample size).
1500 observations, 1 fixed effect(s), and 2 variance component(s)(including residual variance).
Calculating prior values of variance components by EM-REML ...
Updated prior values:  2.4662 1.59784
logL: -1440.42
Running AI-REML algorithm ...
Iter.	logL	V(G)	V(e)	
1	-1349.55	2.75161	1.39595	
2	-1334.55	2.97019	1.28302	
3	-1328.21	3.13674	1.21344	
4	-1325.32	3.26229	1.16835	
5	-1323.95	3.35593	1.13825	
6	-1323.29	3.42514	1.11779	
7	-1322.97	3.58585	1.07325	
8	-1322.65	3.60742	1.07141	
9	-1322.65	3.60916	1.07117	
10	-1322.65	3.60931	1.07115	
Log-likelihood ratio converged.

Calculating the logLikelihood for the reduced model ...
(variance component 1 is dropped from the model)
Calculating prior values of variance components by EM-REML ...
Updated prior values: 5.02236
logL: -1962.77533
Running AI-REML algorithm ...
Iter.	logL	V(e)	
1	-1962.78	5.02236	
Log-likelihood ratio converged.

Summary result of REML analysis:
Source	Variance	SE
V(G)	3.609314	0.330681
V(e)	1.071153	0.058440
Vp	4.680467	0.311051
V(G)/Vp	0.771144	0.021980

Sampling variance/covariance of the estimates of variance components:
1.093500e-01	-8.006253e-03	
-8.006253e-03	3.415232e-03	

Summary result of REML analysis has been saved in the file [out.SUBpheno.sim.33.hsq].

Analysis finished at 15:21:20 CET on Tue Dec 20 2022
Overall computational time: 0.66 sec.
