*******************************************************************
* Genome-wide Complex Trait Analysis (GCTA)
* version v1.94.1 Linux
* Built at Nov 15 2022 21:14:25, by GCC 8.5
* (C) 2010-present, Yang Lab, Westlake University
* Please report bugs to Jian Yang <jian.yang@westlake.edu.cn>
*******************************************************************
Analysis started at 12:49:42 CET on Tue Dec 20 2022.
Hostname: CGF-C9X299-PG300F

Accepted options:
--grm ../meala.gcta
--pheno simu.pheno.41
--thread-num 5
--reml
--out OUT.simu.pheno.41

Note: the program will be running on 5 threads.

Reading IDs of the GRM from [../meala.gcta.grm.id].
3051 IDs are read from [../meala.gcta.grm.id].
Reading the GRM from [../meala.gcta.grm.bin].
GRM for 3051 individuals are included from [../meala.gcta.grm.bin].
Reading phenotypes from [simu.pheno.41].
Non-missing phenotypes of 3051 individuals are included from [simu.pheno.41].

3051 individuals are in common in these files.

Performing  REML analysis ... (Note: may take hours depending on sample size).
3051 observations, 1 fixed effect(s), and 2 variance component(s)(including residual variance).
Calculating prior values of variance components by EM-REML ...
Updated prior values: 2.30943 1.25898
logL: -2478.78
Running AI-REML algorithm ...
Iter.	logL	V(G)	V(e)	
1	-2092.98	1.67816	1.17162	
2	-2050.49	1.45813	1.11859	
3	-2036.68	1.34596	1.08594	
4	-2031.18	1.28074	1.06517	
5	-2028.83	1.24021	1.05166	
6	-2027.79	1.21403	1.04274	
7	-2027.32	1.19671	1.03679	
8	-2027.10	1.15987	1.02417	
9	-2026.91	1.15974	1.02449	
10	-2026.91	1.15971	1.02449	
Log-likelihood ratio converged.

Calculating the logLikelihood for the reduced model ...
(variance component 1 is dropped from the model)
Calculating prior values of variance components by EM-REML ...
Updated prior values: 5.04659
logL: -3997.54755
Running AI-REML algorithm ...
Iter.	logL	V(e)	
1	-3997.55	5.04659	
Log-likelihood ratio converged.

Summary result of REML analysis:
Source	Variance	SE
V(G)	1.159712	0.109274
V(e)	1.024495	0.031509
Vp	2.184207	0.104026
V(G)/Vp	0.530953	0.026825

Sampling variance/covariance of the estimates of variance components:
1.194090e-02	-1.056134e-03	
-1.056134e-03	9.928106e-04	

Summary result of REML analysis has been saved in the file [OUT.simu.pheno.41.hsq].

Analysis finished at 12:49:45 CET on Tue Dec 20 2022
Overall computational time: 3.26 sec.
