*******************************************************************
* Genome-wide Complex Trait Analysis (GCTA)
* version v1.94.1 Linux
* Built at Nov 15 2022 21:14:25, by GCC 8.5
* (C) 2010-present, Yang Lab, Westlake University
* Please report bugs to Jian Yang <jian.yang@westlake.edu.cn>
*******************************************************************
Analysis started at 12:50:04 CET on Tue Dec 20 2022.
Hostname: CGF-C9X299-PG300F

Accepted options:
--grm ../meala.gcta
--pheno simu.pheno.48
--thread-num 5
--reml
--out OUT.simu.pheno.48

Note: the program will be running on 5 threads.

Reading IDs of the GRM from [../meala.gcta.grm.id].
3051 IDs are read from [../meala.gcta.grm.id].
Reading the GRM from [../meala.gcta.grm.bin].
GRM for 3051 individuals are included from [../meala.gcta.grm.bin].
Reading phenotypes from [simu.pheno.48].
Non-missing phenotypes of 3051 individuals are included from [simu.pheno.48].

3051 individuals are in common in these files.

Performing  REML analysis ... (Note: may take hours depending on sample size).
3051 observations, 1 fixed effect(s), and 2 variance component(s)(including residual variance).
Calculating prior values of variance components by EM-REML ...
Updated prior values: 2.39924 1.46051
logL: -2664.59
Running AI-REML algorithm ...
Iter.	logL	V(G)	V(e)	
1	-2426.38	2.53204	1.32909	
2	-2408.90	2.62984	1.25302	
3	-2401.64	2.70327	1.20552	
4	-2398.42	2.75877	1.17458	
5	-2396.94	2.80078	1.15389	
6	-2396.24	2.83253	1.13981	
7	-2395.90	2.90830	1.10915	
8	-2395.58	2.92463	1.10785	
9	-2395.58	2.92673	1.10762	
10	-2395.58	2.92701	1.10758	
Log-likelihood ratio converged.

Calculating the logLikelihood for the reduced model ...
(variance component 1 is dropped from the model)
Calculating prior values of variance components by EM-REML ...
Updated prior values: 4.98759
logL: -3979.61511
Running AI-REML algorithm ...
Iter.	logL	V(e)	
1	-3979.62	4.98759	
Log-likelihood ratio converged.

Summary result of REML analysis:
Source	Variance	SE
V(G)	2.927006	0.235914
V(e)	1.107584	0.038234
Vp	4.034590	0.223379
V(G)/Vp	0.725478	0.019831

Sampling variance/covariance of the estimates of variance components:
5.565553e-02	-3.609546e-03	
-3.609546e-03	1.461819e-03	

Summary result of REML analysis has been saved in the file [OUT.simu.pheno.48.hsq].

Analysis finished at 12:50:08 CET on Tue Dec 20 2022
Overall computational time: 3.29 sec.
