*******************************************************************
* Genome-wide Complex Trait Analysis (GCTA)
* version v1.94.1 Linux
* Built at Nov 15 2022 21:14:25, by GCC 8.5
* (C) 2010-present, Yang Lab, Westlake University
* Please report bugs to Jian Yang <jian.yang@westlake.edu.cn>
*******************************************************************
Analysis started at 15:24:32 CET on Tue Dec 20 2022.
Hostname: CGF-C9X299-PG300F

Accepted options:
--grm ../meala.gcta
--pheno SUB500pheno..49
--thread-num 3
--reml
--out out.SUB500pheno..49

Note: the program will be running on 3 threads.

Reading IDs of the GRM from [../meala.gcta.grm.id].
3051 IDs are read from [../meala.gcta.grm.id].
Reading the GRM from [../meala.gcta.grm.bin].
GRM for 3051 individuals are included from [../meala.gcta.grm.bin].
Reading phenotypes from [SUB500pheno..49].
Non-missing phenotypes of 500 individuals are included from [SUB500pheno..49].

500 individuals are in common in these files.

Performing  REML analysis ... (Note: may take hours depending on sample size).
500 observations, 1 fixed effect(s), and 2 variance component(s)(including residual variance).
Calculating prior values of variance components by EM-REML ...
Updated prior values: 2.42424 1.70559
logL: -518.717
Running AI-REML algorithm ...
Iter.	logL	V(G)	V(e)	
1	-484.28	2.36334	1.43647	
2	-477.11	2.31396	1.31313	
3	-474.66	2.27968	1.24465	
4	-473.69	2.25644	1.20326	
5	-473.27	2.20681	1.12038	
6	-472.94	2.20802	1.12520	
7	-472.94	2.20795	1.12524	
8	-472.94	2.20794	1.12524	
Log-likelihood ratio converged.

Calculating the logLikelihood for the reduced model ...
(variance component 1 is dropped from the model)
Calculating prior values of variance components by EM-REML ...
Updated prior values: 5.37612
logL: -672.25808
Running AI-REML algorithm ...
Iter.	logL	V(e)	
1	-672.26	5.37612	
Log-likelihood ratio converged.

Summary result of REML analysis:
Source	Variance	SE
V(G)	2.207944	0.305009
V(e)	1.125243	0.108443
Vp	3.333188	0.283506
V(G)/Vp	0.662412	0.043705

Sampling variance/covariance of the estimates of variance components:
9.303048e-02	-1.220737e-02	
-1.220737e-02	1.175992e-02	

Summary result of REML analysis has been saved in the file [out.SUB500pheno..49.hsq].

Analysis finished at 15:24:32 CET on Tue Dec 20 2022
Overall computational time: 0.16 sec.
