*******************************************************************
* Genome-wide Complex Trait Analysis (GCTA)
* version v1.94.1 Linux
* Built at Nov 15 2022 21:14:25, by GCC 8.5
* (C) 2010-present, Yang Lab, Westlake University
* Please report bugs to Jian Yang <jian.yang@westlake.edu.cn>
*******************************************************************
Analysis started at 15:21:34 CET on Tue Dec 20 2022.
Hostname: CGF-C9X299-PG300F

Accepted options:
--grm ../meala.gcta
--pheno SUBpheno.sim.9
--thread-num 5
--reml
--out out.SUBpheno.sim.9

Note: the program will be running on 5 threads.

Reading IDs of the GRM from [../meala.gcta.grm.id].
3051 IDs are read from [../meala.gcta.grm.id].
Reading the GRM from [../meala.gcta.grm.bin].
GRM for 3051 individuals are included from [../meala.gcta.grm.bin].
Reading phenotypes from [SUBpheno.sim.9].
Non-missing phenotypes of 1500 individuals are included from [SUBpheno.sim.9].

1500 individuals are in common in these files.

Performing  REML analysis ... (Note: may take hours depending on sample size).
1500 observations, 1 fixed effect(s), and 2 variance component(s)(including residual variance).
Calculating prior values of variance components by EM-REML ...
Updated prior values: 2.19808 1.48962
logL: -1338.83
Running AI-REML algorithm ...
Iter.	logL	V(G)	V(e)	
1	-1234.01	1.76766	1.40421	
2	-1219.69	1.58471	1.35173	
3	-1214.59	1.48607	1.31873	
4	-1212.51	1.42729	1.29743	
5	-1211.62	1.39033	1.28343	
6	-1211.22	1.31444	1.25399	
7	-1210.88	1.31700	1.25484	
8	-1210.88	1.31705	1.25483	
9	-1210.88	1.31705	1.25483	
Log-likelihood ratio converged.

Calculating the logLikelihood for the reduced model ...
(variance component 1 is dropped from the model)
Calculating prior values of variance components by EM-REML ...
Updated prior values: 4.83978
logL: -1935.02042
Running AI-REML algorithm ...
Iter.	logL	V(e)	
1	-1935.02	4.83978	
Log-likelihood ratio converged.

Summary result of REML analysis:
Source	Variance	SE
V(G)	1.317051	0.150411
V(e)	1.254832	0.057083
Vp	2.571883	0.143508
V(G)/Vp	0.512096	0.033810

Sampling variance/covariance of the estimates of variance components:
2.262336e-02	-2.643646e-03	
-2.643646e-03	3.258476e-03	

Summary result of REML analysis has been saved in the file [out.SUBpheno.sim.9.hsq].

Analysis finished at 15:21:35 CET on Tue Dec 20 2022
Overall computational time: 0.66 sec.
