*******************************************************************
* Genome-wide Complex Trait Analysis (GCTA)
* version v1.94.1 Linux
* Built at Nov 15 2022 21:14:25, by GCC 8.5
* (C) 2010-present, Yang Lab, Westlake University
* Please report bugs to Jian Yang <jian.yang@westlake.edu.cn>
*******************************************************************
Analysis started at 15:21:26 CET on Tue Dec 20 2022.
Hostname: CGF-C9X299-PG300F

Accepted options:
--grm ../meala.gcta
--pheno SUBpheno.sim.43
--thread-num 5
--reml
--out out.SUBpheno.sim.43

Note: the program will be running on 5 threads.

Reading IDs of the GRM from [../meala.gcta.grm.id].
3051 IDs are read from [../meala.gcta.grm.id].
Reading the GRM from [../meala.gcta.grm.bin].
GRM for 3051 individuals are included from [../meala.gcta.grm.bin].
Reading phenotypes from [SUBpheno.sim.43].
Non-missing phenotypes of 1500 individuals are included from [SUBpheno.sim.43].

1500 individuals are in common in these files.

Performing  REML analysis ... (Note: may take hours depending on sample size).
1500 observations, 1 fixed effect(s), and 2 variance component(s)(including residual variance).
Calculating prior values of variance components by EM-REML ...
Updated prior values:  2.2546 1.41469
logL: -1326.24
Running AI-REML algorithm ...
Iter.	logL	V(G)	V(e)	
1	-1198.40	2.08007	1.28145	
2	-1185.32	1.98246	1.21018	
3	-1180.33	1.92325	1.16786	
4	-1178.24	1.88572	1.14133	
5	-1177.34	1.86130	1.12418	
6	-1176.93	1.81016	1.08841	
7	-1176.59	1.81166	1.08948	
8	-1176.59	1.81166	1.08948	
9	-1176.59	1.81166	1.08948	
Log-likelihood ratio converged.

Calculating the logLikelihood for the reduced model ...
(variance component 1 is dropped from the model)
Calculating prior values of variance components by EM-REML ...
Updated prior values: 4.87873
logL: -1941.02781
Running AI-REML algorithm ...
Iter.	logL	V(e)	
1	-1941.03	4.87873	
Log-likelihood ratio converged.

Summary result of REML analysis:
Source	Variance	SE
V(G)	1.811655	0.188079
V(e)	1.089484	0.052056
Vp	2.901139	0.177579
V(G)/Vp	0.624463	0.030012

Sampling variance/covariance of the estimates of variance components:
3.537369e-02	-3.274608e-03	
-3.274608e-03	2.709857e-03	

Summary result of REML analysis has been saved in the file [out.SUBpheno.sim.43.hsq].

Analysis finished at 15:21:27 CET on Tue Dec 20 2022
Overall computational time: 0.62 sec.
