*******************************************************************
* Genome-wide Complex Trait Analysis (GCTA)
* version v1.94.1 Linux
* Built at Nov 15 2022 21:14:25, by GCC 8.5
* (C) 2010-present, Yang Lab, Westlake University
* Please report bugs to Jian Yang <jian.yang@westlake.edu.cn>
*******************************************************************
Analysis started at 15:24:29 CET on Tue Dec 20 2022.
Hostname: CGF-C9X299-PG300F

Accepted options:
--grm ../meala.gcta
--pheno SUB500pheno..30
--thread-num 3
--reml
--out out.SUB500pheno..30

Note: the program will be running on 3 threads.

Reading IDs of the GRM from [../meala.gcta.grm.id].
3051 IDs are read from [../meala.gcta.grm.id].
Reading the GRM from [../meala.gcta.grm.bin].
GRM for 3051 individuals are included from [../meala.gcta.grm.bin].
Reading phenotypes from [SUB500pheno..30].
Non-missing phenotypes of 500 individuals are included from [SUB500pheno..30].

500 individuals are in common in these files.

Performing  REML analysis ... (Note: may take hours depending on sample size).
500 observations, 1 fixed effect(s), and 2 variance component(s)(including residual variance).
Calculating prior values of variance components by EM-REML ...
Updated prior values: 2.02557 1.59031
logL: -489.461
Running AI-REML algorithm ...
Iter.	logL	V(G)	V(e)	
1	-462.23	1.67013	1.46747	
2	-455.80	1.51902	1.39605	
3	-453.57	1.43750	1.35225	
4	-452.67	1.38905	1.32431	
5	-452.28	1.29316	1.26651	
6	-451.97	1.30042	1.26835	
7	-451.97	1.30026	1.26843	
8	-451.97	1.30027	1.26843	
Log-likelihood ratio converged.

Calculating the logLikelihood for the reduced model ...
(variance component 1 is dropped from the model)
Calculating prior values of variance components by EM-REML ...
Updated prior values: 4.67173
logL: -637.21894
Running AI-REML algorithm ...
Iter.	logL	V(e)	
1	-637.22	4.67173	
Log-likelihood ratio converged.

Summary result of REML analysis:
Source	Variance	SE
V(G)	1.300269	0.200289
V(e)	1.268431	0.110765
Vp	2.568700	0.194282
V(G)/Vp	0.506197	0.050135

Sampling variance/covariance of the estimates of variance components:
4.011548e-02	-7.319507e-03	
-7.319507e-03	1.226884e-02	

Summary result of REML analysis has been saved in the file [out.SUB500pheno..30.hsq].

Analysis finished at 15:24:29 CET on Tue Dec 20 2022
Overall computational time: 0.16 sec.
