*******************************************************************
* Genome-wide Complex Trait Analysis (GCTA)
* version v1.94.1 Linux
* Built at Nov 15 2022 21:14:25, by GCC 8.5
* (C) 2010-present, Yang Lab, Westlake University
* Please report bugs to Jian Yang <jian.yang@westlake.edu.cn>
*******************************************************************
Analysis started at 15:24:29 CET on Tue Dec 20 2022.
Hostname: CGF-C9X299-PG300F

Accepted options:
--grm ../meala.gcta
--pheno SUB500pheno..32
--thread-num 3
--reml
--out out.SUB500pheno..32

Note: the program will be running on 3 threads.

Reading IDs of the GRM from [../meala.gcta.grm.id].
3051 IDs are read from [../meala.gcta.grm.id].
Reading the GRM from [../meala.gcta.grm.bin].
GRM for 3051 individuals are included from [../meala.gcta.grm.bin].
Reading phenotypes from [SUB500pheno..32].
Non-missing phenotypes of 500 individuals are included from [SUB500pheno..32].

500 individuals are in common in these files.

Performing  REML analysis ... (Note: may take hours depending on sample size).
500 observations, 1 fixed effect(s), and 2 variance component(s)(including residual variance).
Calculating prior values of variance components by EM-REML ...
Updated prior values: 2.36917 1.69383
logL: -518.892
Running AI-REML algorithm ...
Iter.	logL	V(G)	V(e)	
1	-490.66	2.42476	1.43245	
2	-484.63	2.44809	1.30657	
3	-482.51	2.46058	1.23513	
4	-481.66	2.46841	1.19132	
5	-481.29	2.48553	1.10258	
6	-480.99	2.49000	1.10600	
7	-480.99	2.48990	1.10604	
8	-480.99	2.48990	1.10605	
Log-likelihood ratio converged.

Calculating the logLikelihood for the reduced model ...
(variance component 1 is dropped from the model)
Calculating prior values of variance components by EM-REML ...
Updated prior values: 5.11996
logL: -660.07732
Running AI-REML algorithm ...
Iter.	logL	V(e)	
1	-660.08	5.11996	
Log-likelihood ratio converged.

Summary result of REML analysis:
Source	Variance	SE
V(G)	2.489895	0.339947
V(e)	1.106046	0.109793
Vp	3.595941	0.314250
V(G)/Vp	0.692418	0.042046

Sampling variance/covariance of the estimates of variance components:
1.155642e-01	-1.443273e-02	
-1.443273e-02	1.205457e-02	

Summary result of REML analysis has been saved in the file [out.SUB500pheno..32.hsq].

Analysis finished at 15:24:29 CET on Tue Dec 20 2022
Overall computational time: 0.19 sec.
