*******************************************************************
* Genome-wide Complex Trait Analysis (GCTA)
* version v1.94.1 Linux
* Built at Nov 15 2022 21:14:25, by GCC 8.5
* (C) 2010-present, Yang Lab, Westlake University
* Please report bugs to Jian Yang <jian.yang@westlake.edu.cn>
*******************************************************************
Analysis started at 15:24:33 CET on Tue Dec 20 2022.
Hostname: CGF-C9X299-PG300F

Accepted options:
--grm ../meala.gcta
--pheno SUB500pheno..7
--thread-num 3
--reml
--out out.SUB500pheno..7

Note: the program will be running on 3 threads.

Reading IDs of the GRM from [../meala.gcta.grm.id].
3051 IDs are read from [../meala.gcta.grm.id].
Reading the GRM from [../meala.gcta.grm.bin].
GRM for 3051 individuals are included from [../meala.gcta.grm.bin].
Reading phenotypes from [SUB500pheno..7].
Non-missing phenotypes of 500 individuals are included from [SUB500pheno..7].

500 individuals are in common in these files.

Performing  REML analysis ... (Note: may take hours depending on sample size).
500 observations, 1 fixed effect(s), and 2 variance component(s)(including residual variance).
Calculating prior values of variance components by EM-REML ...
Updated prior values: 2.23346 1.79884
logL: -535.01
Running AI-REML algorithm ...
Iter.	logL	V(G)	V(e)	
1	-523.06	2.35054	1.61061	
2	-520.36	2.42991	1.50303	
3	-519.23	2.48595	1.43649	
4	-518.72	2.52630	1.39343	
5	-518.49	2.61910	1.30277	
6	-518.27	2.63376	1.30183	
7	-518.27	2.63479	1.30153	
8	-518.27	2.63488	1.30150	
Log-likelihood ratio converged.

Calculating the logLikelihood for the reduced model ...
(variance component 1 is dropped from the model)
Calculating prior values of variance components by EM-REML ...
Updated prior values: 4.67753
logL: -637.52840
Running AI-REML algorithm ...
Iter.	logL	V(e)	
1	-637.53	4.67753	
Log-likelihood ratio converged.

Summary result of REML analysis:
Source	Variance	SE
V(G)	2.634884	0.364886
V(e)	1.301495	0.130830
Vp	3.936379	0.334349
V(G)/Vp	0.669367	0.044539

Sampling variance/covariance of the estimates of variance components:
1.331418e-01	-1.923456e-02	
-1.923456e-02	1.711645e-02	

Summary result of REML analysis has been saved in the file [out.SUB500pheno..7.hsq].

Analysis finished at 15:24:33 CET on Tue Dec 20 2022
Overall computational time: 0.17 sec.
