*******************************************************************
* Genome-wide Complex Trait Analysis (GCTA)
* version v1.94.1 Linux
* Built at Nov 15 2022 21:14:25, by GCC 8.5
* (C) 2010-present, Yang Lab, Westlake University
* Please report bugs to Jian Yang <jian.yang@westlake.edu.cn>
*******************************************************************
Analysis started at 15:24:26 CET on Tue Dec 20 2022.
Hostname: CGF-C9X299-PG300F

Accepted options:
--grm ../meala.gcta
--pheno SUB500pheno..12
--thread-num 3
--reml
--out out.SUB500pheno..12

Note: the program will be running on 3 threads.

Reading IDs of the GRM from [../meala.gcta.grm.id].
3051 IDs are read from [../meala.gcta.grm.id].
Reading the GRM from [../meala.gcta.grm.bin].
GRM for 3051 individuals are included from [../meala.gcta.grm.bin].
Reading phenotypes from [SUB500pheno..12].
Non-missing phenotypes of 500 individuals are included from [SUB500pheno..12].

500 individuals are in common in these files.

Performing  REML analysis ... (Note: may take hours depending on sample size).
500 observations, 1 fixed effect(s), and 2 variance component(s)(including residual variance).
Calculating prior values of variance components by EM-REML ...
Updated prior values: 2.15318 1.62393
logL: -498.99
Running AI-REML algorithm ...
Iter.	logL	V(G)	V(e)	
1	-473.83	2.04661	1.45044	
2	-469.50	1.98344	1.35920	
3	-467.85	1.94442	1.30534	
4	-467.17	1.91970	1.27161	
5	-466.87	1.86940	1.20245	
6	-466.62	1.87427	1.20468	
7	-466.62	1.87438	1.20465	
8	-466.62	1.87439	1.20465	
Log-likelihood ratio converged.

Calculating the logLikelihood for the reduced model ...
(variance component 1 is dropped from the model)
Calculating prior values of variance components by EM-REML ...
Updated prior values: 4.76516
logL: -642.15966
Running AI-REML algorithm ...
Iter.	logL	V(e)	
1	-642.16	4.76516	
Log-likelihood ratio converged.

Summary result of REML analysis:
Source	Variance	SE
V(G)	1.874388	0.283613
V(e)	1.204649	0.112969
Vp	3.079037	0.261461
V(G)/Vp	0.608758	0.049209

Sampling variance/covariance of the estimates of variance components:
8.043613e-02	-1.241804e-02	
-1.241804e-02	1.276203e-02	

Summary result of REML analysis has been saved in the file [out.SUB500pheno..12.hsq].

Analysis finished at 15:24:26 CET on Tue Dec 20 2022
Overall computational time: 0.18 sec.
