*******************************************************************
* Genome-wide Complex Trait Analysis (GCTA)
* version v1.94.1 Linux
* Built at Nov 15 2022 21:14:25, by GCC 8.5
* (C) 2010-present, Yang Lab, Westlake University
* Please report bugs to Jian Yang <jian.yang@westlake.edu.cn>
*******************************************************************
Analysis started at 15:21:24 CET on Tue Dec 20 2022.
Hostname: CGF-C9X299-PG300F

Accepted options:
--grm ../meala.gcta
--pheno SUBpheno.sim.4
--thread-num 5
--reml
--out out.SUBpheno.sim.4

Note: the program will be running on 5 threads.

Reading IDs of the GRM from [../meala.gcta.grm.id].
3051 IDs are read from [../meala.gcta.grm.id].
Reading the GRM from [../meala.gcta.grm.bin].
GRM for 3051 individuals are included from [../meala.gcta.grm.bin].
Reading phenotypes from [SUBpheno.sim.4].
Non-missing phenotypes of 1500 individuals are included from [SUBpheno.sim.4].

1500 individuals are in common in these files.

Performing  REML analysis ... (Note: may take hours depending on sample size).
1500 observations, 1 fixed effect(s), and 2 variance component(s)(including residual variance).
Calculating prior values of variance components by EM-REML ...
Updated prior values: 2.46927 1.58537
logL: -1413.41
Running AI-REML algorithm ...
Iter.	logL	V(G)	V(e)	
1	-1304.43	2.49951	1.41994	
2	-1293.30	2.51528	1.33067	
3	-1289.01	2.52536	1.27732	
4	-1287.21	2.53256	1.24368	
5	-1286.42	2.53802	1.22178	
6	-1286.06	2.55137	1.17577	
7	-1285.75	2.55593	1.17635	
8	-1285.75	2.55609	1.17632	
9	-1285.75	2.55610	1.17632	
Log-likelihood ratio converged.

Calculating the logLikelihood for the reduced model ...
(variance component 1 is dropped from the model)
Calculating prior values of variance components by EM-REML ...
Updated prior values: 5.22887
logL: -1992.97618
Running AI-REML algorithm ...
Iter.	logL	V(e)	
1	-1992.98	5.22887	
Log-likelihood ratio converged.

Summary result of REML analysis:
Source	Variance	SE
V(G)	2.556104	0.254665
V(e)	1.176322	0.058824
Vp	3.732427	0.239376
V(G)/Vp	0.684837	0.027378

Sampling variance/covariance of the estimates of variance components:
6.485451e-02	-5.506954e-03	
-5.506954e-03	3.460215e-03	

Summary result of REML analysis has been saved in the file [out.SUBpheno.sim.4.hsq].

Analysis finished at 15:21:24 CET on Tue Dec 20 2022
Overall computational time: 0.62 sec.
