*******************************************************************
* Genome-wide Complex Trait Analysis (GCTA)
* version v1.94.1 Linux
* Built at Nov 15 2022 21:14:25, by GCC 8.5
* (C) 2010-present, Yang Lab, Westlake University
* Please report bugs to Jian Yang <jian.yang@westlake.edu.cn>
*******************************************************************
Analysis started at 15:21:05 CET on Tue Dec 20 2022.
Hostname: CGF-C9X299-PG300F

Accepted options:
--grm ../meala.gcta
--pheno SUBpheno.sim.14
--thread-num 5
--reml
--out out.SUBpheno.sim.14

Note: the program will be running on 5 threads.

Reading IDs of the GRM from [../meala.gcta.grm.id].
3051 IDs are read from [../meala.gcta.grm.id].
Reading the GRM from [../meala.gcta.grm.bin].
GRM for 3051 individuals are included from [../meala.gcta.grm.bin].
Reading phenotypes from [SUBpheno.sim.14].
Non-missing phenotypes of 1500 individuals are included from [SUBpheno.sim.14].

1500 individuals are in common in these files.

Performing  REML analysis ... (Note: may take hours depending on sample size).
1500 observations, 1 fixed effect(s), and 2 variance component(s)(including residual variance).
Calculating prior values of variance components by EM-REML ...
Updated prior values: 2.32182 1.48623
logL: -1358.65
Running AI-REML algorithm ...
Iter.	logL	V(G)	V(e)	
1	-1238.03	2.08815	1.36054	
2	-1225.43	1.96560	1.29149	
3	-1220.60	1.89351	1.24995	
4	-1218.58	1.84859	1.22374	
5	-1217.70	1.81966	1.20672	
6	-1217.30	1.75946	1.17111	
7	-1216.97	1.76147	1.17211	
8	-1216.97	1.76147	1.17211	
9	-1216.97	1.76147	1.17211	
Log-likelihood ratio converged.

Calculating the logLikelihood for the reduced model ...
(variance component 1 is dropped from the model)
Calculating prior values of variance components by EM-REML ...
Updated prior values: 5.03797
logL: -1965.10039
Running AI-REML algorithm ...
Iter.	logL	V(e)	
1	-1965.10	5.03797	
Log-likelihood ratio converged.

Summary result of REML analysis:
Source	Variance	SE
V(G)	1.761469	0.182701
V(e)	1.172114	0.055099
Vp	2.933583	0.173389
V(G)/Vp	0.600450	0.030388

Sampling variance/covariance of the estimates of variance components:
3.337953e-02	-3.175870e-03	
-3.175870e-03	3.035893e-03	

Summary result of REML analysis has been saved in the file [out.SUBpheno.sim.14.hsq].

Analysis finished at 15:21:06 CET on Tue Dec 20 2022
Overall computational time: 0.64 sec.
