*******************************************************************
* Genome-wide Complex Trait Analysis (GCTA)
* version v1.94.1 Linux
* Built at Nov 15 2022 21:14:25, by GCC 8.5
* (C) 2010-present, Yang Lab, Westlake University
* Please report bugs to Jian Yang <jian.yang@westlake.edu.cn>
*******************************************************************
Analysis started at 12:49:25 CET on Tue Dec 20 2022.
Hostname: CGF-C9X299-PG300F

Accepted options:
--grm ../meala.gcta
--pheno simu.pheno.37
--thread-num 5
--reml
--out OUT.simu.pheno.37

Note: the program will be running on 5 threads.

Reading IDs of the GRM from [../meala.gcta.grm.id].
3051 IDs are read from [../meala.gcta.grm.id].
Reading the GRM from [../meala.gcta.grm.bin].
GRM for 3051 individuals are included from [../meala.gcta.grm.bin].
Reading phenotypes from [simu.pheno.37].
Non-missing phenotypes of 3051 individuals are included from [simu.pheno.37].

3051 individuals are in common in these files.

Performing  REML analysis ... (Note: may take hours depending on sample size).
3051 observations, 1 fixed effect(s), and 2 variance component(s)(including residual variance).
Calculating prior values of variance components by EM-REML ...
Updated prior values: 2.42629 1.50909
logL: -2719.09
Running AI-REML algorithm ...
Iter.	logL	V(G)	V(e)	
1	-2513.90	2.70361	1.36653	
2	-2493.75	2.92481	1.28123	
3	-2484.70	3.09791	1.22669	
4	-2480.41	3.23099	1.19051	
5	-2478.33	3.33184	1.16597	
6	-2477.30	3.40736	1.14909	
7	-2476.79	3.46342	1.13737	
8	-2476.53	3.59414	1.11149	
9	-2476.27	3.61315	1.10995	
10	-2476.27	3.61507	1.10976	
11	-2476.27	3.61527	1.10974	
Log-likelihood ratio converged.

Calculating the logLikelihood for the reduced model ...
(variance component 1 is dropped from the model)
Calculating prior values of variance components by EM-REML ...
Updated prior values: 4.94182
logL: -3965.55584
Running AI-REML algorithm ...
Iter.	logL	V(e)	
1	-3965.56	4.94182	
Log-likelihood ratio converged.

Summary result of REML analysis:
Source	Variance	SE
V(G)	3.615268	0.275320
V(e)	1.109736	0.039367
Vp	4.725004	0.261696
V(G)/Vp	0.765136	0.017300

Sampling variance/covariance of the estimates of variance components:
7.580099e-02	-4.432976e-03	
-4.432976e-03	1.549731e-03	

Summary result of REML analysis has been saved in the file [OUT.simu.pheno.37.hsq].

Analysis finished at 12:49:29 CET on Tue Dec 20 2022
Overall computational time: 3.48 sec.
