*******************************************************************
* Genome-wide Complex Trait Analysis (GCTA)
* version v1.94.1 Linux
* Built at Nov 15 2022 21:14:25, by GCC 8.5
* (C) 2010-present, Yang Lab, Westlake University
* Please report bugs to Jian Yang <jian.yang@westlake.edu.cn>
*******************************************************************
Analysis started at 15:21:11 CET on Tue Dec 20 2022.
Hostname: CGF-C9X299-PG300F

Accepted options:
--grm ../meala.gcta
--pheno SUBpheno.sim.22
--thread-num 5
--reml
--out out.SUBpheno.sim.22

Note: the program will be running on 5 threads.

Reading IDs of the GRM from [../meala.gcta.grm.id].
3051 IDs are read from [../meala.gcta.grm.id].
Reading the GRM from [../meala.gcta.grm.bin].
GRM for 3051 individuals are included from [../meala.gcta.grm.bin].
Reading phenotypes from [SUBpheno.sim.22].
Non-missing phenotypes of 1500 individuals are included from [SUBpheno.sim.22].

1500 individuals are in common in these files.

Performing  REML analysis ... (Note: may take hours depending on sample size).
1500 observations, 1 fixed effect(s), and 2 variance component(s)(including residual variance).
Calculating prior values of variance components by EM-REML ...
Updated prior values: 2.28975  1.4096
logL: -1313.02
Running AI-REML algorithm ...
Iter.	logL	V(G)	V(e)	
1	-1158.38	1.60224	1.31120	
2	-1132.08	1.38095	1.25025	
3	-1124.12	1.27024	1.21278	
4	-1121.00	1.20645	1.18898	
5	-1119.68	1.16704	1.17352	
6	-1119.10	1.14167	1.16332	
7	-1118.83	1.08872	1.14184	
8	-1118.61	1.08944	1.14253	
9	-1118.61	1.08944	1.14253	
10	-1118.61	1.08944	1.14253	
Log-likelihood ratio converged.

Calculating the logLikelihood for the reduced model ...
(variance component 1 is dropped from the model)
Calculating prior values of variance components by EM-REML ...
Updated prior values: 5.13198
logL: -1978.95822
Running AI-REML algorithm ...
Iter.	logL	V(e)	
1	-1978.96	5.13198	
Log-likelihood ratio converged.

Summary result of REML analysis:
Source	Variance	SE
V(G)	1.089440	0.130781
V(e)	1.142528	0.051378
Vp	2.231968	0.124893
V(G)/Vp	0.488107	0.035125

Sampling variance/covariance of the estimates of variance components:
1.710369e-02	-2.072500e-03	
-2.072500e-03	2.639650e-03	

Summary result of REML analysis has been saved in the file [out.SUBpheno.sim.22.hsq].

Analysis finished at 15:21:12 CET on Tue Dec 20 2022
Overall computational time: 0.66 sec.
