*******************************************************************
* Genome-wide Complex Trait Analysis (GCTA)
* version v1.94.1 Linux
* Built at Nov 15 2022 21:14:25, by GCC 8.5
* (C) 2010-present, Yang Lab, Westlake University
* Please report bugs to Jian Yang <jian.yang@westlake.edu.cn>
*******************************************************************
Analysis started at 12:48:07 CET on Tue Dec 20 2022.
Hostname: CGF-C9X299-PG300F

Accepted options:
--grm ../meala.gcta
--pheno simu.pheno.15
--thread-num 5
--reml
--out OUT.simu.pheno.15

Note: the program will be running on 5 threads.

Reading IDs of the GRM from [../meala.gcta.grm.id].
3051 IDs are read from [../meala.gcta.grm.id].
Reading the GRM from [../meala.gcta.grm.bin].
GRM for 3051 individuals are included from [../meala.gcta.grm.bin].
Reading phenotypes from [simu.pheno.15].
Non-missing phenotypes of 3051 individuals are included from [simu.pheno.15].

3051 individuals are in common in these files.

Performing  REML analysis ... (Note: may take hours depending on sample size).
3051 observations, 1 fixed effect(s), and 2 variance component(s)(including residual variance).
Calculating prior values of variance components by EM-REML ...
Updated prior values: 2.48821 1.58367
logL: -2781.32
Running AI-REML algorithm ...
Iter.	logL	V(G)	V(e)	
1	-2595.92	2.76361	1.44575	
2	-2578.27	2.98622	1.36152	
3	-2570.16	3.16283	1.30687	
4	-2566.24	3.30058	1.27018	
5	-2564.29	3.40649	1.24501	
6	-2563.31	3.48699	1.22751	
7	-2562.81	3.67884	1.18867	
8	-2562.29	3.71514	1.18575	
9	-2562.28	3.71990	1.18525	
10	-2562.28	3.72053	1.18519	
11	-2562.28	3.72061	1.18518	
Log-likelihood ratio converged.

Calculating the logLikelihood for the reduced model ...
(variance component 1 is dropped from the model)
Calculating prior values of variance components by EM-REML ...
Updated prior values: 5.05657
logL: -4000.56034
Running AI-REML algorithm ...
Iter.	logL	V(e)	
1	-4000.56	5.05657	
Log-likelihood ratio converged.

Summary result of REML analysis:
Source	Variance	SE
V(G)	3.720609	0.288907
V(e)	1.185179	0.042043
Vp	4.905788	0.274129
V(G)/Vp	0.758412	0.017930

Sampling variance/covariance of the estimates of variance components:
8.346754e-02	-5.044259e-03	
-5.044259e-03	1.767655e-03	

Summary result of REML analysis has been saved in the file [OUT.simu.pheno.15.hsq].

Analysis finished at 12:48:10 CET on Tue Dec 20 2022
Overall computational time: 3.46 sec.
