*******************************************************************
* Genome-wide Complex Trait Analysis (GCTA)
* version v1.94.1 Linux
* Built at Nov 15 2022 21:14:25, by GCC 8.5
* (C) 2010-present, Yang Lab, Westlake University
* Please report bugs to Jian Yang <jian.yang@westlake.edu.cn>
*******************************************************************
Analysis started at 12:49:49 CET on Tue Dec 20 2022.
Hostname: CGF-C9X299-PG300F

Accepted options:
--grm ../meala.gcta
--pheno simu.pheno.43
--thread-num 5
--reml
--out OUT.simu.pheno.43

Note: the program will be running on 5 threads.

Reading IDs of the GRM from [../meala.gcta.grm.id].
3051 IDs are read from [../meala.gcta.grm.id].
Reading the GRM from [../meala.gcta.grm.bin].
GRM for 3051 individuals are included from [../meala.gcta.grm.bin].
Reading phenotypes from [simu.pheno.43].
Non-missing phenotypes of 3051 individuals are included from [simu.pheno.43].

3051 individuals are in common in these files.

Performing  REML analysis ... (Note: may take hours depending on sample size).
3051 observations, 1 fixed effect(s), and 2 variance component(s)(including residual variance).
Calculating prior values of variance components by EM-REML ...
Updated prior values: 2.30843 1.41111
logL: -2591.68
Running AI-REML algorithm ...
Iter.	logL	V(G)	V(e)	
1	-2340.43	2.11378	1.31957	
2	-2324.32	2.00583	1.26664	
3	-2317.83	1.94053	1.23396	
4	-2315.06	1.89911	1.21303	
5	-2313.83	1.87211	1.19933	
6	-2313.28	1.85418	1.19022	
7	-2313.03	1.81610	1.17091	
8	-2312.81	1.81647	1.17127	
9	-2312.81	1.81646	1.17128	
Log-likelihood ratio converged.

Calculating the logLikelihood for the reduced model ...
(variance component 1 is dropped from the model)
Calculating prior values of variance components by EM-REML ...
Updated prior values: 4.90492
logL: -3954.12695
Running AI-REML algorithm ...
Iter.	logL	V(e)	
1	-3954.13	4.90492	
Log-likelihood ratio converged.

Summary result of REML analysis:
Source	Variance	SE
V(G)	1.816461	0.159399
V(e)	1.171275	0.037189
Vp	2.987737	0.151252
V(G)/Vp	0.607972	0.024479

Sampling variance/covariance of the estimates of variance components:
2.540819e-02	-1.957005e-03	
-1.957005e-03	1.383014e-03	

Summary result of REML analysis has been saved in the file [OUT.simu.pheno.43.hsq].

Analysis finished at 12:49:52 CET on Tue Dec 20 2022
Overall computational time: 2.98 sec.
