*******************************************************************
* Genome-wide Complex Trait Analysis (GCTA)
* version v1.94.1 Linux
* Built at Nov 15 2022 21:14:25, by GCC 8.5
* (C) 2010-present, Yang Lab, Westlake University
* Please report bugs to Jian Yang <jian.yang@westlake.edu.cn>
*******************************************************************
Analysis started at 15:21:29 CET on Tue Dec 20 2022.
Hostname: CGF-C9X299-PG300F

Accepted options:
--grm ../meala.gcta
--pheno SUBpheno.sim.48
--thread-num 5
--reml
--out out.SUBpheno.sim.48

Note: the program will be running on 5 threads.

Reading IDs of the GRM from [../meala.gcta.grm.id].
3051 IDs are read from [../meala.gcta.grm.id].
Reading the GRM from [../meala.gcta.grm.bin].
GRM for 3051 individuals are included from [../meala.gcta.grm.bin].
Reading phenotypes from [SUBpheno.sim.48].
Non-missing phenotypes of 1500 individuals are included from [SUBpheno.sim.48].

1500 individuals are in common in these files.

Performing  REML analysis ... (Note: may take hours depending on sample size).
1500 observations, 1 fixed effect(s), and 2 variance component(s)(including residual variance).
Calculating prior values of variance components by EM-REML ...
Updated prior values: 2.40009  1.5622
logL: -1401.78
Running AI-REML algorithm ...
Iter.	logL	V(G)	V(e)	
1	-1300.39	2.46287	1.40208	
2	-1289.95	2.50159	1.31443	
3	-1285.87	2.52764	1.26165	
4	-1284.14	2.54597	1.22819	
5	-1283.38	2.55920	1.20634	
6	-1283.03	2.58976	1.16028	
7	-1282.73	2.59527	1.16066	
8	-1282.73	2.59551	1.16063	
9	-1282.73	2.59552	1.16062	
Log-likelihood ratio converged.

Calculating the logLikelihood for the reduced model ...
(variance component 1 is dropped from the model)
Calculating prior values of variance components by EM-REML ...
Updated prior values: 5.05665
logL: -1967.87401
Running AI-REML algorithm ...
Iter.	logL	V(e)	
1	-1967.87	5.05665	
Log-likelihood ratio converged.

Summary result of REML analysis:
Source	Variance	SE
V(G)	2.595521	0.257969
V(e)	1.160623	0.058413
Vp	3.756144	0.242315
V(G)/Vp	0.691007	0.027129

Sampling variance/covariance of the estimates of variance components:
6.654824e-02	-5.621839e-03	
-5.621839e-03	3.412105e-03	

Summary result of REML analysis has been saved in the file [out.SUBpheno.sim.48.hsq].

Analysis finished at 15:21:30 CET on Tue Dec 20 2022
Overall computational time: 0.63 sec.
