*******************************************************************
* Genome-wide Complex Trait Analysis (GCTA)
* version v1.94.1 Linux
* Built at Nov 15 2022 21:14:25, by GCC 8.5
* (C) 2010-present, Yang Lab, Westlake University
* Please report bugs to Jian Yang <jian.yang@westlake.edu.cn>
*******************************************************************
Analysis started at 12:49:22 CET on Tue Dec 20 2022.
Hostname: CGF-C9X299-PG300F

Accepted options:
--grm ../meala.gcta
--pheno simu.pheno.36
--thread-num 5
--reml
--out OUT.simu.pheno.36

Note: the program will be running on 5 threads.

Reading IDs of the GRM from [../meala.gcta.grm.id].
3051 IDs are read from [../meala.gcta.grm.id].
Reading the GRM from [../meala.gcta.grm.bin].
GRM for 3051 individuals are included from [../meala.gcta.grm.bin].
Reading phenotypes from [simu.pheno.36].
Non-missing phenotypes of 3051 individuals are included from [simu.pheno.36].

3051 individuals are in common in these files.

Performing  REML analysis ... (Note: may take hours depending on sample size).
3051 observations, 1 fixed effect(s), and 2 variance component(s)(including residual variance).
Calculating prior values of variance components by EM-REML ...
Updated prior values: 2.38171 1.44225
logL: -2632.6
Running AI-REML algorithm ...
Iter.	logL	V(G)	V(e)	
1	-2373.94	2.25613	1.33680	
2	-2357.48	2.18224	1.27682	
3	-2350.87	2.13641	1.24007	
4	-2348.05	2.10712	1.21660	
5	-2346.80	2.08806	1.20125	
6	-2346.23	2.07551	1.19103	
7	-2345.98	2.04921	1.16932	
8	-2345.76	2.05055	1.16957	
9	-2345.76	2.05063	1.16956	
Log-likelihood ratio converged.

Calculating the logLikelihood for the reduced model ...
(variance component 1 is dropped from the model)
Calculating prior values of variance components by EM-REML ...
Updated prior values: 5.05094
logL: -3998.86231
Running AI-REML algorithm ...
Iter.	logL	V(e)	
1	-3998.86	5.05094	
Log-likelihood ratio converged.

Summary result of REML analysis:
Source	Variance	SE
V(G)	2.050634	0.178867
V(e)	1.169558	0.037986
Vp	3.220192	0.169089
V(G)/Vp	0.636805	0.023906

Sampling variance/covariance of the estimates of variance components:
3.199346e-02	-2.422636e-03	
-2.422636e-03	1.442950e-03	

Summary result of REML analysis has been saved in the file [OUT.simu.pheno.36.hsq].

Analysis finished at 12:49:25 CET on Tue Dec 20 2022
Overall computational time: 2.95 sec.
