*******************************************************************
* Genome-wide Complex Trait Analysis (GCTA)
* version v1.94.1 Linux
* Built at Nov 15 2022 21:14:25, by GCC 8.5
* (C) 2010-present, Yang Lab, Westlake University
* Please report bugs to Jian Yang <jian.yang@westlake.edu.cn>
*******************************************************************
Analysis started at 15:21:33 CET on Tue Dec 20 2022.
Hostname: CGF-C9X299-PG300F

Accepted options:
--grm ../meala.gcta
--pheno SUBpheno.sim.7
--thread-num 5
--reml
--out out.SUBpheno.sim.7

Note: the program will be running on 5 threads.

Reading IDs of the GRM from [../meala.gcta.grm.id].
3051 IDs are read from [../meala.gcta.grm.id].
Reading the GRM from [../meala.gcta.grm.bin].
GRM for 3051 individuals are included from [../meala.gcta.grm.bin].
Reading phenotypes from [SUBpheno.sim.7].
Non-missing phenotypes of 1500 individuals are included from [SUBpheno.sim.7].

1500 individuals are in common in these files.

Performing  REML analysis ... (Note: may take hours depending on sample size).
1500 observations, 1 fixed effect(s), and 2 variance component(s)(including residual variance).
Calculating prior values of variance components by EM-REML ...
Updated prior values: 2.21203 1.43466
logL: -1322.74
Running AI-REML algorithm ...
Iter.	logL	V(G)	V(e)	
1	-1207.54	1.96951	1.32342	
2	-1195.76	1.84389	1.26122	
3	-1191.21	1.77036	1.22351	
4	-1189.31	1.72460	1.19961	
5	-1188.47	1.69510	1.18406	
6	-1188.10	1.63361	1.15152	
7	-1187.78	1.63519	1.15249	
8	-1187.78	1.63520	1.15249	
9	-1187.78	1.63520	1.15249	
Log-likelihood ratio converged.

Calculating the logLikelihood for the reduced model ...
(variance component 1 is dropped from the model)
Calculating prior values of variance components by EM-REML ...
Updated prior values: 4.80287
logL: -1929.28221
Running AI-REML algorithm ...
Iter.	logL	V(e)	
1	-1929.28	4.80287	
Log-likelihood ratio converged.

Summary result of REML analysis:
Source	Variance	SE
V(G)	1.635202	0.178710
V(e)	1.152491	0.054076
Vp	2.787692	0.168690
V(G)/Vp	0.586579	0.032121

Sampling variance/covariance of the estimates of variance components:
3.193737e-02	-3.202633e-03	
-3.202633e-03	2.924253e-03	

Summary result of REML analysis has been saved in the file [out.SUBpheno.sim.7.hsq].

Analysis finished at 15:21:33 CET on Tue Dec 20 2022
Overall computational time: 0.67 sec.
