*******************************************************************
* Genome-wide Complex Trait Analysis (GCTA)
* version v1.94.1 Linux
* Built at Nov 15 2022 21:14:25, by GCC 8.5
* (C) 2010-present, Yang Lab, Westlake University
* Please report bugs to Jian Yang <jian.yang@westlake.edu.cn>
*******************************************************************
Analysis started at 12:47:57 CET on Tue Dec 20 2022.
Hostname: CGF-C9X299-PG300F

Accepted options:
--grm ../meala.gcta
--pheno simu.pheno.12
--thread-num 5
--reml
--out OUT.simu.pheno.12

Note: the program will be running on 5 threads.

Reading IDs of the GRM from [../meala.gcta.grm.id].
3051 IDs are read from [../meala.gcta.grm.id].
Reading the GRM from [../meala.gcta.grm.bin].
GRM for 3051 individuals are included from [../meala.gcta.grm.bin].
Reading phenotypes from [simu.pheno.12].
Non-missing phenotypes of 3051 individuals are included from [simu.pheno.12].

3051 individuals are in common in these files.

Performing  REML analysis ... (Note: may take hours depending on sample size).
3051 observations, 1 fixed effect(s), and 2 variance component(s)(including residual variance).
Calculating prior values of variance components by EM-REML ...
Updated prior values: 2.39183 1.50593
logL: -2692.25
Running AI-REML algorithm ...
Iter.	logL	V(G)	V(e)	
1	-2484.64	2.46127	1.39484	
2	-2472.02	2.50826	1.32983	
3	-2466.82	2.54131	1.28926	
4	-2464.55	2.56502	1.26301	
5	-2463.53	2.58223	1.24564	
6	-2463.06	2.59478	1.23397	
7	-2462.84	2.62381	1.20892	
8	-2462.65	2.62832	1.20874	
9	-2462.65	2.62861	1.20871	
10	-2462.65	2.62863	1.20871	
Log-likelihood ratio converged.

Calculating the logLikelihood for the reduced model ...
(variance component 1 is dropped from the model)
Calculating prior values of variance components by EM-REML ...
Updated prior values: 4.96222
logL: -3971.83697
Running AI-REML algorithm ...
Iter.	logL	V(e)	
1	-3971.84	4.96222	
Log-likelihood ratio converged.

Summary result of REML analysis:
Source	Variance	SE
V(G)	2.628629	0.215447
V(e)	1.208706	0.040089
Vp	3.837335	0.204359
V(G)/Vp	0.685014	0.021348

Sampling variance/covariance of the estimates of variance components:
4.641737e-02	-3.130993e-03	
-3.130993e-03	1.607156e-03	

Summary result of REML analysis has been saved in the file [OUT.simu.pheno.12.hsq].

Analysis finished at 12:48:00 CET on Tue Dec 20 2022
Overall computational time: 3.23 sec.
