*******************************************************************
* Genome-wide Complex Trait Analysis (GCTA)
* version v1.94.1 Linux
* Built at Nov 15 2022 21:14:25, by GCC 8.5
* (C) 2010-present, Yang Lab, Westlake University
* Please report bugs to Jian Yang <jian.yang@westlake.edu.cn>
*******************************************************************
Analysis started at 12:49:32 CET on Tue Dec 20 2022.
Hostname: CGF-C9X299-PG300F

Accepted options:
--grm ../meala.gcta
--pheno simu.pheno.39
--thread-num 5
--reml
--out OUT.simu.pheno.39

Note: the program will be running on 5 threads.

Reading IDs of the GRM from [../meala.gcta.grm.id].
3051 IDs are read from [../meala.gcta.grm.id].
Reading the GRM from [../meala.gcta.grm.bin].
GRM for 3051 individuals are included from [../meala.gcta.grm.bin].
Reading phenotypes from [simu.pheno.39].
Non-missing phenotypes of 3051 individuals are included from [simu.pheno.39].

3051 individuals are in common in these files.

Performing  REML analysis ... (Note: may take hours depending on sample size).
3051 observations, 1 fixed effect(s), and 2 variance component(s)(including residual variance).
Calculating prior values of variance components by EM-REML ...
Updated prior values: 2.35876 1.33093
logL: -2557.57
Running AI-REML algorithm ...
Iter.	logL	V(G)	V(e)	
1	-2236.73	2.19089	1.22093	
2	-2215.17	2.09518	1.16024	
3	-2206.72	2.03651	1.12365	
4	-2203.16	1.99909	1.10054	
5	-2201.60	1.97462	1.08552	
6	-2200.90	1.95837	1.07559	
7	-2200.58	1.92391	1.05458	
8	-2200.31	1.92448	1.05498	
9	-2200.31	1.92448	1.05498	
10	-2200.31	1.92448	1.05498	
Log-likelihood ratio converged.

Calculating the logLikelihood for the reduced model ...
(variance component 1 is dropped from the model)
Calculating prior values of variance components by EM-REML ...
Updated prior values: 5.00816
logL: -3985.89224
Running AI-REML algorithm ...
Iter.	logL	V(e)	
1	-3985.89	5.00816	
Log-likelihood ratio converged.

Summary result of REML analysis:
Source	Variance	SE
V(G)	1.924478	0.158136
V(e)	1.054983	0.033721
Vp	2.979461	0.150804
V(G)/Vp	0.645915	0.022232

Sampling variance/covariance of the estimates of variance components:
2.500694e-02	-1.701139e-03	
-1.701139e-03	1.137118e-03	

Summary result of REML analysis has been saved in the file [OUT.simu.pheno.39.hsq].

Analysis finished at 12:49:35 CET on Tue Dec 20 2022
Overall computational time: 3.34 sec.
