*******************************************************************
* Genome-wide Complex Trait Analysis (GCTA)
* version v1.94.1 Linux
* Built at Nov 15 2022 21:14:25, by GCC 8.5
* (C) 2010-present, Yang Lab, Westlake University
* Please report bugs to Jian Yang <jian.yang@westlake.edu.cn>
*******************************************************************
Analysis started at 15:21:12 CET on Tue Dec 20 2022.
Hostname: CGF-C9X299-PG300F

Accepted options:
--grm ../meala.gcta
--pheno SUBpheno.sim.23
--thread-num 5
--reml
--out out.SUBpheno.sim.23

Note: the program will be running on 5 threads.

Reading IDs of the GRM from [../meala.gcta.grm.id].
3051 IDs are read from [../meala.gcta.grm.id].
Reading the GRM from [../meala.gcta.grm.bin].
GRM for 3051 individuals are included from [../meala.gcta.grm.bin].
Reading phenotypes from [SUBpheno.sim.23].
Non-missing phenotypes of 1500 individuals are included from [SUBpheno.sim.23].

1500 individuals are in common in these files.

Performing  REML analysis ... (Note: may take hours depending on sample size).
1500 observations, 1 fixed effect(s), and 2 variance component(s)(including residual variance).
Calculating prior values of variance components by EM-REML ...
Updated prior values: 2.26613 1.38721
logL: -1317.35
Running AI-REML algorithm ...
Iter.	logL	V(G)	V(e)	
1	-1173.88	2.05889	1.24231	
2	-1157.78	1.94772	1.16698	
3	-1151.79	1.88165	1.12282	
4	-1149.32	1.84027	1.09534	
5	-1148.25	1.81354	1.07765	
6	-1147.78	1.79595	1.06601	
7	-1147.56	1.75886	1.04148	
8	-1147.38	1.75981	1.04199	
9	-1147.38	1.75981	1.04199	
Log-likelihood ratio converged.

Calculating the logLikelihood for the reduced model ...
(variance component 1 is dropped from the model)
Calculating prior values of variance components by EM-REML ...
Updated prior values: 4.94352
logL: -1950.91521
Running AI-REML algorithm ...
Iter.	logL	V(e)	
1	-1950.92	4.94352	
Log-likelihood ratio converged.

Summary result of REML analysis:
Source	Variance	SE
V(G)	1.759809	0.184543
V(e)	1.041991	0.050389
Vp	2.801800	0.173390
V(G)/Vp	0.628099	0.030364

Sampling variance/covariance of the estimates of variance components:
3.405625e-02	-3.265655e-03	
-3.265655e-03	2.539029e-03	

Summary result of REML analysis has been saved in the file [out.SUBpheno.sim.23.hsq].

Analysis finished at 15:21:12 CET on Tue Dec 20 2022
Overall computational time: 0.62 sec.
