*******************************************************************
* Genome-wide Complex Trait Analysis (GCTA)
* version v1.94.1 Linux
* Built at Nov 15 2022 21:14:25, by GCC 8.5
* (C) 2010-present, Yang Lab, Westlake University
* Please report bugs to Jian Yang <jian.yang@westlake.edu.cn>
*******************************************************************
Analysis started at 15:21:23 CET on Tue Dec 20 2022.
Hostname: CGF-C9X299-PG300F

Accepted options:
--grm ../meala.gcta
--pheno SUBpheno.sim.39
--thread-num 5
--reml
--out out.SUBpheno.sim.39

Note: the program will be running on 5 threads.

Reading IDs of the GRM from [../meala.gcta.grm.id].
3051 IDs are read from [../meala.gcta.grm.id].
Reading the GRM from [../meala.gcta.grm.bin].
GRM for 3051 individuals are included from [../meala.gcta.grm.bin].
Reading phenotypes from [SUBpheno.sim.39].
Non-missing phenotypes of 1500 individuals are included from [SUBpheno.sim.39].

1500 individuals are in common in these files.

Performing  REML analysis ... (Note: may take hours depending on sample size).
1500 observations, 1 fixed effect(s), and 2 variance component(s)(including residual variance).
Calculating prior values of variance components by EM-REML ...
Updated prior values: 2.40942  1.6314
logL: -1420.29
Running AI-REML algorithm ...
Iter.	logL	V(G)	V(e)	
1	-1332.54	2.39197	1.49734	
2	-1324.81	2.38162	1.42111	
3	-1321.69	2.37633	1.37424	
4	-1320.35	2.37418	1.34414	
5	-1319.75	2.37384	1.32429	
6	-1319.48	2.37581	1.28216	
7	-1319.24	2.38250	1.28205	
8	-1319.24	2.38314	1.28193	
9	-1319.24	2.38322	1.28192	
Log-likelihood ratio converged.

Calculating the logLikelihood for the reduced model ...
(variance component 1 is dropped from the model)
Calculating prior values of variance components by EM-REML ...
Updated prior values: 5.09992
logL: -1974.26063
Running AI-REML algorithm ...
Iter.	logL	V(e)	
1	-1974.26	5.09992	
Log-likelihood ratio converged.

Summary result of REML analysis:
Source	Variance	SE
V(G)	2.383221	0.252305
V(e)	1.281920	0.063390
Vp	3.665141	0.235777
V(G)/Vp	0.650240	0.030179

Sampling variance/covariance of the estimates of variance components:
6.365770e-02	-6.042614e-03	
-6.042614e-03	4.018351e-03	

Summary result of REML analysis has been saved in the file [out.SUBpheno.sim.39.hsq].

Analysis finished at 15:21:24 CET on Tue Dec 20 2022
Overall computational time: 0.61 sec.
