*******************************************************************
* Genome-wide Complex Trait Analysis (GCTA)
* version v1.94.1 Linux
* Built at Nov 15 2022 21:14:25, by GCC 8.5
* (C) 2010-present, Yang Lab, Westlake University
* Please report bugs to Jian Yang <jian.yang@westlake.edu.cn>
*******************************************************************
Analysis started at 15:21:18 CET on Tue Dec 20 2022.
Hostname: CGF-C9X299-PG300F

Accepted options:
--grm ../meala.gcta
--pheno SUBpheno.sim.31
--thread-num 5
--reml
--out out.SUBpheno.sim.31

Note: the program will be running on 5 threads.

Reading IDs of the GRM from [../meala.gcta.grm.id].
3051 IDs are read from [../meala.gcta.grm.id].
Reading the GRM from [../meala.gcta.grm.bin].
GRM for 3051 individuals are included from [../meala.gcta.grm.bin].
Reading phenotypes from [SUBpheno.sim.31].
Non-missing phenotypes of 1500 individuals are included from [SUBpheno.sim.31].

1500 individuals are in common in these files.

Performing  REML analysis ... (Note: may take hours depending on sample size).
1500 observations, 1 fixed effect(s), and 2 variance component(s)(including residual variance).
Calculating prior values of variance components by EM-REML ...
Updated prior values: 2.33988 1.45018
logL: -1350.83
Running AI-REML algorithm ...
Iter.	logL	V(G)	V(e)	
1	-1218.66	2.16490	1.30905	
2	-1205.11	2.06583	1.23427	
3	-1199.96	2.00536	1.19006	
4	-1197.82	1.96687	1.16243	
5	-1196.89	1.94175	1.14459	
6	-1196.47	1.88902	1.10744	
7	-1196.12	1.89033	1.10862	
8	-1196.12	1.89034	1.10862	
9	-1196.12	1.89034	1.10862	
Log-likelihood ratio converged.

Calculating the logLikelihood for the reduced model ...
(variance component 1 is dropped from the model)
Calculating prior values of variance components by EM-REML ...
Updated prior values: 5.05511
logL: -1967.64545
Running AI-REML algorithm ...
Iter.	logL	V(e)	
1	-1967.65	5.05511	
Log-likelihood ratio converged.

Summary result of REML analysis:
Source	Variance	SE
V(G)	1.890338	0.192071
V(e)	1.108621	0.052867
Vp	2.998959	0.181922
V(G)/Vp	0.630331	0.029236

Sampling variance/covariance of the estimates of variance components:
3.689126e-02	-3.295315e-03	
-3.295315e-03	2.794889e-03	

Summary result of REML analysis has been saved in the file [out.SUBpheno.sim.31.hsq].

Analysis finished at 15:21:18 CET on Tue Dec 20 2022
Overall computational time: 0.67 sec.
