*******************************************************************
* Genome-wide Complex Trait Analysis (GCTA)
* version v1.94.1 Linux
* Built at Nov 15 2022 21:14:25, by GCC 8.5
* (C) 2010-present, Yang Lab, Westlake University
* Please report bugs to Jian Yang <jian.yang@westlake.edu.cn>
*******************************************************************
Analysis started at 15:21:12 CET on Tue Dec 20 2022.
Hostname: CGF-C9X299-PG300F

Accepted options:
--grm ../meala.gcta
--pheno SUBpheno.sim.24
--thread-num 5
--reml
--out out.SUBpheno.sim.24

Note: the program will be running on 5 threads.

Reading IDs of the GRM from [../meala.gcta.grm.id].
3051 IDs are read from [../meala.gcta.grm.id].
Reading the GRM from [../meala.gcta.grm.bin].
GRM for 3051 individuals are included from [../meala.gcta.grm.bin].
Reading phenotypes from [SUBpheno.sim.24].
Non-missing phenotypes of 1500 individuals are included from [SUBpheno.sim.24].

1500 individuals are in common in these files.

Performing  REML analysis ... (Note: may take hours depending on sample size).
1500 observations, 1 fixed effect(s), and 2 variance component(s)(including residual variance).
Calculating prior values of variance components by EM-REML ...
Updated prior values:  2.2906 1.38915
logL: -1310.11
Running AI-REML algorithm ...
Iter.	logL	V(G)	V(e)	
1	-1152.36	1.76769	1.27204	
2	-1129.74	1.56797	1.20596	
3	-1122.17	1.46340	1.16620	
4	-1119.15	1.40188	1.14119	
5	-1117.86	1.36346	1.12501	
6	-1117.29	1.33860	1.11435	
7	-1117.03	1.28660	1.09189	
8	-1116.81	1.28750	1.09252	
9	-1116.81	1.28751	1.09252	
10	-1116.81	1.28751	1.09252	
Log-likelihood ratio converged.

Calculating the logLikelihood for the reduced model ...
(variance component 1 is dropped from the model)
Calculating prior values of variance components by EM-REML ...
Updated prior values: 5.09821
logL: -1974.00964
Running AI-REML algorithm ...
Iter.	logL	V(e)	
1	-1974.01	5.09821	
Log-likelihood ratio converged.

Summary result of REML analysis:
Source	Variance	SE
V(G)	1.287506	0.146794
V(e)	1.092521	0.050200
Vp	2.380027	0.139112
V(G)/Vp	0.540963	0.033742

Sampling variance/covariance of the estimates of variance components:
2.154853e-02	-2.358240e-03	
-2.358240e-03	2.520046e-03	

Summary result of REML analysis has been saved in the file [out.SUBpheno.sim.24.hsq].

Analysis finished at 15:21:13 CET on Tue Dec 20 2022
Overall computational time: 0.66 sec.
