*******************************************************************
* Genome-wide Complex Trait Analysis (GCTA)
* version v1.94.1 Linux
* Built at Nov 15 2022 21:14:25, by GCC 8.5
* (C) 2010-present, Yang Lab, Westlake University
* Please report bugs to Jian Yang <jian.yang@westlake.edu.cn>
*******************************************************************
Analysis started at 15:21:09 CET on Tue Dec 20 2022.
Hostname: CGF-C9X299-PG300F

Accepted options:
--grm ../meala.gcta
--pheno SUBpheno.sim.2
--thread-num 5
--reml
--out out.SUBpheno.sim.2

Note: the program will be running on 5 threads.

Reading IDs of the GRM from [../meala.gcta.grm.id].
3051 IDs are read from [../meala.gcta.grm.id].
Reading the GRM from [../meala.gcta.grm.bin].
GRM for 3051 individuals are included from [../meala.gcta.grm.bin].
Reading phenotypes from [SUBpheno.sim.2].
Non-missing phenotypes of 1500 individuals are included from [SUBpheno.sim.2].

1500 individuals are in common in these files.

Performing  REML analysis ... (Note: may take hours depending on sample size).
1500 observations, 1 fixed effect(s), and 2 variance component(s)(including residual variance).
Calculating prior values of variance components by EM-REML ...
Updated prior values:  2.2179 1.39165
logL: -1305
Running AI-REML algorithm ...
Iter.	logL	V(G)	V(e)	
1	-1159.60	1.65284	1.28901	
2	-1136.75	1.44314	1.22896	
3	-1129.24	1.33433	1.19244	
4	-1126.26	1.27043	1.16938	
5	-1124.99	1.23042	1.15446	
6	-1124.42	1.20441	1.14467	
7	-1124.17	1.14961	1.12413	
8	-1123.95	1.14945	1.12501	
9	-1123.95	1.14937	1.12503	
10	-1123.95	1.14936	1.12503	
Log-likelihood ratio converged.

Calculating the logLikelihood for the reduced model ...
(variance component 1 is dropped from the model)
Calculating prior values of variance components by EM-REML ...
Updated prior values: 4.95776
logL: -1953.07126
Running AI-REML algorithm ...
Iter.	logL	V(e)	
1	-1953.07	4.95776	
Log-likelihood ratio converged.

Summary result of REML analysis:
Source	Variance	SE
V(G)	1.149364	0.135946
V(e)	1.125033	0.051443
Vp	2.274397	0.128746
V(G)/Vp	0.505349	0.034997

Sampling variance/covariance of the estimates of variance components:
1.848122e-02	-2.276084e-03	
-2.276084e-03	2.646377e-03	

Summary result of REML analysis has been saved in the file [out.SUBpheno.sim.2.hsq].

Analysis finished at 15:21:10 CET on Tue Dec 20 2022
Overall computational time: 0.70 sec.
