*******************************************************************
* Genome-wide Complex Trait Analysis (GCTA)
* version v1.94.1 Linux
* Built at Nov 15 2022 21:14:25, by GCC 8.5
* (C) 2010-present, Yang Lab, Westlake University
* Please report bugs to Jian Yang <jian.yang@westlake.edu.cn>
*******************************************************************
Analysis started at 12:49:45 CET on Tue Dec 20 2022.
Hostname: CGF-C9X299-PG300F

Accepted options:
--grm ../meala.gcta
--pheno simu.pheno.42
--thread-num 5
--reml
--out OUT.simu.pheno.42

Note: the program will be running on 5 threads.

Reading IDs of the GRM from [../meala.gcta.grm.id].
3051 IDs are read from [../meala.gcta.grm.id].
Reading the GRM from [../meala.gcta.grm.bin].
GRM for 3051 individuals are included from [../meala.gcta.grm.bin].
Reading phenotypes from [simu.pheno.42].
Non-missing phenotypes of 3051 individuals are included from [simu.pheno.42].

3051 individuals are in common in these files.

Performing  REML analysis ... (Note: may take hours depending on sample size).
3051 observations, 1 fixed effect(s), and 2 variance component(s)(including residual variance).
Calculating prior values of variance components by EM-REML ...
Updated prior values:  2.325 1.3098
logL: -2532.75
Running AI-REML algorithm ...
Iter.	logL	V(G)	V(e)	
1	-2206.77	2.17567	1.19603	
2	-2184.14	2.08932	1.13385	
3	-2175.33	2.03609	1.09654	
4	-2171.63	2.00205	1.07302	
5	-2170.01	1.97981	1.05775	
6	-2169.28	1.96506	1.04766	
7	-2168.95	1.93385	1.02631	
8	-2168.67	1.93462	1.02670	
9	-2168.67	1.93462	1.02670	
10	-2168.67	1.93462	1.02670	
Log-likelihood ratio converged.

Calculating the logLikelihood for the reduced model ...
(variance component 1 is dropped from the model)
Calculating prior values of variance components by EM-REML ...
Updated prior values: 4.94708
logL: -3967.17901
Running AI-REML algorithm ...
Iter.	logL	V(e)	
1	-3967.18	4.94708	
Log-likelihood ratio converged.

Summary result of REML analysis:
Source	Variance	SE
V(G)	1.934616	0.161272
V(e)	1.026698	0.033231
Vp	2.961314	0.153229
V(G)/Vp	0.653297	0.022452

Sampling variance/covariance of the estimates of variance components:
2.600850e-02	-1.816791e-03	
-1.816791e-03	1.104299e-03	

Summary result of REML analysis has been saved in the file [OUT.simu.pheno.42.hsq].

Analysis finished at 12:49:49 CET on Tue Dec 20 2022
Overall computational time: 3.32 sec.
