*******************************************************************
* Genome-wide Complex Trait Analysis (GCTA)
* version v1.94.1 Linux
* Built at Nov 15 2022 21:14:25, by GCC 8.5
* (C) 2010-present, Yang Lab, Westlake University
* Please report bugs to Jian Yang <jian.yang@westlake.edu.cn>
*******************************************************************
Analysis started at 15:21:13 CET on Tue Dec 20 2022.
Hostname: CGF-C9X299-PG300F

Accepted options:
--grm ../meala.gcta
--pheno SUBpheno.sim.25
--thread-num 5
--reml
--out out.SUBpheno.sim.25

Note: the program will be running on 5 threads.

Reading IDs of the GRM from [../meala.gcta.grm.id].
3051 IDs are read from [../meala.gcta.grm.id].
Reading the GRM from [../meala.gcta.grm.bin].
GRM for 3051 individuals are included from [../meala.gcta.grm.bin].
Reading phenotypes from [SUBpheno.sim.25].
Non-missing phenotypes of 1500 individuals are included from [SUBpheno.sim.25].

1500 individuals are in common in these files.

Performing  REML analysis ... (Note: may take hours depending on sample size).
1500 observations, 1 fixed effect(s), and 2 variance component(s)(including residual variance).
Calculating prior values of variance components by EM-REML ...
Updated prior values: 2.43907  1.5334
logL: -1394.82
Running AI-REML algorithm ...
Iter.	logL	V(G)	V(e)	
1	-1284.95	2.56505	1.36341	
2	-1273.13	2.64991	1.27071	
3	-1268.51	2.70938	1.21484	
4	-1266.55	2.75186	1.17935	
5	-1265.67	2.78248	1.15609	
6	-1265.27	2.85267	1.10689	
7	-1264.92	2.86244	1.10688	
8	-1264.92	2.86299	1.10681	
9	-1264.92	2.86303	1.10680	
Log-likelihood ratio converged.

Calculating the logLikelihood for the reduced model ...
(variance component 1 is dropped from the model)
Calculating prior values of variance components by EM-REML ...
Updated prior values: 5.08322
logL: -1971.80196
Running AI-REML algorithm ...
Iter.	logL	V(e)	
1	-1971.80	5.08322	
Log-likelihood ratio converged.

Summary result of REML analysis:
Source	Variance	SE
V(G)	2.863027	0.281416
V(e)	1.106799	0.056430
Vp	3.969826	0.265073
V(G)/Vp	0.721197	0.025501

Sampling variance/covariance of the estimates of variance components:
7.919502e-02	-6.057719e-03	
-6.057719e-03	3.184324e-03	

Summary result of REML analysis has been saved in the file [out.SUBpheno.sim.25.hsq].

Analysis finished at 15:21:14 CET on Tue Dec 20 2022
Overall computational time: 0.66 sec.
