*******************************************************************
* Genome-wide Complex Trait Analysis (GCTA)
* version v1.94.1 Linux
* Built at Nov 15 2022 21:14:25, by GCC 8.5
* (C) 2010-present, Yang Lab, Westlake University
* Please report bugs to Jian Yang <jian.yang@westlake.edu.cn>
*******************************************************************
Analysis started at 15:21:24 CET on Tue Dec 20 2022.
Hostname: CGF-C9X299-PG300F

Accepted options:
--grm ../meala.gcta
--pheno SUBpheno.sim.40
--thread-num 5
--reml
--out out.SUBpheno.sim.40

Note: the program will be running on 5 threads.

Reading IDs of the GRM from [../meala.gcta.grm.id].
3051 IDs are read from [../meala.gcta.grm.id].
Reading the GRM from [../meala.gcta.grm.bin].
GRM for 3051 individuals are included from [../meala.gcta.grm.bin].
Reading phenotypes from [SUBpheno.sim.40].
Non-missing phenotypes of 1500 individuals are included from [SUBpheno.sim.40].

1500 individuals are in common in these files.

Performing  REML analysis ... (Note: may take hours depending on sample size).
1500 observations, 1 fixed effect(s), and 2 variance component(s)(including residual variance).
Calculating prior values of variance components by EM-REML ...
Updated prior values: 2.36766 1.50029
logL: -1378.97
Running AI-REML algorithm ...
Iter.	logL	V(G)	V(e)	
1	-1267.51	2.44615	1.33273	
2	-1255.46	2.49535	1.24261	
3	-1250.82	2.52876	1.18876	
4	-1248.87	2.55239	1.15475	
5	-1248.01	2.56949	1.13256	
6	-1247.62	2.60903	1.08579	
7	-1247.28	2.61612	1.08604	
8	-1247.28	2.61648	1.08598	
9	-1247.28	2.61651	1.08598	
Log-likelihood ratio converged.

Calculating the logLikelihood for the reduced model ...
(variance component 1 is dropped from the model)
Calculating prior values of variance components by EM-REML ...
Updated prior values: 4.98147
logL: -1956.64760
Running AI-REML algorithm ...
Iter.	logL	V(e)	
1	-1956.65	4.98147	
Log-likelihood ratio converged.

Summary result of REML analysis:
Source	Variance	SE
V(G)	2.616508	0.257186
V(e)	1.085976	0.055383
Vp	3.702484	0.241532
V(G)/Vp	0.706690	0.026292

Sampling variance/covariance of the estimates of variance components:
6.614446e-02	-5.437135e-03	
-5.437135e-03	3.067296e-03	

Summary result of REML analysis has been saved in the file [out.SUBpheno.sim.40.hsq].

Analysis finished at 15:21:25 CET on Tue Dec 20 2022
Overall computational time: 0.68 sec.
