*******************************************************************
* Genome-wide Complex Trait Analysis (GCTA)
* version v1.94.1 Linux
* Built at Nov 15 2022 21:14:25, by GCC 8.5
* (C) 2010-present, Yang Lab, Westlake University
* Please report bugs to Jian Yang <jian.yang@westlake.edu.cn>
*******************************************************************
Analysis started at 15:21:17 CET on Tue Dec 20 2022.
Hostname: CGF-C9X299-PG300F

Accepted options:
--grm ../meala.gcta
--pheno SUBpheno.sim.30
--thread-num 5
--reml
--out out.SUBpheno.sim.30

Note: the program will be running on 5 threads.

Reading IDs of the GRM from [../meala.gcta.grm.id].
3051 IDs are read from [../meala.gcta.grm.id].
Reading the GRM from [../meala.gcta.grm.bin].
GRM for 3051 individuals are included from [../meala.gcta.grm.bin].
Reading phenotypes from [SUBpheno.sim.30].
Non-missing phenotypes of 1500 individuals are included from [SUBpheno.sim.30].

1500 individuals are in common in these files.

Performing  REML analysis ... (Note: may take hours depending on sample size).
1500 observations, 1 fixed effect(s), and 2 variance component(s)(including residual variance).
Calculating prior values of variance components by EM-REML ...
Updated prior values: 2.41378 1.69696
logL: -1444.57
Running AI-REML algorithm ...
Iter.	logL	V(G)	V(e)	
1	-1374.35	2.45071	1.57037	
2	-1368.34	2.47490	1.49654	
3	-1365.86	2.49197	1.45057	
4	-1364.78	2.50449	1.42085	
5	-1364.30	2.51383	1.40118	
6	-1364.08	2.53604	1.35938	
7	-1363.88	2.54129	1.35938	
8	-1363.88	2.54160	1.35933	
9	-1363.88	2.54163	1.35932	
Log-likelihood ratio converged.

Calculating the logLikelihood for the reduced model ...
(variance component 1 is dropped from the model)
Calculating prior values of variance components by EM-REML ...
Updated prior values: 5.05078
logL: -1967.00398
Running AI-REML algorithm ...
Iter.	logL	V(e)	
1	-1967.00	5.05078	
Log-likelihood ratio converged.

Summary result of REML analysis:
Source	Variance	SE
V(G)	2.541629	0.263492
V(e)	1.359323	0.066755
Vp	3.900952	0.247179
V(G)/Vp	0.651541	0.029480

Sampling variance/covariance of the estimates of variance components:
6.942829e-02	-6.393555e-03	
-6.393555e-03	4.456289e-03	

Summary result of REML analysis has been saved in the file [out.SUBpheno.sim.30.hsq].

Analysis finished at 15:21:18 CET on Tue Dec 20 2022
Overall computational time: 0.68 sec.
