*******************************************************************
* Genome-wide Complex Trait Analysis (GCTA)
* version v1.94.1 Linux
* Built at Nov 15 2022 21:14:25, by GCC 8.5
* (C) 2010-present, Yang Lab, Westlake University
* Please report bugs to Jian Yang <jian.yang@westlake.edu.cn>
*******************************************************************
Analysis started at 15:21:22 CET on Tue Dec 20 2022.
Hostname: CGF-C9X299-PG300F

Accepted options:
--grm ../meala.gcta
--pheno SUBpheno.sim.38
--thread-num 5
--reml
--out out.SUBpheno.sim.38

Note: the program will be running on 5 threads.

Reading IDs of the GRM from [../meala.gcta.grm.id].
3051 IDs are read from [../meala.gcta.grm.id].
Reading the GRM from [../meala.gcta.grm.bin].
GRM for 3051 individuals are included from [../meala.gcta.grm.bin].
Reading phenotypes from [SUBpheno.sim.38].
Non-missing phenotypes of 1500 individuals are included from [SUBpheno.sim.38].

1500 individuals are in common in these files.

Performing  REML analysis ... (Note: may take hours depending on sample size).
1500 observations, 1 fixed effect(s), and 2 variance component(s)(including residual variance).
Calculating prior values of variance components by EM-REML ...
Updated prior values: 2.35338 1.47016
logL: -1363.35
Running AI-REML algorithm ...
Iter.	logL	V(G)	V(e)	
1	-1235.66	2.29037	1.30814	
2	-1221.99	2.24950	1.22344	
3	-1216.84	2.22345	1.17361	
4	-1214.70	2.20685	1.14248	
5	-1213.77	2.19628	1.12235	
6	-1213.35	2.17505	1.08024	
7	-1213.00	2.17864	1.08104	
8	-1213.00	2.17876	1.08102	
9	-1213.00	2.17877	1.08102	
Log-likelihood ratio converged.

Calculating the logLikelihood for the reduced model ...
(variance component 1 is dropped from the model)
Calculating prior values of variance components by EM-REML ...
Updated prior values: 5.05902
logL: -1968.22534
Running AI-REML algorithm ...
Iter.	logL	V(e)	
1	-1968.23	5.05902	
Log-likelihood ratio converged.

Summary result of REML analysis:
Source	Variance	SE
V(G)	2.178770	0.220031
V(e)	1.081016	0.053766
Vp	3.259786	0.206442
V(G)/Vp	0.668378	0.028350

Sampling variance/covariance of the estimates of variance components:
4.841346e-02	-4.342989e-03	
-4.342989e-03	2.890734e-03	

Summary result of REML analysis has been saved in the file [out.SUBpheno.sim.38.hsq].

Analysis finished at 15:21:23 CET on Tue Dec 20 2022
Overall computational time: 0.62 sec.
