*******************************************************************
* Genome-wide Complex Trait Analysis (GCTA)
* version v1.94.1 Linux
* Built at Nov 15 2022 21:14:25, by GCC 8.5
* (C) 2010-present, Yang Lab, Westlake University
* Please report bugs to Jian Yang <jian.yang@westlake.edu.cn>
*******************************************************************
Analysis started at 12:49:39 CET on Tue Dec 20 2022.
Hostname: CGF-C9X299-PG300F

Accepted options:
--grm ../meala.gcta
--pheno simu.pheno.40
--thread-num 5
--reml
--out OUT.simu.pheno.40

Note: the program will be running on 5 threads.

Reading IDs of the GRM from [../meala.gcta.grm.id].
3051 IDs are read from [../meala.gcta.grm.id].
Reading the GRM from [../meala.gcta.grm.bin].
GRM for 3051 individuals are included from [../meala.gcta.grm.bin].
Reading phenotypes from [simu.pheno.40].
Non-missing phenotypes of 3051 individuals are included from [simu.pheno.40].

3051 individuals are in common in these files.

Performing  REML analysis ... (Note: may take hours depending on sample size).
3051 observations, 1 fixed effect(s), and 2 variance component(s)(including residual variance).
Calculating prior values of variance components by EM-REML ...
Updated prior values: 2.40618 1.33495
logL: -2574.01
Running AI-REML algorithm ...
Iter.	logL	V(G)	V(e)	
1	-2235.50	2.27243	1.21327	
2	-2211.88	2.19282	1.14746	
3	-2202.75	2.14303	1.10817	
4	-2198.92	2.11094	1.08348	
5	-2197.24	2.08986	1.06749	
6	-2196.49	2.07585	1.05693	
7	-2196.15	2.04613	1.03460	
8	-2195.86	2.04683	1.03502	
9	-2195.86	2.04683	1.03503	
10	-2195.86	2.04683	1.03503	
Log-likelihood ratio converged.

Calculating the logLikelihood for the reduced model ...
(variance component 1 is dropped from the model)
Calculating prior values of variance components by EM-REML ...
Updated prior values: 5.11123
logL: -4016.95804
Running AI-REML algorithm ...
Iter.	logL	V(e)	
1	-4016.96	5.11123	
Log-likelihood ratio converged.

Summary result of REML analysis:
Source	Variance	SE
V(G)	2.046829	0.167871
V(e)	1.035025	0.033619
Vp	3.081855	0.159664
V(G)/Vp	0.664155	0.021836

Sampling variance/covariance of the estimates of variance components:
2.818065e-02	-1.909176e-03	
-1.909176e-03	1.130231e-03	

Summary result of REML analysis has been saved in the file [OUT.simu.pheno.40.hsq].

Analysis finished at 12:49:42 CET on Tue Dec 20 2022
Overall computational time: 3.51 sec.
