*******************************************************************
* Genome-wide Complex Trait Analysis (GCTA)
* version v1.94.1 Linux
* Built at Nov 15 2022 21:14:25, by GCC 8.5
* (C) 2010-present, Yang Lab, Westlake University
* Please report bugs to Jian Yang <jian.yang@westlake.edu.cn>
*******************************************************************
Analysis started at 12:48:17 CET on Tue Dec 20 2022.
Hostname: CGF-C9X299-PG300F

Accepted options:
--grm ../meala.gcta
--pheno simu.pheno.18
--thread-num 5
--reml
--out OUT.simu.pheno.18

Note: the program will be running on 5 threads.

Reading IDs of the GRM from [../meala.gcta.grm.id].
3051 IDs are read from [../meala.gcta.grm.id].
Reading the GRM from [../meala.gcta.grm.bin].
GRM for 3051 individuals are included from [../meala.gcta.grm.bin].
Reading phenotypes from [simu.pheno.18].
Non-missing phenotypes of 3051 individuals are included from [simu.pheno.18].

3051 individuals are in common in these files.

Performing  REML analysis ... (Note: may take hours depending on sample size).
3051 observations, 1 fixed effect(s), and 2 variance component(s)(including residual variance).
Calculating prior values of variance components by EM-REML ...
Updated prior values: 2.34994 1.42028
logL: -2621.2
Running AI-REML algorithm ...
Iter.	logL	V(G)	V(e)	
1	-2373.78	2.34602	1.30984	
2	-2358.81	2.34085	1.24705	
3	-2352.79	2.33680	1.20860	
4	-2350.22	2.33406	1.18405	
5	-2349.08	2.33232	1.16799	
6	-2348.56	2.33129	1.15731	
7	-2348.32	2.32948	1.13460	
8	-2348.12	2.33062	1.13484	
9	-2348.12	2.33064	1.13484	
Log-likelihood ratio converged.

Calculating the logLikelihood for the reduced model ...
(variance component 1 is dropped from the model)
Calculating prior values of variance components by EM-REML ...
Updated prior values: 4.91692
logL: -3957.85133
Running AI-REML algorithm ...
Iter.	logL	V(e)	
1	-3957.85	4.91692	
Log-likelihood ratio converged.

Summary result of REML analysis:
Source	Variance	SE
V(G)	2.330637	0.190466
V(e)	1.134841	0.037109
Vp	3.465478	0.181038
V(G)/Vp	0.672530	0.021570

Sampling variance/covariance of the estimates of variance components:
3.627726e-02	-2.439814e-03	
-2.439814e-03	1.377086e-03	

Summary result of REML analysis has been saved in the file [OUT.simu.pheno.18.hsq].

Analysis finished at 12:48:20 CET on Tue Dec 20 2022
Overall computational time: 2.94 sec.
