*******************************************************************
* Genome-wide Complex Trait Analysis (GCTA)
* version v1.94.1 Linux
* Built at Nov 15 2022 21:14:25, by GCC 8.5
* (C) 2010-present, Yang Lab, Westlake University
* Please report bugs to Jian Yang <jian.yang@westlake.edu.cn>
*******************************************************************
Analysis started at 15:24:28 CET on Tue Dec 20 2022.
Hostname: CGF-C9X299-PG300F

Accepted options:
--grm ../meala.gcta
--pheno SUB500pheno..24
--thread-num 3
--reml
--out out.SUB500pheno..24

Note: the program will be running on 3 threads.

Reading IDs of the GRM from [../meala.gcta.grm.id].
3051 IDs are read from [../meala.gcta.grm.id].
Reading the GRM from [../meala.gcta.grm.bin].
GRM for 3051 individuals are included from [../meala.gcta.grm.bin].
Reading phenotypes from [SUB500pheno..24].
Non-missing phenotypes of 500 individuals are included from [SUB500pheno..24].

500 individuals are in common in these files.

Performing  REML analysis ... (Note: may take hours depending on sample size).
500 observations, 1 fixed effect(s), and 2 variance component(s)(including residual variance).
Calculating prior values of variance components by EM-REML ...
Updated prior values: 1.83402 1.43085
logL: -459.974
Running AI-REML algorithm ...
Iter.	logL	V(G)	V(e)	
1	-427.94	1.36686	1.32726	
2	-418.55	1.20457	1.26291	
3	-415.67	1.12211	1.22313	
4	-414.55	1.07448	1.19771	
5	-414.08	1.04513	1.18110	
6	-413.87	0.98580	1.14620	
7	-413.70	0.98918	1.14698	
8	-413.70	0.98916	1.14700	
9	-413.70	0.98916	1.14700	
Log-likelihood ratio converged.

Calculating the logLikelihood for the reduced model ...
(variance component 1 is dropped from the model)
Calculating prior values of variance components by EM-REML ...
Updated prior values: 4.32479
logL: -617.96594
Running AI-REML algorithm ...
Iter.	logL	V(e)	
1	-617.97	4.32479	
Log-likelihood ratio converged.

Summary result of REML analysis:
Source	Variance	SE
V(G)	0.989159	0.161883
V(e)	1.146999	0.098785
Vp	2.136158	0.158314
V(G)/Vp	0.463055	0.052041

Sampling variance/covariance of the estimates of variance components:
2.620615e-02	-5.450625e-03	
-5.450625e-03	9.758572e-03	

Summary result of REML analysis has been saved in the file [out.SUB500pheno..24.hsq].

Analysis finished at 15:24:28 CET on Tue Dec 20 2022
Overall computational time: 0.19 sec.
