*******************************************************************
* Genome-wide Complex Trait Analysis (GCTA)
* version v1.94.1 Linux
* Built at Nov 15 2022 21:14:25, by GCC 8.5
* (C) 2010-present, Yang Lab, Westlake University
* Please report bugs to Jian Yang <jian.yang@westlake.edu.cn>
*******************************************************************
Analysis started at 15:21:07 CET on Tue Dec 20 2022.
Hostname: CGF-C9X299-PG300F

Accepted options:
--grm ../meala.gcta
--pheno SUBpheno.sim.17
--thread-num 5
--reml
--out out.SUBpheno.sim.17

Note: the program will be running on 5 threads.

Reading IDs of the GRM from [../meala.gcta.grm.id].
3051 IDs are read from [../meala.gcta.grm.id].
Reading the GRM from [../meala.gcta.grm.bin].
GRM for 3051 individuals are included from [../meala.gcta.grm.bin].
Reading phenotypes from [SUBpheno.sim.17].
Non-missing phenotypes of 1500 individuals are included from [SUBpheno.sim.17].

1500 individuals are in common in these files.

Performing  REML analysis ... (Note: may take hours depending on sample size).
1500 observations, 1 fixed effect(s), and 2 variance component(s)(including residual variance).
Calculating prior values of variance components by EM-REML ...
Updated prior values: 2.16804 1.35091
logL: -1290.05
Running AI-REML algorithm ...
Iter.	logL	V(G)	V(e)	
1	-1150.79	1.87664	1.22629	
2	-1134.28	1.73529	1.15944	
3	-1128.19	1.65480	1.11973	
4	-1125.69	1.60543	1.09487	
5	-1124.60	1.57385	1.07881	
6	-1124.12	1.55314	1.06825	
7	-1123.91	1.50948	1.04598	
8	-1123.72	1.51010	1.04654	
9	-1123.72	1.51009	1.04654	
Log-likelihood ratio converged.

Calculating the logLikelihood for the reduced model ...
(variance component 1 is dropped from the model)
Calculating prior values of variance components by EM-REML ...
Updated prior values: 4.76368
logL: -1923.14174
Running AI-REML algorithm ...
Iter.	logL	V(e)	
1	-1923.14	4.76368	
Log-likelihood ratio converged.

Summary result of REML analysis:
Source	Variance	SE
V(G)	1.510087	0.164134
V(e)	1.046543	0.049646
Vp	2.556630	0.154364
V(G)/Vp	0.590655	0.032070

Sampling variance/covariance of the estimates of variance components:
2.694006e-02	-2.788287e-03	
-2.788287e-03	2.464724e-03	

Summary result of REML analysis has been saved in the file [out.SUBpheno.sim.17.hsq].

Analysis finished at 15:21:08 CET on Tue Dec 20 2022
Overall computational time: 0.65 sec.
