*******************************************************************
* Genome-wide Complex Trait Analysis (GCTA)
* version v1.94.1 Linux
* Built at Nov 15 2022 21:14:25, by GCC 8.5
* (C) 2010-present, Yang Lab, Westlake University
* Please report bugs to Jian Yang <jian.yang@westlake.edu.cn>
*******************************************************************
Analysis started at 15:21:08 CET on Tue Dec 20 2022.
Hostname: CGF-C9X299-PG300F

Accepted options:
--grm ../meala.gcta
--pheno SUBpheno.sim.18
--thread-num 5
--reml
--out out.SUBpheno.sim.18

Note: the program will be running on 5 threads.

Reading IDs of the GRM from [../meala.gcta.grm.id].
3051 IDs are read from [../meala.gcta.grm.id].
Reading the GRM from [../meala.gcta.grm.bin].
GRM for 3051 individuals are included from [../meala.gcta.grm.bin].
Reading phenotypes from [SUBpheno.sim.18].
Non-missing phenotypes of 1500 individuals are included from [SUBpheno.sim.18].

1500 individuals are in common in these files.

Performing  REML analysis ... (Note: may take hours depending on sample size).
1500 observations, 1 fixed effect(s), and 2 variance component(s)(including residual variance).
Calculating prior values of variance components by EM-REML ...
Updated prior values: 2.41244  1.5661
logL: -1396.75
Running AI-REML algorithm ...
Iter.	logL	V(G)	V(e)	
1	-1288.12	2.36953	1.41477	
2	-1277.48	2.34142	1.33246	
3	-1273.34	2.32368	1.28308	
4	-1271.59	2.31266	1.25188	
5	-1270.82	2.30592	1.23155	
6	-1270.48	2.29312	1.18880	
7	-1270.18	2.29737	1.18934	
8	-1270.18	2.29759	1.18930	
9	-1270.18	2.29761	1.18930	
Log-likelihood ratio converged.

Calculating the logLikelihood for the reduced model ...
(variance component 1 is dropped from the model)
Calculating prior values of variance components by EM-REML ...
Updated prior values: 5.15628
logL: -1982.49766
Running AI-REML algorithm ...
Iter.	logL	V(e)	
1	-1982.50	5.15628	
Log-likelihood ratio converged.

Summary result of REML analysis:
Source	Variance	SE
V(G)	2.297610	0.238137
V(e)	1.189301	0.058923
Vp	3.486910	0.223001
V(G)/Vp	0.658924	0.029322

Sampling variance/covariance of the estimates of variance components:
5.670931e-02	-5.225819e-03	
-5.225819e-03	3.471884e-03	

Summary result of REML analysis has been saved in the file [out.SUBpheno.sim.18.hsq].

Analysis finished at 15:21:08 CET on Tue Dec 20 2022
Overall computational time: 0.65 sec.
