*******************************************************************
* Genome-wide Complex Trait Analysis (GCTA)
* version v1.94.1 Linux
* Built at Nov 15 2022 21:14:25, by GCC 8.5
* (C) 2010-present, Yang Lab, Westlake University
* Please report bugs to Jian Yang <jian.yang@westlake.edu.cn>
*******************************************************************
Analysis started at 15:21:27 CET on Tue Dec 20 2022.
Hostname: CGF-C9X299-PG300F

Accepted options:
--grm ../meala.gcta
--pheno SUBpheno.sim.45
--thread-num 5
--reml
--out out.SUBpheno.sim.45

Note: the program will be running on 5 threads.

Reading IDs of the GRM from [../meala.gcta.grm.id].
3051 IDs are read from [../meala.gcta.grm.id].
Reading the GRM from [../meala.gcta.grm.bin].
GRM for 3051 individuals are included from [../meala.gcta.grm.bin].
Reading phenotypes from [SUBpheno.sim.45].
Non-missing phenotypes of 1500 individuals are included from [SUBpheno.sim.45].

1500 individuals are in common in these files.

Performing  REML analysis ... (Note: may take hours depending on sample size).
1500 observations, 1 fixed effect(s), and 2 variance component(s)(including residual variance).
Calculating prior values of variance components by EM-REML ...
Updated prior values: 2.26474 1.33138
logL: -1293.14
Running AI-REML algorithm ...
Iter.	logL	V(G)	V(e)	
1	-1124.16	1.86758	1.19579	
2	-1102.17	1.69793	1.12425	
3	-1094.50	1.60587	1.08216	
4	-1091.42	1.55086	1.05594	
5	-1090.10	1.51627	1.03905	
6	-1089.51	1.49387	1.02795	
7	-1089.25	1.44707	1.00455	
8	-1089.03	1.44842	1.00507	
9	-1089.03	1.44843	1.00507	
10	-1089.03	1.44843	1.00507	
Log-likelihood ratio converged.

Calculating the logLikelihood for the reduced model ...
(variance component 1 is dropped from the model)
Calculating prior values of variance components by EM-REML ...
Updated prior values: 5.00953
logL: -1960.85725
Running AI-REML algorithm ...
Iter.	logL	V(e)	
1	-1960.86	5.00953	
Log-likelihood ratio converged.

Summary result of REML analysis:
Source	Variance	SE
V(G)	1.448426	0.154464
V(e)	1.005072	0.046915
Vp	2.453498	0.146516
V(G)/Vp	0.590352	0.031258

Sampling variance/covariance of the estimates of variance components:
2.385898e-02	-2.296545e-03	
-2.296545e-03	2.200978e-03	

Summary result of REML analysis has been saved in the file [out.SUBpheno.sim.45.hsq].

Analysis finished at 15:21:28 CET on Tue Dec 20 2022
Overall computational time: 0.69 sec.
