*******************************************************************
* Genome-wide Complex Trait Analysis (GCTA)
* version v1.94.1 Linux
* Built at Nov 15 2022 21:14:25, by GCC 8.5
* (C) 2010-present, Yang Lab, Westlake University
* Please report bugs to Jian Yang <jian.yang@westlake.edu.cn>
*******************************************************************
Analysis started at 15:21:14 CET on Tue Dec 20 2022.
Hostname: CGF-C9X299-PG300F

Accepted options:
--grm ../meala.gcta
--pheno SUBpheno.sim.26
--thread-num 5
--reml
--out out.SUBpheno.sim.26

Note: the program will be running on 5 threads.

Reading IDs of the GRM from [../meala.gcta.grm.id].
3051 IDs are read from [../meala.gcta.grm.id].
Reading the GRM from [../meala.gcta.grm.bin].
GRM for 3051 individuals are included from [../meala.gcta.grm.bin].
Reading phenotypes from [SUBpheno.sim.26].
Non-missing phenotypes of 1500 individuals are included from [SUBpheno.sim.26].

1500 individuals are in common in these files.

Performing  REML analysis ... (Note: may take hours depending on sample size).
1500 observations, 1 fixed effect(s), and 2 variance component(s)(including residual variance).
Calculating prior values of variance components by EM-REML ...
Updated prior values: 2.26966 1.46599
logL: -1342.22
Running AI-REML algorithm ...
Iter.	logL	V(G)	V(e)	
1	-1221.98	2.00897	1.34439	
2	-1208.78	1.87567	1.27747	
3	-1203.75	1.79806	1.23722	
4	-1201.66	1.74988	1.21184	
5	-1200.75	1.71885	1.19537	
6	-1200.34	1.65420	1.16098	
7	-1200.00	1.65578	1.16209	
8	-1199.99	1.65578	1.16209	
9	-1199.99	1.65578	1.16209	
Log-likelihood ratio converged.

Calculating the logLikelihood for the reduced model ...
(variance component 1 is dropped from the model)
Calculating prior values of variance components by EM-REML ...
Updated prior values: 4.95344
logL: -1952.41837
Running AI-REML algorithm ...
Iter.	logL	V(e)	
1	-1952.42	4.95344	
Log-likelihood ratio converged.

Summary result of REML analysis:
Source	Variance	SE
V(G)	1.655779	0.179760
V(e)	1.162090	0.055047
Vp	2.817869	0.169152
V(G)/Vp	0.587600	0.032083

Sampling variance/covariance of the estimates of variance components:
3.231360e-02	-3.365622e-03	
-3.365622e-03	3.030153e-03	

Summary result of REML analysis has been saved in the file [out.SUBpheno.sim.26.hsq].

Analysis finished at 15:21:14 CET on Tue Dec 20 2022
Overall computational time: 0.63 sec.
