*******************************************************************
* Genome-wide Complex Trait Analysis (GCTA)
* version v1.94.1 Linux
* Built at Nov 15 2022 21:14:25, by GCC 8.5
* (C) 2010-present, Yang Lab, Westlake University
* Please report bugs to Jian Yang <jian.yang@westlake.edu.cn>
*******************************************************************
Analysis started at 15:24:28 CET on Tue Dec 20 2022.
Hostname: CGF-C9X299-PG300F

Accepted options:
--grm ../meala.gcta
--pheno SUB500pheno..25
--thread-num 3
--reml
--out out.SUB500pheno..25

Note: the program will be running on 3 threads.

Reading IDs of the GRM from [../meala.gcta.grm.id].
3051 IDs are read from [../meala.gcta.grm.id].
Reading the GRM from [../meala.gcta.grm.bin].
GRM for 3051 individuals are included from [../meala.gcta.grm.bin].
Reading phenotypes from [SUB500pheno..25].
Non-missing phenotypes of 500 individuals are included from [SUB500pheno..25].

500 individuals are in common in these files.

Performing  REML analysis ... (Note: may take hours depending on sample size).
500 observations, 1 fixed effect(s), and 2 variance component(s)(including residual variance).
Calculating prior values of variance components by EM-REML ...
Updated prior values: 2.27712 1.69329
logL: -511.134
Running AI-REML algorithm ...
Iter.	logL	V(G)	V(e)	
1	-486.28	2.21133	1.50537	
2	-482.12	2.16654	1.40773	
3	-480.55	2.13688	1.35055	
4	-479.90	2.11723	1.31497	
5	-479.61	2.07590	1.24241	
6	-479.38	2.07792	1.24554	
7	-479.38	2.07785	1.24556	
8	-479.38	2.07785	1.24557	
Log-likelihood ratio converged.

Calculating the logLikelihood for the reduced model ...
(variance component 1 is dropped from the model)
Calculating prior values of variance components by EM-REML ...
Updated prior values: 4.97742
logL: -653.03297
Running AI-REML algorithm ...
Iter.	logL	V(e)	
1	-653.03	4.97742	
Log-likelihood ratio converged.

Summary result of REML analysis:
Source	Variance	SE
V(G)	2.077850	0.302075
V(e)	1.245565	0.115577
Vp	3.323416	0.281778
V(G)/Vp	0.625215	0.046562

Sampling variance/covariance of the estimates of variance components:
9.124925e-02	-1.260412e-02	
-1.260412e-02	1.335802e-02	

Summary result of REML analysis has been saved in the file [out.SUB500pheno..25.hsq].

Analysis finished at 15:24:28 CET on Tue Dec 20 2022
Overall computational time: 0.15 sec.
