*******************************************************************
* Genome-wide Complex Trait Analysis (GCTA)
* version v1.94.1 Linux
* Built at Nov 15 2022 21:14:25, by GCC 8.5
* (C) 2010-present, Yang Lab, Westlake University
* Please report bugs to Jian Yang <jian.yang@westlake.edu.cn>
*******************************************************************
Analysis started at 12:48:59 CET on Tue Dec 20 2022.
Hostname: CGF-C9X299-PG300F

Accepted options:
--grm ../meala.gcta
--pheno simu.pheno.3
--thread-num 5
--reml
--out OUT.simu.pheno.3

Note: the program will be running on 5 threads.

Reading IDs of the GRM from [../meala.gcta.grm.id].
3051 IDs are read from [../meala.gcta.grm.id].
Reading the GRM from [../meala.gcta.grm.bin].
GRM for 3051 individuals are included from [../meala.gcta.grm.bin].
Reading phenotypes from [simu.pheno.3].
Non-missing phenotypes of 3051 individuals are included from [simu.pheno.3].

3051 individuals are in common in these files.

Performing  REML analysis ... (Note: may take hours depending on sample size).
3051 observations, 1 fixed effect(s), and 2 variance component(s)(including residual variance).
Calculating prior values of variance components by EM-REML ...
Updated prior values: 2.33152 1.38754
logL: -2575.62
Running AI-REML algorithm ...
Iter.	logL	V(G)	V(e)	
1	-2290.38	2.01309	1.29616	
2	-2268.70	1.85401	1.24348	
3	-2260.30	1.76213	1.21112	
4	-2256.77	1.70513	1.19050	
5	-2255.22	1.66829	1.17706	
6	-2254.52	1.64387	1.16818	
7	-2254.20	1.59178	1.14945	
8	-2253.93	1.59116	1.15006	
9	-2253.93	1.59104	1.15008	
10	-2253.93	1.59102	1.15008	
Log-likelihood ratio converged.

Calculating the logLikelihood for the reduced model ...
(variance component 1 is dropped from the model)
Calculating prior values of variance components by EM-REML ...
Updated prior values: 5.00705
logL: -3985.55332
Running AI-REML algorithm ...
Iter.	logL	V(e)	
1	-3985.55	5.00705	
Log-likelihood ratio converged.

Summary result of REML analysis:
Source	Variance	SE
V(G)	1.591024	0.145749
V(e)	1.150078	0.036304
Vp	2.741101	0.137910
V(G)/Vp	0.580432	0.025915

Sampling variance/covariance of the estimates of variance components:
2.124283e-02	-1.770814e-03	
-1.770814e-03	1.317976e-03	

Summary result of REML analysis has been saved in the file [OUT.simu.pheno.3.hsq].

Analysis finished at 12:49:03 CET on Tue Dec 20 2022
Overall computational time: 3.31 sec.
