*******************************************************************
* Genome-wide Complex Trait Analysis (GCTA)
* version v1.94.1 Linux
* Built at Nov 15 2022 21:14:25, by GCC 8.5
* (C) 2010-present, Yang Lab, Westlake University
* Please report bugs to Jian Yang <jian.yang@westlake.edu.cn>
*******************************************************************
Analysis started at 15:21:30 CET on Tue Dec 20 2022.
Hostname: CGF-C9X299-PG300F

Accepted options:
--grm ../meala.gcta
--pheno SUBpheno.sim.49
--thread-num 5
--reml
--out out.SUBpheno.sim.49

Note: the program will be running on 5 threads.

Reading IDs of the GRM from [../meala.gcta.grm.id].
3051 IDs are read from [../meala.gcta.grm.id].
Reading the GRM from [../meala.gcta.grm.bin].
GRM for 3051 individuals are included from [../meala.gcta.grm.bin].
Reading phenotypes from [SUBpheno.sim.49].
Non-missing phenotypes of 1500 individuals are included from [SUBpheno.sim.49].

1500 individuals are in common in these files.

Performing  REML analysis ... (Note: may take hours depending on sample size).
1500 observations, 1 fixed effect(s), and 2 variance component(s)(including residual variance).
Calculating prior values of variance components by EM-REML ...
Updated prior values: 2.46085 1.50798
logL: -1384.93
Running AI-REML algorithm ...
Iter.	logL	V(G)	V(e)	
1	-1250.32	2.47049	1.32108	
2	-1234.99	2.47348	1.22481	
3	-1229.29	2.47606	1.16843	
4	-1226.94	2.47901	1.13322	
5	-1225.91	2.48216	1.11040	
6	-1225.44	2.48523	1.09526	
7	-1225.23	2.49413	1.06299	
8	-1225.05	2.49981	1.06280	
9	-1225.04	2.50027	1.06272	
10	-1225.04	2.50032	1.06271	
Log-likelihood ratio converged.

Calculating the logLikelihood for the reduced model ...
(variance component 1 is dropped from the model)
Calculating prior values of variance components by EM-REML ...
Updated prior values: 5.27102
logL: -1998.99388
Running AI-REML algorithm ...
Iter.	logL	V(e)	
1	-1998.99	5.27102	
Log-likelihood ratio converged.

Summary result of REML analysis:
Source	Variance	SE
V(G)	2.500315	0.249580
V(e)	1.062714	0.054347
Vp	3.563029	0.233805
V(G)/Vp	0.701739	0.026935

Sampling variance/covariance of the estimates of variance components:
6.229010e-02	-5.289581e-03	
-5.289581e-03	2.953611e-03	

Summary result of REML analysis has been saved in the file [out.SUBpheno.sim.49.hsq].

Analysis finished at 15:21:31 CET on Tue Dec 20 2022
Overall computational time: 0.75 sec.
