*******************************************************************
* Genome-wide Complex Trait Analysis (GCTA)
* version v1.94.1 Linux
* Built at Nov 15 2022 21:14:25, by GCC 8.5
* (C) 2010-present, Yang Lab, Westlake University
* Please report bugs to Jian Yang <jian.yang@westlake.edu.cn>
*******************************************************************
Analysis started at 15:24:26 CET on Tue Dec 20 2022.
Hostname: CGF-C9X299-PG300F

Accepted options:
--grm ../meala.gcta
--pheno SUB500pheno..15
--thread-num 3
--reml
--out out.SUB500pheno..15

Note: the program will be running on 3 threads.

Reading IDs of the GRM from [../meala.gcta.grm.id].
3051 IDs are read from [../meala.gcta.grm.id].
Reading the GRM from [../meala.gcta.grm.bin].
GRM for 3051 individuals are included from [../meala.gcta.grm.bin].
Reading phenotypes from [SUB500pheno..15].
Non-missing phenotypes of 500 individuals are included from [SUB500pheno..15].

500 individuals are in common in these files.

Performing  REML analysis ... (Note: may take hours depending on sample size).
500 observations, 1 fixed effect(s), and 2 variance component(s)(including residual variance).
Calculating prior values of variance components by EM-REML ...
Updated prior values: 2.24463 1.67799
logL: -501.924
Running AI-REML algorithm ...
Iter.	logL	V(G)	V(e)	
1	-466.72	1.80685	1.51323	
2	-458.19	1.62676	1.42538	
3	-455.33	1.53023	1.37359	
4	-454.19	1.47283	1.34132	
5	-453.71	1.43679	1.32056	
6	-453.49	1.36286	1.27745	
7	-453.32	1.36555	1.27910	
8	-453.32	1.36558	1.27909	
9	-453.32	1.36558	1.27909	
Log-likelihood ratio converged.

Calculating the logLikelihood for the reduced model ...
(variance component 1 is dropped from the model)
Calculating prior values of variance components by EM-REML ...
Updated prior values: 5.23182
logL: -665.46956
Running AI-REML algorithm ...
Iter.	logL	V(e)	
1	-665.47	5.23182	
Log-likelihood ratio converged.

Summary result of REML analysis:
Source	Variance	SE
V(G)	1.365583	0.219320
V(e)	1.279094	0.113566
Vp	2.644677	0.207128
V(G)/Vp	0.516352	0.052407

Sampling variance/covariance of the estimates of variance components:
4.810112e-02	-9.048161e-03	
-9.048161e-03	1.289733e-02	

Summary result of REML analysis has been saved in the file [out.SUB500pheno..15.hsq].

Analysis finished at 15:24:26 CET on Tue Dec 20 2022
Overall computational time: 0.15 sec.
