*******************************************************************
* Genome-wide Complex Trait Analysis (GCTA)
* version v1.94.1 Linux
* Built at Nov 15 2022 21:14:25, by GCC 8.5
* (C) 2010-present, Yang Lab, Westlake University
* Please report bugs to Jian Yang <jian.yang@westlake.edu.cn>
*******************************************************************
Analysis started at 15:24:30 CET on Tue Dec 20 2022.
Hostname: CGF-C9X299-PG300F

Accepted options:
--grm ../meala.gcta
--pheno SUB500pheno..39
--thread-num 3
--reml
--out out.SUB500pheno..39

Note: the program will be running on 3 threads.

Reading IDs of the GRM from [../meala.gcta.grm.id].
3051 IDs are read from [../meala.gcta.grm.id].
Reading the GRM from [../meala.gcta.grm.bin].
GRM for 3051 individuals are included from [../meala.gcta.grm.bin].
Reading phenotypes from [SUB500pheno..39].
Non-missing phenotypes of 500 individuals are included from [SUB500pheno..39].

500 individuals are in common in these files.

Performing  REML analysis ... (Note: may take hours depending on sample size).
500 observations, 1 fixed effect(s), and 2 variance component(s)(including residual variance).
Calculating prior values of variance components by EM-REML ...
Updated prior values: 2.24317 1.65846
logL: -508.867
Running AI-REML algorithm ...
Iter.	logL	V(G)	V(e)	
1	-482.23	2.24239	1.42737	
2	-476.88	2.23899	1.31077	
3	-474.91	2.23782	1.24290	
4	-474.09	2.23861	1.20051	
5	-473.74	2.24480	1.11321	
6	-473.43	2.25769	1.11395	
7	-473.43	2.25874	1.11365	
8	-473.43	2.25888	1.11361	
Log-likelihood ratio converged.

Calculating the logLikelihood for the reduced model ...
(variance component 1 is dropped from the model)
Calculating prior values of variance components by EM-REML ...
Updated prior values: 4.92639
logL: -650.46161
Running AI-REML algorithm ...
Iter.	logL	V(e)	
1	-650.46	4.92639	
Log-likelihood ratio converged.

Summary result of REML analysis:
Source	Variance	SE
V(G)	2.258882	0.325102
V(e)	1.113612	0.111717
Vp	3.372494	0.296197
V(G)/Vp	0.669796	0.045798

Sampling variance/covariance of the estimates of variance components:
1.056910e-01	-1.521949e-02	
-1.521949e-02	1.248077e-02	

Summary result of REML analysis has been saved in the file [out.SUB500pheno..39.hsq].

Analysis finished at 15:24:31 CET on Tue Dec 20 2022
Overall computational time: 0.17 sec.
