*******************************************************************
* Genome-wide Complex Trait Analysis (GCTA)
* version v1.94.1 Linux
* Built at Nov 15 2022 21:14:25, by GCC 8.5
* (C) 2010-present, Yang Lab, Westlake University
* Please report bugs to Jian Yang <jian.yang@westlake.edu.cn>
*******************************************************************
Analysis started at 15:21:21 CET on Tue Dec 20 2022.
Hostname: CGF-C9X299-PG300F

Accepted options:
--grm ../meala.gcta
--pheno SUBpheno.sim.36
--thread-num 5
--reml
--out out.SUBpheno.sim.36

Note: the program will be running on 5 threads.

Reading IDs of the GRM from [../meala.gcta.grm.id].
3051 IDs are read from [../meala.gcta.grm.id].
Reading the GRM from [../meala.gcta.grm.bin].
GRM for 3051 individuals are included from [../meala.gcta.grm.bin].
Reading phenotypes from [SUBpheno.sim.36].
Non-missing phenotypes of 1500 individuals are included from [SUBpheno.sim.36].

1500 individuals are in common in these files.

Performing  REML analysis ... (Note: may take hours depending on sample size).
1500 observations, 1 fixed effect(s), and 2 variance component(s)(including residual variance).
Calculating prior values of variance components by EM-REML ...
Updated prior values: 2.37473 1.53597
logL: -1390.61
Running AI-REML algorithm ...
Iter.	logL	V(G)	V(e)	
1	-1285.54	2.39334	1.38298	
2	-1275.19	2.40250	1.29960	
3	-1271.16	2.40841	1.24952	
4	-1269.46	2.41288	1.21785	
5	-1268.72	2.41647	1.19720	
6	-1268.38	2.42576	1.15376	
7	-1268.09	2.43008	1.15426	
8	-1268.09	2.43025	1.15423	
9	-1268.09	2.43027	1.15423	
Log-likelihood ratio converged.

Calculating the logLikelihood for the reduced model ...
(variance component 1 is dropped from the model)
Calculating prior values of variance components by EM-REML ...
Updated prior values: 5.02079
logL: -1962.53999
Running AI-REML algorithm ...
Iter.	logL	V(e)	
1	-1962.54	5.02079	
Log-likelihood ratio converged.

Summary result of REML analysis:
Source	Variance	SE
V(G)	2.430265	0.243294
V(e)	1.154231	0.057505
Vp	3.584496	0.228620
V(G)/Vp	0.677994	0.027746

Sampling variance/covariance of the estimates of variance components:
5.919212e-02	-5.115895e-03	
-5.115895e-03	3.306851e-03	

Summary result of REML analysis has been saved in the file [out.SUBpheno.sim.36.hsq].

Analysis finished at 15:21:22 CET on Tue Dec 20 2022
Overall computational time: 0.64 sec.
