*******************************************************************
* Genome-wide Complex Trait Analysis (GCTA)
* version v1.94.1 Linux
* Built at Nov 15 2022 21:14:25, by GCC 8.5
* (C) 2010-present, Yang Lab, Westlake University
* Please report bugs to Jian Yang <jian.yang@westlake.edu.cn>
*******************************************************************
Analysis started at 15:24:26 CET on Tue Dec 20 2022.
Hostname: CGF-C9X299-PG300F

Accepted options:
--grm ../meala.gcta
--pheno SUB500pheno..14
--thread-num 3
--reml
--out out.SUB500pheno..14

Note: the program will be running on 3 threads.

Reading IDs of the GRM from [../meala.gcta.grm.id].
3051 IDs are read from [../meala.gcta.grm.id].
Reading the GRM from [../meala.gcta.grm.bin].
GRM for 3051 individuals are included from [../meala.gcta.grm.bin].
Reading phenotypes from [SUB500pheno..14].
Non-missing phenotypes of 500 individuals are included from [SUB500pheno..14].

500 individuals are in common in these files.

Performing  REML analysis ... (Note: may take hours depending on sample size).
500 observations, 1 fixed effect(s), and 2 variance component(s)(including residual variance).
Calculating prior values of variance components by EM-REML ...
Updated prior values: 2.43777 1.80655
logL: -530.716
Running AI-REML algorithm ...
Iter.	logL	V(G)	V(e)	
1	-505.34	2.40876	1.58196	
2	-500.70	2.38457	1.46748	
3	-498.98	2.36780	1.40092	
4	-498.27	2.35674	1.35959	
5	-497.97	2.33416	1.27530	
6	-497.71	2.33833	1.27834	
7	-497.71	2.33829	1.27836	
8	-497.71	2.33828	1.27836	
Log-likelihood ratio converged.

Calculating the logLikelihood for the reduced model ...
(variance component 1 is dropped from the model)
Calculating prior values of variance components by EM-REML ...
Updated prior values: 5.32563
logL: -669.90382
Running AI-REML algorithm ...
Iter.	logL	V(e)	
1	-669.90	5.32563	
Log-likelihood ratio converged.

Summary result of REML analysis:
Source	Variance	SE
V(G)	2.338283	0.334458
V(e)	1.278365	0.122181
Vp	3.616648	0.309593
V(G)/Vp	0.646533	0.045674

Sampling variance/covariance of the estimates of variance components:
1.118620e-01	-1.547111e-02	
-1.547111e-02	1.492816e-02	

Summary result of REML analysis has been saved in the file [out.SUB500pheno..14.hsq].

Analysis finished at 15:24:26 CET on Tue Dec 20 2022
Overall computational time: 0.17 sec.
