*******************************************************************
* Genome-wide Complex Trait Analysis (GCTA)
* version v1.94.1 Linux
* Built at Nov 15 2022 21:14:25, by GCC 8.5
* (C) 2010-present, Yang Lab, Westlake University
* Please report bugs to Jian Yang <jian.yang@westlake.edu.cn>
*******************************************************************
Analysis started at 15:24:33 CET on Tue Dec 20 2022.
Hostname: CGF-C9X299-PG300F

Accepted options:
--grm ../meala.gcta
--pheno SUB500pheno..6
--thread-num 3
--reml
--out out.SUB500pheno..6

Note: the program will be running on 3 threads.

Reading IDs of the GRM from [../meala.gcta.grm.id].
3051 IDs are read from [../meala.gcta.grm.id].
Reading the GRM from [../meala.gcta.grm.bin].
GRM for 3051 individuals are included from [../meala.gcta.grm.bin].
Reading phenotypes from [SUB500pheno..6].
Non-missing phenotypes of 500 individuals are included from [SUB500pheno..6].

500 individuals are in common in these files.

Performing  REML analysis ... (Note: may take hours depending on sample size).
500 observations, 1 fixed effect(s), and 2 variance component(s)(including residual variance).
Calculating prior values of variance components by EM-REML ...
Updated prior values: 2.41377 1.70044
logL: -512.565
Running AI-REML algorithm ...
Iter.	logL	V(G)	V(e)	
1	-477.96	2.29426	1.46199	
2	-471.38	2.21792	1.34854	
3	-469.06	2.16910	1.28456	
4	-468.12	2.13733	1.24555	
5	-467.72	2.07098	1.16704	
6	-467.39	2.07352	1.17131	
7	-467.39	2.07345	1.17135	
8	-467.39	2.07345	1.17135	
Log-likelihood ratio converged.

Calculating the logLikelihood for the reduced model ...
(variance component 1 is dropped from the model)
Calculating prior values of variance components by EM-REML ...
Updated prior values: 5.37324
logL: -672.12454
Running AI-REML algorithm ...
Iter.	logL	V(e)	
1	-672.12	5.37324	
Log-likelihood ratio converged.

Summary result of REML analysis:
Source	Variance	SE
V(G)	2.073451	0.296412
V(e)	1.171346	0.109133
Vp	3.244797	0.276914
V(G)/Vp	0.639008	0.045334

Sampling variance/covariance of the estimates of variance components:
8.785995e-02	-1.154434e-02	
-1.154434e-02	1.190997e-02	

Summary result of REML analysis has been saved in the file [out.SUB500pheno..6.hsq].

Analysis finished at 15:24:33 CET on Tue Dec 20 2022
Overall computational time: 0.16 sec.
