*******************************************************************
* Genome-wide Complex Trait Analysis (GCTA)
* version v1.94.1 Linux
* Built at Nov 15 2022 21:14:25, by GCC 8.5
* (C) 2010-present, Yang Lab, Westlake University
* Please report bugs to Jian Yang <jian.yang@westlake.edu.cn>
*******************************************************************
Analysis started at 12:48:03 CET on Tue Dec 20 2022.
Hostname: CGF-C9X299-PG300F

Accepted options:
--grm ../meala.gcta
--pheno simu.pheno.14
--thread-num 5
--reml
--out OUT.simu.pheno.14

Note: the program will be running on 5 threads.

Reading IDs of the GRM from [../meala.gcta.grm.id].
3051 IDs are read from [../meala.gcta.grm.id].
Reading the GRM from [../meala.gcta.grm.bin].
GRM for 3051 individuals are included from [../meala.gcta.grm.bin].
Reading phenotypes from [simu.pheno.14].
Non-missing phenotypes of 3051 individuals are included from [simu.pheno.14].

3051 individuals are in common in these files.

Performing  REML analysis ... (Note: may take hours depending on sample size).
3051 observations, 1 fixed effect(s), and 2 variance component(s)(including residual variance).
Calculating prior values of variance components by EM-REML ...
Updated prior values: 2.35341 1.27268
logL: -2517.66
Running AI-REML algorithm ...
Iter.	logL	V(G)	V(e)	
1	-2149.10	2.23201	1.14359	
2	-2121.46	2.15949	1.07543	
3	-2110.98	2.11426	1.03519	
4	-2106.62	2.08528	1.01004	
5	-2104.73	2.06639	0.99380	
6	-2103.88	2.05395	0.98309	
7	-2103.50	2.02784	0.96044	
8	-2103.17	2.02913	0.96082	
9	-2103.17	2.02916	0.96082	
10	-2103.17	2.02916	0.96082	
Log-likelihood ratio converged.

Calculating the logLikelihood for the reduced model ...
(variance component 1 is dropped from the model)
Calculating prior values of variance components by EM-REML ...
Updated prior values: 5.01665
logL: -3988.47444
Running AI-REML algorithm ...
Iter.	logL	V(e)	
1	-3988.47	5.01665	
Log-likelihood ratio converged.

Summary result of REML analysis:
Source	Variance	SE
V(G)	2.029157	0.166484
V(e)	0.960816	0.031669
Vp	2.989974	0.158016
V(G)/Vp	0.678654	0.021525

Sampling variance/covariance of the estimates of variance components:
2.771677e-02	-1.875268e-03	
-1.875268e-03	1.002929e-03	

Summary result of REML analysis has been saved in the file [OUT.simu.pheno.14.hsq].

Analysis finished at 12:48:07 CET on Tue Dec 20 2022
Overall computational time: 3.42 sec.
