*******************************************************************
* Genome-wide Complex Trait Analysis (GCTA)
* version v1.94.1 Linux
* Built at Nov 15 2022 21:14:25, by GCC 8.5
* (C) 2010-present, Yang Lab, Westlake University
* Please report bugs to Jian Yang <jian.yang@westlake.edu.cn>
*******************************************************************
Analysis started at 15:24:31 CET on Tue Dec 20 2022.
Hostname: CGF-C9X299-PG300F

Accepted options:
--grm ../meala.gcta
--pheno SUB500pheno..4
--thread-num 3
--reml
--out out.SUB500pheno..4

Note: the program will be running on 3 threads.

Reading IDs of the GRM from [../meala.gcta.grm.id].
3051 IDs are read from [../meala.gcta.grm.id].
Reading the GRM from [../meala.gcta.grm.bin].
GRM for 3051 individuals are included from [../meala.gcta.grm.bin].
Reading phenotypes from [SUB500pheno..4].
Non-missing phenotypes of 500 individuals are included from [SUB500pheno..4].

500 individuals are in common in these files.

Performing  REML analysis ... (Note: may take hours depending on sample size).
500 observations, 1 fixed effect(s), and 2 variance component(s)(including residual variance).
Calculating prior values of variance components by EM-REML ...
Updated prior values: 2.28544 1.66429
logL: -497.564
Running AI-REML algorithm ...
Iter.	logL	V(G)	V(e)	
1	-457.63	1.72737	1.50254	
2	-447.13	1.53285	1.41249	
3	-443.89	1.43334	1.35902	
4	-442.62	1.37560	1.32558	
5	-442.09	1.33994	1.30399	
6	-441.85	1.26767	1.25898	
7	-441.66	1.27167	1.26029	
8	-441.66	1.27164	1.26031	
9	-441.66	1.27164	1.26031	
Log-likelihood ratio converged.

Calculating the logLikelihood for the reduced model ...
(variance component 1 is dropped from the model)
Calculating prior values of variance components by EM-REML ...
Updated prior values: 5.36677
logL: -671.82397
Running AI-REML algorithm ...
Iter.	logL	V(e)	
1	-671.82	5.36677	
Log-likelihood ratio converged.

Summary result of REML analysis:
Source	Variance	SE
V(G)	1.271643	0.205856
V(e)	1.260306	0.108797
Vp	2.531950	0.197571
V(G)/Vp	0.502239	0.051918

Sampling variance/covariance of the estimates of variance components:
4.237689e-02	-7.589616e-03	
-7.589616e-03	1.183672e-02	

Summary result of REML analysis has been saved in the file [out.SUB500pheno..4.hsq].

Analysis finished at 15:24:31 CET on Tue Dec 20 2022
Overall computational time: 0.19 sec.
