*******************************************************************
* Genome-wide Complex Trait Analysis (GCTA)
* version v1.94.1 Linux
* Built at Nov 15 2022 21:14:25, by GCC 8.5
* (C) 2010-present, Yang Lab, Westlake University
* Please report bugs to Jian Yang <jian.yang@westlake.edu.cn>
*******************************************************************
Analysis started at 12:48:27 CET on Tue Dec 20 2022.
Hostname: CGF-C9X299-PG300F

Accepted options:
--grm ../meala.gcta
--pheno simu.pheno.20
--thread-num 5
--reml
--out OUT.simu.pheno.20

Note: the program will be running on 5 threads.

Reading IDs of the GRM from [../meala.gcta.grm.id].
3051 IDs are read from [../meala.gcta.grm.id].
Reading the GRM from [../meala.gcta.grm.bin].
GRM for 3051 individuals are included from [../meala.gcta.grm.bin].
Reading phenotypes from [simu.pheno.20].
Non-missing phenotypes of 3051 individuals are included from [simu.pheno.20].

3051 individuals are in common in these files.

Performing  REML analysis ... (Note: may take hours depending on sample size).
3051 observations, 1 fixed effect(s), and 2 variance component(s)(including residual variance).
Calculating prior values of variance components by EM-REML ...
Updated prior values:  2.2719 1.21406
logL: -2438.01
Running AI-REML algorithm ...
Iter.	logL	V(G)	V(e)	
1	-2031.02	1.62443	1.12612	
2	-1985.02	1.41146	1.07247	
3	-1970.47	1.30441	1.03952	
4	-1964.71	1.24270	1.01857	
5	-1962.25	1.20462	1.00494	
6	-1961.17	1.18017	0.99592	
7	-1960.68	1.16410	0.98990	
8	-1960.46	1.13015	0.97708	
9	-1960.27	1.13053	0.97732	
10	-1960.27	1.13053	0.97731	
Log-likelihood ratio converged.

Calculating the logLikelihood for the reduced model ...
(variance component 1 is dropped from the model)
Calculating prior values of variance components by EM-REML ...
Updated prior values: 4.97064
logL: -3974.42456
Running AI-REML algorithm ...
Iter.	logL	V(e)	
1	-3974.42	4.97064	
Log-likelihood ratio converged.

Summary result of REML analysis:
Source	Variance	SE
V(G)	1.130533	0.104666
V(e)	0.977315	0.029993
Vp	2.107848	0.099891
V(G)/Vp	0.536345	0.026331

Sampling variance/covariance of the estimates of variance components:
1.095496e-02	-9.381353e-04	
-9.381353e-04	8.995718e-04	

Summary result of REML analysis has been saved in the file [OUT.simu.pheno.20.hsq].

Analysis finished at 12:48:30 CET on Tue Dec 20 2022
Overall computational time: 3.27 sec.
