*******************************************************************
* Genome-wide Complex Trait Analysis (GCTA)
* version v1.94.1 Linux
* Built at Nov 15 2022 21:14:25, by GCC 8.5
* (C) 2010-present, Yang Lab, Westlake University
* Please report bugs to Jian Yang <jian.yang@westlake.edu.cn>
*******************************************************************
Analysis started at 15:21:20 CET on Tue Dec 20 2022.
Hostname: CGF-C9X299-PG300F

Accepted options:
--grm ../meala.gcta
--pheno SUBpheno.sim.35
--thread-num 5
--reml
--out out.SUBpheno.sim.35

Note: the program will be running on 5 threads.

Reading IDs of the GRM from [../meala.gcta.grm.id].
3051 IDs are read from [../meala.gcta.grm.id].
Reading the GRM from [../meala.gcta.grm.bin].
GRM for 3051 individuals are included from [../meala.gcta.grm.bin].
Reading phenotypes from [SUBpheno.sim.35].
Non-missing phenotypes of 1500 individuals are included from [SUBpheno.sim.35].

1500 individuals are in common in these files.

Performing  REML analysis ... (Note: may take hours depending on sample size).
1500 observations, 1 fixed effect(s), and 2 variance component(s)(including residual variance).
Calculating prior values of variance components by EM-REML ...
Updated prior values: 2.20985 1.62721
logL: -1408.05
Running AI-REML algorithm ...
Iter.	logL	V(G)	V(e)	
1	-1353.43	2.23595	1.52493	
2	-1349.03	2.25432	1.46349	
3	-1347.17	2.26805	1.42455	
4	-1346.35	2.27855	1.39908	
5	-1345.97	2.30421	1.34528	
6	-1345.65	2.31204	1.34536	
7	-1345.65	2.31264	1.34525	
8	-1345.65	2.31270	1.34524	
Log-likelihood ratio converged.

Calculating the logLikelihood for the reduced model ...
(variance component 1 is dropped from the model)
Calculating prior values of variance components by EM-REML ...
Updated prior values: 4.60911
logL: -1898.41895
Running AI-REML algorithm ...
Iter.	logL	V(e)	
1	-1898.42	4.60911	
Log-likelihood ratio converged.

Summary result of REML analysis:
Source	Variance	SE
V(G)	2.312697	0.244133
V(e)	1.345242	0.065757
Vp	3.657939	0.228492
V(G)/Vp	0.632240	0.030581

Sampling variance/covariance of the estimates of variance components:
5.960085e-02	-5.858024e-03	
-5.858024e-03	4.323980e-03	

Summary result of REML analysis has been saved in the file [out.SUBpheno.sim.35.hsq].

Analysis finished at 15:21:21 CET on Tue Dec 20 2022
Overall computational time: 0.60 sec.
