*******************************************************************
* Genome-wide Complex Trait Analysis (GCTA)
* version v1.94.1 Linux
* Built at Nov 15 2022 21:14:25, by GCC 8.5
* (C) 2010-present, Yang Lab, Westlake University
* Please report bugs to Jian Yang <jian.yang@westlake.edu.cn>
*******************************************************************
Analysis started at 12:50:08 CET on Tue Dec 20 2022.
Hostname: CGF-C9X299-PG300F

Accepted options:
--grm ../meala.gcta
--pheno simu.pheno.49
--thread-num 5
--reml
--out OUT.simu.pheno.49

Note: the program will be running on 5 threads.

Reading IDs of the GRM from [../meala.gcta.grm.id].
3051 IDs are read from [../meala.gcta.grm.id].
Reading the GRM from [../meala.gcta.grm.bin].
GRM for 3051 individuals are included from [../meala.gcta.grm.bin].
Reading phenotypes from [simu.pheno.49].
Non-missing phenotypes of 3051 individuals are included from [simu.pheno.49].

3051 individuals are in common in these files.

Performing  REML analysis ... (Note: may take hours depending on sample size).
3051 observations, 1 fixed effect(s), and 2 variance component(s)(including residual variance).
Calculating prior values of variance components by EM-REML ...
Updated prior values: 2.35591 1.32774
logL: -2559.74
Running AI-REML algorithm ...
Iter.	logL	V(G)	V(e)	
1	-2242.05	2.33078	1.20109	
2	-2220.04	2.31070	1.13247	
3	-2211.52	2.29653	1.09149	
4	-2207.95	2.28691	1.06570	
5	-2206.38	2.28050	1.04898	
6	-2205.68	2.27627	1.03793	
7	-2205.36	2.26748	1.01453	
8	-2205.09	2.26847	1.01489	
9	-2205.09	2.26847	1.01489	
10	-2205.09	2.26847	1.01489	
Log-likelihood ratio converged.

Calculating the logLikelihood for the reduced model ...
(variance component 1 is dropped from the model)
Calculating prior values of variance components by EM-REML ...
Updated prior values: 4.96800
logL: -3973.61267
Running AI-REML algorithm ...
Iter.	logL	V(e)	
1	-3973.61	4.96800	
Log-likelihood ratio converged.

Summary result of REML analysis:
Source	Variance	SE
V(G)	2.268473	0.181724
V(e)	1.014889	0.033530
Vp	3.283362	0.172833
V(G)/Vp	0.690899	0.020668

Sampling variance/covariance of the estimates of variance components:
3.302365e-02	-2.138258e-03	
-2.138258e-03	1.124237e-03	

Summary result of REML analysis has been saved in the file [OUT.simu.pheno.49.hsq].

Analysis finished at 12:50:11 CET on Tue Dec 20 2022
Overall computational time: 3.20 sec.
