*******************************************************************
* Genome-wide Complex Trait Analysis (GCTA)
* version v1.94.1 Linux
* Built at Nov 15 2022 21:14:25, by GCC 8.5
* (C) 2010-present, Yang Lab, Westlake University
* Please report bugs to Jian Yang <jian.yang@westlake.edu.cn>
*******************************************************************
Analysis started at 12:47:53 CET on Tue Dec 20 2022.
Hostname: CGF-C9X299-PG300F

Accepted options:
--grm ../meala.gcta
--pheno simu.pheno.11
--thread-num 5
--reml
--out OUT.simu.pheno.11

Note: the program will be running on 5 threads.

Reading IDs of the GRM from [../meala.gcta.grm.id].
3051 IDs are read from [../meala.gcta.grm.id].
Reading the GRM from [../meala.gcta.grm.bin].
GRM for 3051 individuals are included from [../meala.gcta.grm.bin].
Reading phenotypes from [simu.pheno.11].
Non-missing phenotypes of 3051 individuals are included from [simu.pheno.11].

3051 individuals are in common in these files.

Performing  REML analysis ... (Note: may take hours depending on sample size).
3051 observations, 1 fixed effect(s), and 2 variance component(s)(including residual variance).
Calculating prior values of variance components by EM-REML ...
Updated prior values: 2.39438 1.37088
logL: -2605.7
Running AI-REML algorithm ...
Iter.	logL	V(G)	V(e)	
1	-2312.57	2.47728	1.23597	
2	-2291.44	2.53104	1.16146	
3	-2283.15	2.56797	1.11637	
4	-2279.63	2.59412	1.08771	
5	-2278.07	2.61296	1.06895	
6	-2277.37	2.62665	1.05644	
7	-2277.04	2.65826	1.02973	
8	-2276.76	2.66324	1.02967	
9	-2276.76	2.66352	1.02963	
10	-2276.76	2.66354	1.02963	
Log-likelihood ratio converged.

Calculating the logLikelihood for the reduced model ...
(variance component 1 is dropped from the model)
Calculating prior values of variance components by EM-REML ...
Updated prior values: 4.99454
logL: -3981.73875
Running AI-REML algorithm ...
Iter.	logL	V(e)	
1	-3981.74	4.99454	
Log-likelihood ratio converged.

Summary result of REML analysis:
Source	Variance	SE
V(G)	2.663542	0.210083
V(e)	1.029631	0.034974
Vp	3.693173	0.199557
V(G)/Vp	0.721207	0.019487

Sampling variance/covariance of the estimates of variance components:
4.413485e-02	-2.767448e-03	
-2.767448e-03	1.223162e-03	

Summary result of REML analysis has been saved in the file [OUT.simu.pheno.11.hsq].

Analysis finished at 12:47:57 CET on Tue Dec 20 2022
Overall computational time: 3.25 sec.
