*******************************************************************
* Genome-wide Complex Trait Analysis (GCTA)
* version v1.94.1 Linux
* Built at Nov 15 2022 21:14:25, by GCC 8.5
* (C) 2010-present, Yang Lab, Westlake University
* Please report bugs to Jian Yang <jian.yang@westlake.edu.cn>
*******************************************************************
Analysis started at 15:21:02 CET on Tue Dec 20 2022.
Hostname: CGF-C9X299-PG300F

Accepted options:
--grm ../meala.gcta
--pheno SUBpheno.sim.1
--thread-num 5
--reml
--out out.SUBpheno.sim.1

Note: the program will be running on 5 threads.

Reading IDs of the GRM from [../meala.gcta.grm.id].
3051 IDs are read from [../meala.gcta.grm.id].
Reading the GRM from [../meala.gcta.grm.bin].
GRM for 3051 individuals are included from [../meala.gcta.grm.bin].
Reading phenotypes from [SUBpheno.sim.1].
Non-missing phenotypes of 1500 individuals are included from [SUBpheno.sim.1].

1500 individuals are in common in these files.

Performing  REML analysis ... (Note: may take hours depending on sample size).
1500 observations, 1 fixed effect(s), and 2 variance component(s)(including residual variance).
Calculating prior values of variance components by EM-REML ...
Updated prior values: 2.19906 1.48222
logL: -1339.61
Running AI-REML algorithm ...
Iter.	logL	V(G)	V(e)	
1	-1243.44	2.03915	1.37408	
2	-1234.59	1.94852	1.31282	
3	-1231.06	1.89314	1.27539	
4	-1229.56	1.85787	1.25156	
5	-1228.90	1.83485	1.23600	
6	-1228.60	1.78652	1.20334	
7	-1228.35	1.78777	1.20418	
8	-1228.35	1.78777	1.20418	
9	-1228.35	1.78777	1.20418	
Log-likelihood ratio converged.

Calculating the logLikelihood for the reduced model ...
(variance component 1 is dropped from the model)
Calculating prior values of variance components by EM-REML ...
Updated prior values: 4.73166
logL: -1918.08603
Running AI-REML algorithm ...
Iter.	logL	V(e)	
1	-1918.09	4.73166	
Log-likelihood ratio converged.

Summary result of REML analysis:
Source	Variance	SE
V(G)	1.787768	0.196880
V(e)	1.204178	0.057310
Vp	2.991946	0.184779
V(G)/Vp	0.597527	0.032322

Sampling variance/covariance of the estimates of variance components:
3.876158e-02	-3.951379e-03	
-3.951379e-03	3.284431e-03	

Summary result of REML analysis has been saved in the file [out.SUBpheno.sim.1.hsq].

Analysis finished at 15:21:02 CET on Tue Dec 20 2022
Overall computational time: 0.72 sec.
