*******************************************************************
* Genome-wide Complex Trait Analysis (GCTA)
* version v1.94.1 Linux
* Built at Nov 15 2022 21:14:25, by GCC 8.5
* (C) 2010-present, Yang Lab, Westlake University
* Please report bugs to Jian Yang <jian.yang@westlake.edu.cn>
*******************************************************************
Analysis started at 15:21:16 CET on Tue Dec 20 2022.
Hostname: CGF-C9X299-PG300F

Accepted options:
--grm ../meala.gcta
--pheno SUBpheno.sim.3
--thread-num 5
--reml
--out out.SUBpheno.sim.3

Note: the program will be running on 5 threads.

Reading IDs of the GRM from [../meala.gcta.grm.id].
3051 IDs are read from [../meala.gcta.grm.id].
Reading the GRM from [../meala.gcta.grm.bin].
GRM for 3051 individuals are included from [../meala.gcta.grm.bin].
Reading phenotypes from [SUBpheno.sim.3].
Non-missing phenotypes of 1500 individuals are included from [SUBpheno.sim.3].

1500 individuals are in common in these files.

Performing  REML analysis ... (Note: may take hours depending on sample size).
1500 observations, 1 fixed effect(s), and 2 variance component(s)(including residual variance).
Calculating prior values of variance components by EM-REML ...
Updated prior values: 2.34962 1.41135
logL: -1337.71
Running AI-REML algorithm ...
Iter.	logL	V(G)	V(e)	
1	-1177.99	1.97332	1.26700	
2	-1157.12	1.80522	1.19128	
3	-1149.73	1.71255	1.14681	
4	-1146.75	1.65671	1.11912	
5	-1145.47	1.62143	1.10129	
6	-1144.90	1.59849	1.08957	
7	-1144.65	1.55046	1.06488	
8	-1144.43	1.55169	1.06546	
9	-1144.43	1.55170	1.06546	
10	-1144.43	1.55170	1.06546	
Log-likelihood ratio converged.

Calculating the logLikelihood for the reduced model ...
(variance component 1 is dropped from the model)
Calculating prior values of variance components by EM-REML ...
Updated prior values: 5.19687
logL: -1988.37496
Running AI-REML algorithm ...
Iter.	logL	V(e)	
1	-1988.37	5.19687	
Log-likelihood ratio converged.

Summary result of REML analysis:
Source	Variance	SE
V(G)	1.551695	0.162950
V(e)	1.065456	0.050159
Vp	2.617151	0.154310
V(G)/Vp	0.592895	0.030933

Sampling variance/covariance of the estimates of variance components:
2.655277e-02	-2.628644e-03	
-2.628644e-03	2.515966e-03	

Summary result of REML analysis has been saved in the file [out.SUBpheno.sim.3.hsq].

Analysis finished at 15:21:17 CET on Tue Dec 20 2022
Overall computational time: 0.68 sec.
