*******************************************************************
* Genome-wide Complex Trait Analysis (GCTA)
* version v1.94.1 Linux
* Built at Nov 15 2022 21:14:25, by GCC 8.5
* (C) 2010-present, Yang Lab, Westlake University
* Please report bugs to Jian Yang <jian.yang@westlake.edu.cn>
*******************************************************************
Analysis started at 15:21:04 CET on Tue Dec 20 2022.
Hostname: CGF-C9X299-PG300F

Accepted options:
--grm ../meala.gcta
--pheno SUBpheno.sim.13
--thread-num 5
--reml
--out out.SUBpheno.sim.13

Note: the program will be running on 5 threads.

Reading IDs of the GRM from [../meala.gcta.grm.id].
3051 IDs are read from [../meala.gcta.grm.id].
Reading the GRM from [../meala.gcta.grm.bin].
GRM for 3051 individuals are included from [../meala.gcta.grm.bin].
Reading phenotypes from [SUBpheno.sim.13].
Non-missing phenotypes of 1500 individuals are included from [SUBpheno.sim.13].

1500 individuals are in common in these files.

Performing  REML analysis ... (Note: may take hours depending on sample size).
1500 observations, 1 fixed effect(s), and 2 variance component(s)(including residual variance).
Calculating prior values of variance components by EM-REML ...
Updated prior values: 2.36569 1.45837
logL: -1362.85
Running AI-REML algorithm ...
Iter.	logL	V(G)	V(e)	
1	-1233.03	2.34222	1.29174	
2	-1219.22	2.32131	1.20550	
3	-1214.06	2.30615	1.15508	
4	-1211.93	2.29575	1.12374	
5	-1211.01	2.28878	1.10356	
6	-1210.60	2.27414	1.06153	
7	-1210.25	2.27557	1.06269	
8	-1210.25	2.27555	1.06270	
9	-1210.25	2.27555	1.06270	
Log-likelihood ratio converged.

Calculating the logLikelihood for the reduced model ...
(variance component 1 is dropped from the model)
Calculating prior values of variance components by EM-REML ...
Updated prior values: 5.05106
logL: -1967.04530
Running AI-REML algorithm ...
Iter.	logL	V(e)	
1	-1967.05	5.05106	
Log-likelihood ratio converged.

Summary result of REML analysis:
Source	Variance	SE
V(G)	2.275549	0.223876
V(e)	1.062695	0.052760
Vp	3.338245	0.210953
V(G)/Vp	0.681660	0.027120

Sampling variance/covariance of the estimates of variance components:
5.012064e-02	-4.201441e-03	
-4.201441e-03	2.783577e-03	

Summary result of REML analysis has been saved in the file [out.SUBpheno.sim.13.hsq].

Analysis finished at 15:21:05 CET on Tue Dec 20 2022
Overall computational time: 0.63 sec.
