*******************************************************************
* Genome-wide Complex Trait Analysis (GCTA)
* version v1.94.1 Linux
* Built at Nov 15 2022 21:14:25, by GCC 8.5
* (C) 2010-present, Yang Lab, Westlake University
* Please report bugs to Jian Yang <jian.yang@westlake.edu.cn>
*******************************************************************
Analysis started at 15:24:29 CET on Tue Dec 20 2022.
Hostname: CGF-C9X299-PG300F

Accepted options:
--grm ../meala.gcta
--pheno SUB500pheno..31
--thread-num 3
--reml
--out out.SUB500pheno..31

Note: the program will be running on 3 threads.

Reading IDs of the GRM from [../meala.gcta.grm.id].
3051 IDs are read from [../meala.gcta.grm.id].
Reading the GRM from [../meala.gcta.grm.bin].
GRM for 3051 individuals are included from [../meala.gcta.grm.bin].
Reading phenotypes from [SUB500pheno..31].
Non-missing phenotypes of 500 individuals are included from [SUB500pheno..31].

500 individuals are in common in these files.

Performing  REML analysis ... (Note: may take hours depending on sample size).
500 observations, 1 fixed effect(s), and 2 variance component(s)(including residual variance).
Calculating prior values of variance components by EM-REML ...
Updated prior values:  2.2951 1.81444
logL: -535.068
Running AI-REML algorithm ...
Iter.	logL	V(G)	V(e)	
1	-518.92	2.31187	1.63239	
2	-516.04	2.32005	1.53192	
3	-514.91	2.32548	1.47111	
4	-514.42	2.32973	1.43240	
5	-514.21	2.34091	1.35203	
6	-514.02	2.34740	1.35316	
7	-514.02	2.34766	1.35307	
8	-514.02	2.34769	1.35307	
Log-likelihood ratio converged.

Calculating the logLikelihood for the reduced model ...
(variance component 1 is dropped from the model)
Calculating prior values of variance components by EM-REML ...
Updated prior values: 4.92400
logL: -650.34044
Running AI-REML algorithm ...
Iter.	logL	V(e)	
1	-650.34	4.92400	
Log-likelihood ratio converged.

Summary result of REML analysis:
Source	Variance	SE
V(G)	2.347687	0.336416
V(e)	1.353067	0.131760
Vp	3.700753	0.309145
V(G)/Vp	0.634381	0.046978

Sampling variance/covariance of the estimates of variance components:
1.131756e-01	-1.748282e-02	
-1.748282e-02	1.736059e-02	

Summary result of REML analysis has been saved in the file [out.SUB500pheno..31.hsq].

Analysis finished at 15:24:29 CET on Tue Dec 20 2022
Overall computational time: 0.17 sec.
